Requirement already satisfied: pip in ./.venv/lib/python3.11/site-packages (26.1.1)
Collecting requests>=2.31.0 (from -r requirements.txt (line 2))
  Using cached requests-2.33.1-py3-none-any.whl.metadata (4.8 kB)
Collecting beautifulsoup4>=4.12.0 (from -r requirements.txt (line 3))
  Using cached beautifulsoup4-4.14.3-py3-none-any.whl.metadata (3.8 kB)
Collecting PyMuPDF>=1.24.0 (from -r requirements.txt (line 4))
  Using cached pymupdf-1.27.2.3-cp310-abi3-manylinux_2_28_x86_64.whl.metadata (24 kB)
Collecting docling>=2.0.0 (from -r requirements.txt (line 5))
  Using cached docling-2.92.0-py3-none-any.whl.metadata (11 kB)
Collecting python-docx>=1.1.0 (from -r requirements.txt (line 6))
  Using cached python_docx-1.2.0-py3-none-any.whl.metadata (2.0 kB)
Collecting langdetect>=1.0.9 (from -r requirements.txt (line 7))
  Using cached langdetect-1.0.9.tar.gz (981 kB)
  Installing build dependencies: started
  Installing build dependencies: finished with status 'done'
  Getting requirements to build wheel: started
  Getting requirements to build wheel: finished with status 'done'
  Preparing metadata (pyproject.toml): started
  Preparing metadata (pyproject.toml): finished with status 'done'
Collecting tqdm>=4.66.0 (from -r requirements.txt (line 8))
  Using cached tqdm-4.67.3-py3-none-any.whl.metadata (57 kB)
Collecting numpy>=1.26.0 (from -r requirements.txt (line 11))
  Using cached numpy-2.4.4-cp311-cp311-manylinux_2_27_x86_64.manylinux_2_28_x86_64.whl.metadata (6.6 kB)
Collecting torch (from -r requirements.txt (line 12))
  Downloading torch-2.11.0-cp311-cp311-manylinux_2_28_x86_64.whl.metadata (29 kB)
Collecting sentence-transformers>=2.7.0 (from -r requirements.txt (line 13))
  Using cached sentence_transformers-5.4.1-py3-none-any.whl.metadata (17 kB)
Collecting faiss-cpu>=1.8.0 (from -r requirements.txt (line 14))
  Using cached faiss_cpu-1.13.2-cp310-abi3-manylinux_2_27_x86_64.manylinux_2_28_x86_64.whl.metadata (7.6 kB)
Collecting transformers>=4.40.0 (from -r requirements.txt (line 17))
  Using cached transformers-5.7.0-py3-none-any.whl.metadata (33 kB)
Collecting accelerate>=0.29.0 (from -r requirements.txt (line 18))
  Using cached accelerate-1.13.0-py3-none-any.whl.metadata (19 kB)
Collecting bitsandbytes>=0.43.0 (from -r requirements.txt (line 19))
  Using cached bitsandbytes-0.49.2-py3-none-manylinux_2_24_x86_64.whl.metadata (10 kB)
Collecting rank-bm25>=0.2.2 (from -r requirements.txt (line 22))
  Using cached rank_bm25-0.2.2-py3-none-any.whl.metadata (3.2 kB)
Collecting python-dotenv>=1.0.0 (from -r requirements.txt (line 25))
  Using cached python_dotenv-1.2.2-py3-none-any.whl.metadata (27 kB)
Collecting streamlit>=1.34.0 (from -r requirements.txt (line 26))
  Using cached streamlit-1.57.0-py3-none-any.whl.metadata (9.6 kB)
Collecting jupyter>=1.0.0 (from -r requirements.txt (line 27))
  Using cached jupyter-1.1.1-py2.py3-none-any.whl.metadata (2.0 kB)
Collecting matplotlib>=3.8.0 (from -r requirements.txt (line 28))
  Using cached matplotlib-3.10.9-cp311-cp311-manylinux2014_x86_64.manylinux_2_17_x86_64.whl.metadata (52 kB)
Collecting pandas>=2.2.0 (from -r requirements.txt (line 29))
  Using cached pandas-3.0.2-cp311-cp311-manylinux_2_24_x86_64.manylinux_2_28_x86_64.whl.metadata (79 kB)
Collecting charset_normalizer<4,>=2 (from requests>=2.31.0->-r requirements.txt (line 2))
  Using cached charset_normalizer-3.4.7-cp311-cp311-manylinux2014_x86_64.manylinux_2_17_x86_64.manylinux_2_28_x86_64.whl.metadata (40 kB)
Collecting idna<4,>=2.5 (from requests>=2.31.0->-r requirements.txt (line 2))
  Using cached idna-3.13-py3-none-any.whl.metadata (8.0 kB)
Collecting urllib3<3,>=1.26 (from requests>=2.31.0->-r requirements.txt (line 2))
  Using cached urllib3-2.6.3-py3-none-any.whl.metadata (6.9 kB)
Collecting certifi>=2023.5.7 (from requests>=2.31.0->-r requirements.txt (line 2))
  Using cached certifi-2026.4.22-py3-none-any.whl.metadata (2.5 kB)
Collecting soupsieve>=1.6.1 (from beautifulsoup4>=4.12.0->-r requirements.txt (line 3))
  Using cached soupsieve-2.8.3-py3-none-any.whl.metadata (4.6 kB)
Collecting typing-extensions>=4.0.0 (from beautifulsoup4>=4.12.0->-r requirements.txt (line 3))
  Using cached typing_extensions-4.15.0-py3-none-any.whl.metadata (3.3 kB)
Collecting docling-slim==2.92.0 (from docling-slim[standard]==2.92.0->docling>=2.0.0->-r requirements.txt (line 5))
  Using cached docling_slim-2.92.0-py3-none-any.whl.metadata (15 kB)
Collecting docling-core<3.0.0,>=2.73.0 (from docling-slim==2.92.0->docling-slim[standard]==2.92.0->docling>=2.0.0->-r requirements.txt (line 5))
  Using cached docling_core-2.74.1-py3-none-any.whl.metadata (8.2 kB)
Collecting filetype<2.0.0,>=1.2.0 (from docling-slim==2.92.0->docling-slim[standard]==2.92.0->docling>=2.0.0->-r requirements.txt (line 5))
  Using cached filetype-1.2.0-py2.py3-none-any.whl.metadata (6.5 kB)
Collecting pluggy<2.0.0,>=1.0.0 (from docling-slim==2.92.0->docling-slim[standard]==2.92.0->docling>=2.0.0->-r requirements.txt (line 5))
  Using cached pluggy-1.6.0-py3-none-any.whl.metadata (4.8 kB)
Collecting pydantic-settings<3.0.0,>=2.3.0 (from docling-slim==2.92.0->docling-slim[standard]==2.92.0->docling>=2.0.0->-r requirements.txt (line 5))
  Using cached pydantic_settings-2.14.0-py3-none-any.whl.metadata (3.4 kB)
Collecting pydantic<3.0.0,>=2.0.0 (from docling-slim==2.92.0->docling-slim[standard]==2.92.0->docling>=2.0.0->-r requirements.txt (line 5))
  Using cached pydantic-2.13.3-py3-none-any.whl.metadata (108 kB)
Collecting defusedxml<0.8.0,>=0.7.1 (from docling-slim[standard]==2.92.0->docling>=2.0.0->-r requirements.txt (line 5))
  Using cached defusedxml-0.7.1-py2.py3-none-any.whl.metadata (32 kB)
Collecting docling-ibm-models<4,>=3.13.0 (from docling-slim[standard]==2.92.0->docling>=2.0.0->-r requirements.txt (line 5))
  Using cached docling_ibm_models-3.13.2-py3-none-any.whl.metadata (7.3 kB)
Collecting docling-parse<6.0.0,>=5.3.2 (from docling-slim[standard]==2.92.0->docling>=2.0.0->-r requirements.txt (line 5))
  Using cached docling_parse-5.10.1-cp311-cp311-manylinux_2_27_x86_64.manylinux_2_28_x86_64.whl.metadata (9.9 kB)
Collecting httpx<1.0.0,>=0.28 (from docling-slim[standard]==2.92.0->docling>=2.0.0->-r requirements.txt (line 5))
  Using cached httpx-0.28.1-py3-none-any.whl.metadata (7.1 kB)
Collecting huggingface-hub<2,>=0.23 (from docling-slim[standard]==2.92.0->docling>=2.0.0->-r requirements.txt (line 5))
  Using cached huggingface_hub-1.13.0-py3-none-any.whl.metadata (14 kB)
Collecting lxml<7.0.0,>=4.0.0 (from docling-slim[standard]==2.92.0->docling>=2.0.0->-r requirements.txt (line 5))
  Using cached lxml-6.1.0-cp311-cp311-manylinux_2_26_x86_64.manylinux_2_28_x86_64.whl.metadata (4.0 kB)
Collecting marko<3.0.0,>=2.1.2 (from docling-slim[standard]==2.92.0->docling>=2.0.0->-r requirements.txt (line 5))
  Using cached marko-2.2.2-py3-none-any.whl.metadata (4.5 kB)
Collecting openpyxl<4.0.0,>=3.1.5 (from docling-slim[standard]==2.92.0->docling>=2.0.0->-r requirements.txt (line 5))
  Using cached openpyxl-3.1.5-py2.py3-none-any.whl.metadata (2.5 kB)
Collecting pillow<13.0.0,>=10.0.0 (from docling-slim[standard]==2.92.0->docling>=2.0.0->-r requirements.txt (line 5))
  Using cached pillow-12.2.0-cp311-cp311-manylinux_2_27_x86_64.manylinux_2_28_x86_64.whl.metadata (8.8 kB)
Collecting polyfactory>=2.22.2 (from docling-slim[standard]==2.92.0->docling>=2.0.0->-r requirements.txt (line 5))
  Using cached polyfactory-3.3.0-py3-none-any.whl.metadata (27 kB)
Collecting pylatexenc<3.0,>=2.10 (from docling-slim[standard]==2.92.0->docling>=2.0.0->-r requirements.txt (line 5))
  Using cached pylatexenc-2.10.tar.gz (162 kB)
  Installing build dependencies: started
  Installing build dependencies: finished with status 'done'
  Getting requirements to build wheel: started
  Getting requirements to build wheel: finished with status 'done'
  Preparing metadata (pyproject.toml): started
  Preparing metadata (pyproject.toml): finished with status 'done'
Collecting pypdfium2!=4.30.1,<6.0.0,>=4.30.0 (from docling-slim[standard]==2.92.0->docling>=2.0.0->-r requirements.txt (line 5))
  Using cached pypdfium2-5.8.0-py3-none-manylinux_2_17_x86_64.manylinux2014_x86_64.whl.metadata (68 kB)
Collecting python-pptx<2.0.0,>=1.0.2 (from docling-slim[standard]==2.92.0->docling>=2.0.0->-r requirements.txt (line 5))
  Using cached python_pptx-1.0.2-py3-none-any.whl.metadata (2.5 kB)
Collecting rapidocr<4.0.0,>=3.8 (from docling-slim[standard]==2.92.0->docling>=2.0.0->-r requirements.txt (line 5))
  Using cached rapidocr-3.8.1-py3-none-any.whl.metadata (1.5 kB)
Collecting rich>=13.0.0 (from docling-slim[standard]==2.92.0->docling>=2.0.0->-r requirements.txt (line 5))
  Using cached rich-15.0.0-py3-none-any.whl.metadata (18 kB)
Collecting rtree<2.0.0,>=1.3.0 (from docling-slim[standard]==2.92.0->docling>=2.0.0->-r requirements.txt (line 5))
  Using cached rtree-1.4.1-py3-none-manylinux_2_24_x86_64.manylinux_2_28_x86_64.whl.metadata (2.1 kB)
Collecting scipy<2.0.0,>=1.6.0 (from docling-slim[standard]==2.92.0->docling>=2.0.0->-r requirements.txt (line 5))
  Using cached scipy-1.17.1-cp311-cp311-manylinux_2_27_x86_64.manylinux_2_28_x86_64.whl.metadata (62 kB)
Collecting torchvision<1,>=0 (from docling-slim[standard]==2.92.0->docling>=2.0.0->-r requirements.txt (line 5))
  Downloading torchvision-0.26.0-cp311-cp311-manylinux_2_28_x86_64.whl.metadata (5.5 kB)
Collecting typer<0.22.0,>=0.12.5 (from docling-slim[standard]==2.92.0->docling>=2.0.0->-r requirements.txt (line 5))
  Using cached typer-0.21.2-py3-none-any.whl.metadata (16 kB)
Collecting websockets<17.0,>=14.0 (from docling-slim[standard]==2.92.0->docling>=2.0.0->-r requirements.txt (line 5))
  Downloading websockets-16.0-cp311-cp311-manylinux1_x86_64.manylinux_2_28_x86_64.manylinux_2_5_x86_64.whl.metadata (6.8 kB)
Collecting filelock (from torch->-r requirements.txt (line 12))
  Using cached filelock-3.29.0-py3-none-any.whl.metadata (2.0 kB)
Requirement already satisfied: setuptools<82 in ./.venv/lib/python3.11/site-packages (from torch->-r requirements.txt (line 12)) (65.5.0)
Collecting sympy>=1.13.3 (from torch->-r requirements.txt (line 12))
  Using cached sympy-1.14.0-py3-none-any.whl.metadata (12 kB)
Collecting networkx>=2.5.1 (from torch->-r requirements.txt (line 12))
  Using cached networkx-3.6.1-py3-none-any.whl.metadata (6.8 kB)
Collecting jinja2 (from torch->-r requirements.txt (line 12))
  Using cached jinja2-3.1.6-py3-none-any.whl.metadata (2.9 kB)
Collecting fsspec>=0.8.5 (from torch->-r requirements.txt (line 12))
  Using cached fsspec-2026.4.0-py3-none-any.whl.metadata (10 kB)
Collecting cuda-toolkit==13.0.2 (from cuda-toolkit[cublas,cudart,cufft,cufile,cupti,curand,cusolver,cusparse,nvjitlink,nvrtc,nvtx]==13.0.2; platform_system == "Linux"->torch->-r requirements.txt (line 12))
  Downloading cuda_toolkit-13.0.2-py2.py3-none-any.whl.metadata (9.4 kB)
Collecting cuda-bindings<14,>=13.0.3 (from torch->-r requirements.txt (line 12))
  Downloading cuda_bindings-13.2.0-cp311-cp311-manylinux_2_24_x86_64.manylinux_2_28_x86_64.whl.metadata (2.3 kB)
Collecting nvidia-cudnn-cu13==9.19.0.56 (from torch->-r requirements.txt (line 12))
  Downloading nvidia_cudnn_cu13-9.19.0.56-py3-none-manylinux_2_27_x86_64.whl.metadata (1.9 kB)
Collecting nvidia-cusparselt-cu13==0.8.0 (from torch->-r requirements.txt (line 12))
  Downloading nvidia_cusparselt_cu13-0.8.0-py3-none-manylinux2014_x86_64.whl.metadata (12 kB)
Collecting nvidia-nccl-cu13==2.28.9 (from torch->-r requirements.txt (line 12))
  Downloading nvidia_nccl_cu13-2.28.9-py3-none-manylinux_2_18_x86_64.whl.metadata (2.0 kB)
Collecting nvidia-nvshmem-cu13==3.4.5 (from torch->-r requirements.txt (line 12))
  Downloading nvidia_nvshmem_cu13-3.4.5-py3-none-manylinux2014_x86_64.manylinux_2_17_x86_64.whl.metadata (2.1 kB)
Collecting triton==3.6.0 (from torch->-r requirements.txt (line 12))
  Downloading triton-3.6.0-cp311-cp311-manylinux_2_27_x86_64.manylinux_2_28_x86_64.whl.metadata (1.7 kB)
Collecting nvidia-cublas==13.1.0.3.* (from cuda-toolkit[cublas,cudart,cufft,cufile,cupti,curand,cusolver,cusparse,nvjitlink,nvrtc,nvtx]==13.0.2; platform_system == "Linux"->torch->-r requirements.txt (line 12))
  Downloading nvidia_cublas-13.1.0.3-py3-none-manylinux_2_27_x86_64.whl.metadata (1.7 kB)
Collecting nvidia-cuda-runtime==13.0.96.* (from cuda-toolkit[cublas,cudart,cufft,cufile,cupti,curand,cusolver,cusparse,nvjitlink,nvrtc,nvtx]==13.0.2; platform_system == "Linux"->torch->-r requirements.txt (line 12))
  Downloading nvidia_cuda_runtime-13.0.96-py3-none-manylinux2014_x86_64.manylinux_2_17_x86_64.whl.metadata (1.7 kB)
Collecting nvidia-cufft==12.0.0.61.* (from cuda-toolkit[cublas,cudart,cufft,cufile,cupti,curand,cusolver,cusparse,nvjitlink,nvrtc,nvtx]==13.0.2; platform_system == "Linux"->torch->-r requirements.txt (line 12))
  Downloading nvidia_cufft-12.0.0.61-py3-none-manylinux2014_x86_64.manylinux_2_17_x86_64.whl.metadata (1.8 kB)
Collecting nvidia-cufile==1.15.1.6.* (from cuda-toolkit[cublas,cudart,cufft,cufile,cupti,curand,cusolver,cusparse,nvjitlink,nvrtc,nvtx]==13.0.2; platform_system == "Linux"->torch->-r requirements.txt (line 12))
  Downloading nvidia_cufile-1.15.1.6-py3-none-manylinux2014_x86_64.manylinux_2_17_x86_64.whl.metadata (1.7 kB)
Collecting nvidia-cuda-cupti==13.0.85.* (from cuda-toolkit[cublas,cudart,cufft,cufile,cupti,curand,cusolver,cusparse,nvjitlink,nvrtc,nvtx]==13.0.2; platform_system == "Linux"->torch->-r requirements.txt (line 12))
  Downloading nvidia_cuda_cupti-13.0.85-py3-none-manylinux_2_25_x86_64.whl.metadata (1.7 kB)
Collecting nvidia-curand==10.4.0.35.* (from cuda-toolkit[cublas,cudart,cufft,cufile,cupti,curand,cusolver,cusparse,nvjitlink,nvrtc,nvtx]==13.0.2; platform_system == "Linux"->torch->-r requirements.txt (line 12))
  Downloading nvidia_curand-10.4.0.35-py3-none-manylinux_2_27_x86_64.whl.metadata (1.7 kB)
Collecting nvidia-cusolver==12.0.4.66.* (from cuda-toolkit[cublas,cudart,cufft,cufile,cupti,curand,cusolver,cusparse,nvjitlink,nvrtc,nvtx]==13.0.2; platform_system == "Linux"->torch->-r requirements.txt (line 12))
  Downloading nvidia_cusolver-12.0.4.66-py3-none-manylinux_2_27_x86_64.whl.metadata (1.8 kB)
Collecting nvidia-cusparse==12.6.3.3.* (from cuda-toolkit[cublas,cudart,cufft,cufile,cupti,curand,cusolver,cusparse,nvjitlink,nvrtc,nvtx]==13.0.2; platform_system == "Linux"->torch->-r requirements.txt (line 12))
  Downloading nvidia_cusparse-12.6.3.3-py3-none-manylinux2014_x86_64.manylinux_2_17_x86_64.whl.metadata (1.8 kB)
Collecting nvidia-nvjitlink==13.0.88.* (from cuda-toolkit[cublas,cudart,cufft,cufile,cupti,curand,cusolver,cusparse,nvjitlink,nvrtc,nvtx]==13.0.2; platform_system == "Linux"->torch->-r requirements.txt (line 12))
  Downloading nvidia_nvjitlink-13.0.88-py3-none-manylinux2010_x86_64.manylinux_2_12_x86_64.whl.metadata (1.7 kB)
Collecting nvidia-cuda-nvrtc==13.0.88.* (from cuda-toolkit[cublas,cudart,cufft,cufile,cupti,curand,cusolver,cusparse,nvjitlink,nvrtc,nvtx]==13.0.2; platform_system == "Linux"->torch->-r requirements.txt (line 12))
  Downloading nvidia_cuda_nvrtc-13.0.88-py3-none-manylinux2010_x86_64.manylinux_2_12_x86_64.whl.metadata (1.7 kB)
Collecting nvidia-nvtx==13.0.85.* (from cuda-toolkit[cublas,cudart,cufft,cufile,cupti,curand,cusolver,cusparse,nvjitlink,nvrtc,nvtx]==13.0.2; platform_system == "Linux"->torch->-r requirements.txt (line 12))
  Downloading nvidia_nvtx-13.0.85-py3-none-manylinux1_x86_64.manylinux_2_5_x86_64.whl.metadata (1.8 kB)
Collecting packaging>=20.0 (from accelerate>=0.29.0->-r requirements.txt (line 18))
  Using cached packaging-26.2-py3-none-any.whl.metadata (3.5 kB)
Collecting psutil (from accelerate>=0.29.0->-r requirements.txt (line 18))
  Using cached psutil-7.2.2-cp36-abi3-manylinux2010_x86_64.manylinux_2_12_x86_64.manylinux_2_28_x86_64.whl.metadata (22 kB)
Collecting pyyaml (from accelerate>=0.29.0->-r requirements.txt (line 18))
  Using cached pyyaml-6.0.3-cp311-cp311-manylinux2014_x86_64.manylinux_2_17_x86_64.manylinux_2_28_x86_64.whl.metadata (2.4 kB)
Collecting safetensors>=0.4.3 (from accelerate>=0.29.0->-r requirements.txt (line 18))
  Using cached safetensors-0.7.0-cp38-abi3-manylinux_2_17_x86_64.manylinux2014_x86_64.whl.metadata (4.1 kB)
Collecting cuda-pathfinder~=1.1 (from cuda-bindings<14,>=13.0.3->torch->-r requirements.txt (line 12))
  Downloading cuda_pathfinder-1.5.4-py3-none-any.whl.metadata (1.9 kB)
Collecting jsonschema<5.0.0,>=4.16.0 (from docling-core<3.0.0,>=2.73.0->docling-slim==2.92.0->docling-slim[standard]==2.92.0->docling>=2.0.0->-r requirements.txt (line 5))
  Using cached jsonschema-4.26.0-py3-none-any.whl.metadata (7.6 kB)
Collecting jsonref<2.0.0,>=1.1.0 (from docling-core<3.0.0,>=2.73.0->docling-slim==2.92.0->docling-slim[standard]==2.92.0->docling>=2.0.0->-r requirements.txt (line 5))
  Using cached jsonref-1.1.0-py3-none-any.whl.metadata (2.7 kB)
Collecting tabulate<0.11.0,>=0.9.0 (from docling-core<3.0.0,>=2.73.0->docling-slim==2.92.0->docling-slim[standard]==2.92.0->docling>=2.0.0->-r requirements.txt (line 5))
  Using cached tabulate-0.10.0-py3-none-any.whl.metadata (40 kB)
Collecting latex2mathml<4.0.0,>=3.77.0 (from docling-core<3.0.0,>=2.73.0->docling-slim==2.92.0->docling-slim[standard]==2.92.0->docling>=2.0.0->-r requirements.txt (line 5))
  Using cached latex2mathml-3.81.0-py3-none-any.whl.metadata (15 kB)
Collecting python-dateutil>=2.8.2 (from pandas>=2.2.0->-r requirements.txt (line 29))
  Using cached python_dateutil-2.9.0.post0-py2.py3-none-any.whl.metadata (8.4 kB)
Collecting semchunk<4.0.0,>=2.2.0 (from docling-core[chunking]<3.0.0,>=2.73.0; extra == "standard"->docling-slim[standard]==2.92.0->docling>=2.0.0->-r requirements.txt (line 5))
  Using cached semchunk-3.2.5-py3-none-any.whl.metadata (14 kB)
Collecting tree-sitter<0.27.0,>=0.25.0 (from docling-core[chunking]<3.0.0,>=2.73.0; extra == "standard"->docling-slim[standard]==2.92.0->docling>=2.0.0->-r requirements.txt (line 5))
  Using cached tree_sitter-0.25.2-cp311-cp311-manylinux2014_x86_64.manylinux_2_17_x86_64.manylinux_2_28_x86_64.whl.metadata (10.0 kB)
Collecting tree-sitter-python>=0.23.6 (from docling-core[chunking]<3.0.0,>=2.73.0; extra == "standard"->docling-slim[standard]==2.92.0->docling>=2.0.0->-r requirements.txt (line 5))
  Using cached tree_sitter_python-0.25.0-cp310-abi3-manylinux1_x86_64.manylinux_2_28_x86_64.manylinux_2_5_x86_64.whl.metadata (1.9 kB)
Collecting tree-sitter-c>=0.23.4 (from docling-core[chunking]<3.0.0,>=2.73.0; extra == "standard"->docling-slim[standard]==2.92.0->docling>=2.0.0->-r requirements.txt (line 5))
  Using cached tree_sitter_c-0.24.2-cp310-abi3-manylinux1_x86_64.manylinux_2_28_x86_64.manylinux_2_5_x86_64.whl.metadata (1.8 kB)
Collecting tree-sitter-javascript>=0.23.1 (from docling-core[chunking]<3.0.0,>=2.73.0; extra == "standard"->docling-slim[standard]==2.92.0->docling>=2.0.0->-r requirements.txt (line 5))
  Using cached tree_sitter_javascript-0.25.0-cp310-abi3-manylinux1_x86_64.manylinux_2_28_x86_64.manylinux_2_5_x86_64.whl.metadata (2.2 kB)
Collecting tree-sitter-typescript>=0.23.2 (from docling-core[chunking]<3.0.0,>=2.73.0; extra == "standard"->docling-slim[standard]==2.92.0->docling>=2.0.0->-r requirements.txt (line 5))
  Using cached tree_sitter_typescript-0.23.2-cp39-abi3-manylinux_2_5_x86_64.manylinux1_x86_64.manylinux_2_17_x86_64.manylinux2014_x86_64.whl.metadata (2.3 kB)
Collecting regex>=2025.10.22 (from transformers>=4.40.0->-r requirements.txt (line 17))
  Using cached regex-2026.4.4-cp311-cp311-manylinux2014_x86_64.manylinux_2_17_x86_64.manylinux_2_28_x86_64.whl.metadata (40 kB)
Collecting tokenizers<=0.23.0,>=0.22.0 (from transformers>=4.40.0->-r requirements.txt (line 17))
  Using cached tokenizers-0.22.2-cp39-abi3-manylinux_2_17_x86_64.manylinux2014_x86_64.whl.metadata (7.3 kB)
Collecting jsonlines<5.0.0,>=3.1.0 (from docling-ibm-models<4,>=3.13.0->docling-slim[standard]==2.92.0->docling>=2.0.0->-r requirements.txt (line 5))
  Downloading jsonlines-4.0.0-py3-none-any.whl.metadata (1.6 kB)
Collecting anyio (from httpx<1.0.0,>=0.28->docling-slim[standard]==2.92.0->docling>=2.0.0->-r requirements.txt (line 5))
  Downloading anyio-4.13.0-py3-none-any.whl.metadata (4.5 kB)
Collecting httpcore==1.* (from httpx<1.0.0,>=0.28->docling-slim[standard]==2.92.0->docling>=2.0.0->-r requirements.txt (line 5))
  Downloading httpcore-1.0.9-py3-none-any.whl.metadata (21 kB)
Collecting h11>=0.16 (from httpcore==1.*->httpx<1.0.0,>=0.28->docling-slim[standard]==2.92.0->docling>=2.0.0->-r requirements.txt (line 5))
  Downloading h11-0.16.0-py3-none-any.whl.metadata (8.3 kB)
Collecting hf-xet<2.0.0,>=1.4.3 (from huggingface-hub<2,>=0.23->docling-slim[standard]==2.92.0->docling>=2.0.0->-r requirements.txt (line 5))
  Downloading hf_xet-1.4.3-cp37-abi3-manylinux2014_x86_64.manylinux_2_17_x86_64.whl.metadata (4.9 kB)
Collecting attrs>=19.2.0 (from jsonlines<5.0.0,>=3.1.0->docling-ibm-models<4,>=3.13.0->docling-slim[standard]==2.92.0->docling>=2.0.0->-r requirements.txt (line 5))
  Downloading attrs-26.1.0-py3-none-any.whl.metadata (8.8 kB)
Collecting jsonschema-specifications>=2023.03.6 (from jsonschema<5.0.0,>=4.16.0->docling-core<3.0.0,>=2.73.0->docling-slim==2.92.0->docling-slim[standard]==2.92.0->docling>=2.0.0->-r requirements.txt (line 5))
  Downloading jsonschema_specifications-2025.9.1-py3-none-any.whl.metadata (2.9 kB)
Collecting referencing>=0.28.4 (from jsonschema<5.0.0,>=4.16.0->docling-core<3.0.0,>=2.73.0->docling-slim==2.92.0->docling-slim[standard]==2.92.0->docling>=2.0.0->-r requirements.txt (line 5))
  Downloading referencing-0.37.0-py3-none-any.whl.metadata (2.8 kB)
Collecting rpds-py>=0.25.0 (from jsonschema<5.0.0,>=4.16.0->docling-core<3.0.0,>=2.73.0->docling-slim==2.92.0->docling-slim[standard]==2.92.0->docling>=2.0.0->-r requirements.txt (line 5))
  Downloading rpds_py-0.30.0-cp311-cp311-manylinux_2_17_x86_64.manylinux2014_x86_64.whl.metadata (4.1 kB)
Collecting et-xmlfile (from openpyxl<4.0.0,>=3.1.5->docling-slim[standard]==2.92.0->docling>=2.0.0->-r requirements.txt (line 5))
  Downloading et_xmlfile-2.0.0-py3-none-any.whl.metadata (2.7 kB)
Collecting annotated-types>=0.6.0 (from pydantic<3.0.0,>=2.0.0->docling-slim==2.92.0->docling-slim[standard]==2.92.0->docling>=2.0.0->-r requirements.txt (line 5))
  Downloading annotated_types-0.7.0-py3-none-any.whl.metadata (15 kB)
Collecting pydantic-core==2.46.3 (from pydantic<3.0.0,>=2.0.0->docling-slim==2.92.0->docling-slim[standard]==2.92.0->docling>=2.0.0->-r requirements.txt (line 5))
  Downloading pydantic_core-2.46.3-cp311-cp311-manylinux_2_17_x86_64.manylinux2014_x86_64.whl.metadata (6.6 kB)
Collecting typing-inspection>=0.4.2 (from pydantic<3.0.0,>=2.0.0->docling-slim==2.92.0->docling-slim[standard]==2.92.0->docling>=2.0.0->-r requirements.txt (line 5))
  Downloading typing_inspection-0.4.2-py3-none-any.whl.metadata (2.6 kB)
Collecting XlsxWriter>=0.5.7 (from python-pptx<2.0.0,>=1.0.2->docling-slim[standard]==2.92.0->docling>=2.0.0->-r requirements.txt (line 5))
  Downloading xlsxwriter-3.2.9-py3-none-any.whl.metadata (2.7 kB)
Collecting pyclipper>=1.2.0 (from rapidocr<4.0.0,>=3.8->docling-slim[standard]==2.92.0->docling>=2.0.0->-r requirements.txt (line 5))
  Downloading pyclipper-1.4.0-cp311-cp311-manylinux2014_x86_64.manylinux_2_17_x86_64.whl.metadata (8.6 kB)
Collecting opencv_python>=4.5.1.48 (from rapidocr<4.0.0,>=3.8->docling-slim[standard]==2.92.0->docling>=2.0.0->-r requirements.txt (line 5))
  Downloading opencv_python-4.13.0.92-cp37-abi3-manylinux_2_28_x86_64.whl.metadata (19 kB)
Collecting six>=1.15.0 (from rapidocr<4.0.0,>=3.8->docling-slim[standard]==2.92.0->docling>=2.0.0->-r requirements.txt (line 5))
  Downloading six-1.17.0-py2.py3-none-any.whl.metadata (1.7 kB)
Collecting Shapely!=2.0.4,>=1.7.1 (from rapidocr<4.0.0,>=3.8->docling-slim[standard]==2.92.0->docling>=2.0.0->-r requirements.txt (line 5))
  Downloading shapely-2.1.2-cp311-cp311-manylinux2014_x86_64.manylinux_2_17_x86_64.whl.metadata (6.8 kB)
Collecting omegaconf (from rapidocr<4.0.0,>=3.8->docling-slim[standard]==2.92.0->docling>=2.0.0->-r requirements.txt (line 5))
  Downloading omegaconf-2.3.0-py3-none-any.whl.metadata (3.9 kB)
Collecting colorlog (from rapidocr<4.0.0,>=3.8->docling-slim[standard]==2.92.0->docling>=2.0.0->-r requirements.txt (line 5))
  Downloading colorlog-6.10.1-py3-none-any.whl.metadata (11 kB)
Collecting mpire[dill] (from semchunk<4.0.0,>=2.2.0->docling-core[chunking]<3.0.0,>=2.73.0; extra == "standard"->docling-slim[standard]==2.92.0->docling>=2.0.0->-r requirements.txt (line 5))
  Downloading mpire-2.10.2-py3-none-any.whl.metadata (14 kB)
Collecting click>=8.0.0 (from typer<0.22.0,>=0.12.5->docling-slim[standard]==2.92.0->docling>=2.0.0->-r requirements.txt (line 5))
  Downloading click-8.3.3-py3-none-any.whl.metadata (2.6 kB)
Collecting annotated-doc>=0.0.2 (from typer<0.22.0,>=0.12.5->docling-slim[standard]==2.92.0->docling>=2.0.0->-r requirements.txt (line 5))
  Downloading annotated_doc-0.0.4-py3-none-any.whl.metadata (6.6 kB)
Collecting shellingham>=1.3.0 (from typer<0.22.0,>=0.12.5->docling-slim[standard]==2.92.0->docling>=2.0.0->-r requirements.txt (line 5))
  Downloading shellingham-1.5.4-py2.py3-none-any.whl.metadata (3.5 kB)
Collecting scikit-learn>=0.22.0 (from sentence-transformers>=2.7.0->-r requirements.txt (line 13))
  Downloading scikit_learn-1.8.0-cp311-cp311-manylinux_2_27_x86_64.manylinux_2_28_x86_64.whl.metadata (11 kB)
Collecting altair!=5.4.0,!=5.4.1,<7,>=4.0 (from streamlit>=1.34.0->-r requirements.txt (line 26))
  Downloading altair-6.1.0-py3-none-any.whl.metadata (11 kB)
Collecting blinker<2,>=1.5.0 (from streamlit>=1.34.0->-r requirements.txt (line 26))
  Downloading blinker-1.9.0-py3-none-any.whl.metadata (1.6 kB)
Collecting cachetools<8,>=5.5 (from streamlit>=1.34.0->-r requirements.txt (line 26))
  Downloading cachetools-7.1.1-py3-none-any.whl.metadata (5.8 kB)
Collecting gitpython!=3.1.19,<4,>=3.0.7 (from streamlit>=1.34.0->-r requirements.txt (line 26))
  Downloading gitpython-3.1.49-py3-none-any.whl.metadata (14 kB)
Collecting pydeck<1,>=0.8.0b4 (from streamlit>=1.34.0->-r requirements.txt (line 26))
  Downloading pydeck-0.9.2-py2.py3-none-any.whl.metadata (4.2 kB)
Collecting protobuf<8,>=3.20 (from streamlit>=1.34.0->-r requirements.txt (line 26))
  Downloading protobuf-7.34.1-cp310-abi3-manylinux2014_x86_64.whl.metadata (595 bytes)
Collecting pyarrow>=7.0 (from streamlit>=1.34.0->-r requirements.txt (line 26))
  Downloading pyarrow-24.0.0-cp311-cp311-manylinux_2_28_x86_64.whl.metadata (3.0 kB)
Collecting tenacity<10,>=8.1.0 (from streamlit>=1.34.0->-r requirements.txt (line 26))
  Downloading tenacity-9.1.4-py3-none-any.whl.metadata (1.2 kB)
Collecting toml<2,>=0.10.1 (from streamlit>=1.34.0->-r requirements.txt (line 26))
  Downloading toml-0.10.2-py2.py3-none-any.whl.metadata (7.1 kB)
Collecting starlette>=0.40.0 (from streamlit>=1.34.0->-r requirements.txt (line 26))
  Downloading starlette-1.0.0-py3-none-any.whl.metadata (6.3 kB)
Collecting uvicorn>=0.30.0 (from streamlit>=1.34.0->-r requirements.txt (line 26))
  Downloading uvicorn-0.46.0-py3-none-any.whl.metadata (6.7 kB)
Collecting httptools>=0.6.3 (from streamlit>=1.34.0->-r requirements.txt (line 26))
  Downloading httptools-0.7.1-cp311-cp311-manylinux1_x86_64.manylinux_2_28_x86_64.manylinux_2_5_x86_64.whl.metadata (3.5 kB)
Collecting python-multipart>=0.0.10 (from streamlit>=1.34.0->-r requirements.txt (line 26))
  Downloading python_multipart-0.0.27-py3-none-any.whl.metadata (2.1 kB)
Collecting itsdangerous>=2.1.2 (from streamlit>=1.34.0->-r requirements.txt (line 26))
  Downloading itsdangerous-2.2.0-py3-none-any.whl.metadata (1.9 kB)
Collecting watchdog<7,>=2.1.5 (from streamlit>=1.34.0->-r requirements.txt (line 26))
  Downloading watchdog-6.0.0-py3-none-manylinux2014_x86_64.whl.metadata (44 kB)
Collecting narwhals>=2.4.0 (from altair!=5.4.0,!=5.4.1,<7,>=4.0->streamlit>=1.34.0->-r requirements.txt (line 26))
  Downloading narwhals-2.20.0-py3-none-any.whl.metadata (15 kB)
Collecting gitdb<5,>=4.0.1 (from gitpython!=3.1.19,<4,>=3.0.7->streamlit>=1.34.0->-r requirements.txt (line 26))
  Downloading gitdb-4.0.12-py3-none-any.whl.metadata (1.2 kB)
Collecting smmap<6,>=3.0.1 (from gitdb<5,>=4.0.1->gitpython!=3.1.19,<4,>=3.0.7->streamlit>=1.34.0->-r requirements.txt (line 26))
  Downloading smmap-5.0.3-py3-none-any.whl.metadata (4.6 kB)
Collecting notebook (from jupyter>=1.0.0->-r requirements.txt (line 27))
  Downloading notebook-7.5.6-py3-none-any.whl.metadata (10 kB)
Collecting jupyter-console (from jupyter>=1.0.0->-r requirements.txt (line 27))
  Downloading jupyter_console-6.6.3-py3-none-any.whl.metadata (5.8 kB)
Collecting nbconvert (from jupyter>=1.0.0->-r requirements.txt (line 27))
  Downloading nbconvert-7.17.1-py3-none-any.whl.metadata (8.4 kB)
Collecting ipykernel (from jupyter>=1.0.0->-r requirements.txt (line 27))
  Downloading ipykernel-7.2.0-py3-none-any.whl.metadata (4.5 kB)
Collecting ipywidgets (from jupyter>=1.0.0->-r requirements.txt (line 27))
  Downloading ipywidgets-8.1.8-py3-none-any.whl.metadata (2.4 kB)
Collecting jupyterlab (from jupyter>=1.0.0->-r requirements.txt (line 27))
  Downloading jupyterlab-4.5.7-py3-none-any.whl.metadata (16 kB)
Collecting contourpy>=1.0.1 (from matplotlib>=3.8.0->-r requirements.txt (line 28))
  Downloading contourpy-1.3.3-cp311-cp311-manylinux_2_27_x86_64.manylinux_2_28_x86_64.whl.metadata (5.5 kB)
Collecting cycler>=0.10 (from matplotlib>=3.8.0->-r requirements.txt (line 28))
  Downloading cycler-0.12.1-py3-none-any.whl.metadata (3.8 kB)
Collecting fonttools>=4.22.0 (from matplotlib>=3.8.0->-r requirements.txt (line 28))
  Downloading fonttools-4.62.1-cp311-cp311-manylinux2014_x86_64.manylinux_2_17_x86_64.whl.metadata (117 kB)
Collecting kiwisolver>=1.3.1 (from matplotlib>=3.8.0->-r requirements.txt (line 28))
  Downloading kiwisolver-1.5.0-cp311-cp311-manylinux2014_x86_64.manylinux_2_17_x86_64.whl.metadata (5.1 kB)
Collecting pyparsing>=3 (from matplotlib>=3.8.0->-r requirements.txt (line 28))
  Downloading pyparsing-3.3.2-py3-none-any.whl.metadata (5.8 kB)
Collecting MarkupSafe>=2.0 (from jinja2->torch->-r requirements.txt (line 12))
  Downloading markupsafe-3.0.3-cp311-cp311-manylinux2014_x86_64.manylinux_2_17_x86_64.manylinux_2_28_x86_64.whl.metadata (2.7 kB)
Collecting faker>=5.0.0 (from polyfactory>=2.22.2->docling-slim[standard]==2.92.0->docling>=2.0.0->-r requirements.txt (line 5))
  Downloading faker-40.15.0-py3-none-any.whl.metadata (16 kB)
Collecting markdown-it-py>=2.2.0 (from rich>=13.0.0->docling-slim[standard]==2.92.0->docling>=2.0.0->-r requirements.txt (line 5))
  Downloading markdown_it_py-4.0.0-py3-none-any.whl.metadata (7.3 kB)
Collecting pygments<3.0.0,>=2.13.0 (from rich>=13.0.0->docling-slim[standard]==2.92.0->docling>=2.0.0->-r requirements.txt (line 5))
  Downloading pygments-2.20.0-py3-none-any.whl.metadata (2.5 kB)
Collecting mdurl~=0.1 (from markdown-it-py>=2.2.0->rich>=13.0.0->docling-slim[standard]==2.92.0->docling>=2.0.0->-r requirements.txt (line 5))
  Downloading mdurl-0.1.2-py3-none-any.whl.metadata (1.6 kB)
Collecting joblib>=1.3.0 (from scikit-learn>=0.22.0->sentence-transformers>=2.7.0->-r requirements.txt (line 13))
  Downloading joblib-1.5.3-py3-none-any.whl.metadata (5.5 kB)
Collecting threadpoolctl>=3.2.0 (from scikit-learn>=0.22.0->sentence-transformers>=2.7.0->-r requirements.txt (line 13))
  Downloading threadpoolctl-3.6.0-py3-none-any.whl.metadata (13 kB)
Collecting mpmath<1.4,>=1.1.0 (from sympy>=1.13.3->torch->-r requirements.txt (line 12))
  Downloading mpmath-1.3.0-py3-none-any.whl.metadata (8.6 kB)
Collecting comm>=0.1.1 (from ipykernel->jupyter>=1.0.0->-r requirements.txt (line 27))
  Downloading comm-0.2.3-py3-none-any.whl.metadata (3.7 kB)
Collecting debugpy>=1.6.5 (from ipykernel->jupyter>=1.0.0->-r requirements.txt (line 27))
  Downloading debugpy-1.8.20-cp311-cp311-manylinux_2_34_x86_64.whl.metadata (1.4 kB)
Collecting ipython>=7.23.1 (from ipykernel->jupyter>=1.0.0->-r requirements.txt (line 27))
  Downloading ipython-9.13.0-py3-none-any.whl.metadata (4.6 kB)
Collecting jupyter-client>=8.8.0 (from ipykernel->jupyter>=1.0.0->-r requirements.txt (line 27))
  Downloading jupyter_client-8.8.0-py3-none-any.whl.metadata (8.4 kB)
Collecting jupyter-core!=6.0.*,>=5.1 (from ipykernel->jupyter>=1.0.0->-r requirements.txt (line 27))
  Downloading jupyter_core-5.9.1-py3-none-any.whl.metadata (1.5 kB)
Collecting matplotlib-inline>=0.1 (from ipykernel->jupyter>=1.0.0->-r requirements.txt (line 27))
  Downloading matplotlib_inline-0.2.1-py3-none-any.whl.metadata (2.3 kB)
Collecting nest-asyncio>=1.4 (from ipykernel->jupyter>=1.0.0->-r requirements.txt (line 27))
  Downloading nest_asyncio-1.6.0-py3-none-any.whl.metadata (2.8 kB)
Collecting pyzmq>=25 (from ipykernel->jupyter>=1.0.0->-r requirements.txt (line 27))
  Downloading pyzmq-27.1.0-cp311-cp311-manylinux_2_26_x86_64.manylinux_2_28_x86_64.whl.metadata (6.0 kB)
Collecting tornado>=6.4.1 (from ipykernel->jupyter>=1.0.0->-r requirements.txt (line 27))
  Downloading tornado-6.5.5-cp39-abi3-manylinux1_x86_64.manylinux_2_28_x86_64.manylinux_2_5_x86_64.whl.metadata (2.8 kB)
Collecting traitlets>=5.4.0 (from ipykernel->jupyter>=1.0.0->-r requirements.txt (line 27))
  Downloading traitlets-5.14.3-py3-none-any.whl.metadata (10 kB)
Collecting decorator>=5.1.0 (from ipython>=7.23.1->ipykernel->jupyter>=1.0.0->-r requirements.txt (line 27))
  Downloading decorator-5.2.1-py3-none-any.whl.metadata (3.9 kB)
Collecting ipython-pygments-lexers>=1.0.0 (from ipython>=7.23.1->ipykernel->jupyter>=1.0.0->-r requirements.txt (line 27))
  Downloading ipython_pygments_lexers-1.1.1-py3-none-any.whl.metadata (1.1 kB)
Collecting jedi>=0.18.2 (from ipython>=7.23.1->ipykernel->jupyter>=1.0.0->-r requirements.txt (line 27))
  Downloading jedi-0.20.0-py2.py3-none-any.whl.metadata (23 kB)
Collecting pexpect>4.6 (from ipython>=7.23.1->ipykernel->jupyter>=1.0.0->-r requirements.txt (line 27))
  Downloading pexpect-4.9.0-py2.py3-none-any.whl.metadata (2.5 kB)
Collecting prompt_toolkit<3.1.0,>=3.0.41 (from ipython>=7.23.1->ipykernel->jupyter>=1.0.0->-r requirements.txt (line 27))
  Downloading prompt_toolkit-3.0.52-py3-none-any.whl.metadata (6.4 kB)
Collecting stack_data>=0.6.0 (from ipython>=7.23.1->ipykernel->jupyter>=1.0.0->-r requirements.txt (line 27))
  Downloading stack_data-0.6.3-py3-none-any.whl.metadata (18 kB)
Collecting wcwidth (from prompt_toolkit<3.1.0,>=3.0.41->ipython>=7.23.1->ipykernel->jupyter>=1.0.0->-r requirements.txt (line 27))
  Downloading wcwidth-0.7.0-py3-none-any.whl.metadata (36 kB)
Collecting parso<0.9.0,>=0.8.6 (from jedi>=0.18.2->ipython>=7.23.1->ipykernel->jupyter>=1.0.0->-r requirements.txt (line 27))
  Downloading parso-0.8.7-py2.py3-none-any.whl.metadata (8.2 kB)
Collecting platformdirs>=2.5 (from jupyter-core!=6.0.*,>=5.1->ipykernel->jupyter>=1.0.0->-r requirements.txt (line 27))
  Downloading platformdirs-4.9.6-py3-none-any.whl.metadata (4.7 kB)
Collecting ptyprocess>=0.5 (from pexpect>4.6->ipython>=7.23.1->ipykernel->jupyter>=1.0.0->-r requirements.txt (line 27))
  Downloading ptyprocess-0.7.0-py2.py3-none-any.whl.metadata (1.3 kB)
Collecting executing>=1.2.0 (from stack_data>=0.6.0->ipython>=7.23.1->ipykernel->jupyter>=1.0.0->-r requirements.txt (line 27))
  Downloading executing-2.2.1-py2.py3-none-any.whl.metadata (8.9 kB)
Collecting asttokens>=2.1.0 (from stack_data>=0.6.0->ipython>=7.23.1->ipykernel->jupyter>=1.0.0->-r requirements.txt (line 27))
  Downloading asttokens-3.0.1-py3-none-any.whl.metadata (4.9 kB)
Collecting pure-eval (from stack_data>=0.6.0->ipython>=7.23.1->ipykernel->jupyter>=1.0.0->-r requirements.txt (line 27))
  Downloading pure_eval-0.2.3-py3-none-any.whl.metadata (6.3 kB)
Collecting widgetsnbextension~=4.0.14 (from ipywidgets->jupyter>=1.0.0->-r requirements.txt (line 27))
  Downloading widgetsnbextension-4.0.15-py3-none-any.whl.metadata (1.6 kB)
Collecting jupyterlab_widgets~=3.0.15 (from ipywidgets->jupyter>=1.0.0->-r requirements.txt (line 27))
  Downloading jupyterlab_widgets-3.0.16-py3-none-any.whl.metadata (20 kB)
Collecting async-lru>=1.0.0 (from jupyterlab->jupyter>=1.0.0->-r requirements.txt (line 27))
  Downloading async_lru-2.3.0-py3-none-any.whl.metadata (7.6 kB)
Collecting jupyter-lsp>=2.0.0 (from jupyterlab->jupyter>=1.0.0->-r requirements.txt (line 27))
  Downloading jupyter_lsp-2.3.1-py3-none-any.whl.metadata (1.8 kB)
Collecting jupyter-server<3,>=2.4.0 (from jupyterlab->jupyter>=1.0.0->-r requirements.txt (line 27))
  Downloading jupyter_server-2.18.1-py3-none-any.whl.metadata (8.5 kB)
Collecting jupyterlab-server<3,>=2.28.0 (from jupyterlab->jupyter>=1.0.0->-r requirements.txt (line 27))
  Downloading jupyterlab_server-2.28.0-py3-none-any.whl.metadata (5.9 kB)
Collecting notebook-shim>=0.2 (from jupyterlab->jupyter>=1.0.0->-r requirements.txt (line 27))
  Downloading notebook_shim-0.2.4-py3-none-any.whl.metadata (4.0 kB)
Collecting argon2-cffi>=21.1 (from jupyter-server<3,>=2.4.0->jupyterlab->jupyter>=1.0.0->-r requirements.txt (line 27))
  Downloading argon2_cffi-25.1.0-py3-none-any.whl.metadata (4.1 kB)
Collecting jupyter-events>=0.11.0 (from jupyter-server<3,>=2.4.0->jupyterlab->jupyter>=1.0.0->-r requirements.txt (line 27))
  Downloading jupyter_events-0.12.1-py3-none-any.whl.metadata (5.8 kB)
Collecting jupyter-server-terminals>=0.4.4 (from jupyter-server<3,>=2.4.0->jupyterlab->jupyter>=1.0.0->-r requirements.txt (line 27))
  Downloading jupyter_server_terminals-0.5.4-py3-none-any.whl.metadata (5.9 kB)
Collecting nbformat>=5.3.0 (from jupyter-server<3,>=2.4.0->jupyterlab->jupyter>=1.0.0->-r requirements.txt (line 27))
  Downloading nbformat-5.10.4-py3-none-any.whl.metadata (3.6 kB)
Collecting overrides>=5.0 (from jupyter-server<3,>=2.4.0->jupyterlab->jupyter>=1.0.0->-r requirements.txt (line 27))
  Downloading overrides-7.7.0-py3-none-any.whl.metadata (5.8 kB)
Collecting prometheus-client>=0.9 (from jupyter-server<3,>=2.4.0->jupyterlab->jupyter>=1.0.0->-r requirements.txt (line 27))
  Downloading prometheus_client-0.25.0-py3-none-any.whl.metadata (2.1 kB)
Collecting send2trash>=1.8.2 (from jupyter-server<3,>=2.4.0->jupyterlab->jupyter>=1.0.0->-r requirements.txt (line 27))
  Downloading send2trash-2.1.0-py3-none-any.whl.metadata (4.1 kB)
Collecting terminado>=0.8.3 (from jupyter-server<3,>=2.4.0->jupyterlab->jupyter>=1.0.0->-r requirements.txt (line 27))
  Downloading terminado-0.18.1-py3-none-any.whl.metadata (5.8 kB)
Collecting websocket-client>=1.7 (from jupyter-server<3,>=2.4.0->jupyterlab->jupyter>=1.0.0->-r requirements.txt (line 27))
  Downloading websocket_client-1.9.0-py3-none-any.whl.metadata (8.3 kB)
Collecting babel>=2.10 (from jupyterlab-server<3,>=2.28.0->jupyterlab->jupyter>=1.0.0->-r requirements.txt (line 27))
  Downloading babel-2.18.0-py3-none-any.whl.metadata (2.2 kB)
Collecting json5>=0.9.0 (from jupyterlab-server<3,>=2.28.0->jupyterlab->jupyter>=1.0.0->-r requirements.txt (line 27))
  Downloading json5-0.14.0-py3-none-any.whl.metadata (36 kB)
Collecting argon2-cffi-bindings (from argon2-cffi>=21.1->jupyter-server<3,>=2.4.0->jupyterlab->jupyter>=1.0.0->-r requirements.txt (line 27))
  Downloading argon2_cffi_bindings-25.1.0-cp39-abi3-manylinux_2_26_x86_64.manylinux_2_28_x86_64.whl.metadata (7.4 kB)
Collecting python-json-logger>=2.0.4 (from jupyter-events>=0.11.0->jupyter-server<3,>=2.4.0->jupyterlab->jupyter>=1.0.0->-r requirements.txt (line 27))
  Downloading python_json_logger-4.1.0-py3-none-any.whl.metadata (3.7 kB)
Collecting rfc3339-validator (from jupyter-events>=0.11.0->jupyter-server<3,>=2.4.0->jupyterlab->jupyter>=1.0.0->-r requirements.txt (line 27))
  Downloading rfc3339_validator-0.1.4-py2.py3-none-any.whl.metadata (1.5 kB)
Collecting rfc3986-validator>=0.1.1 (from jupyter-events>=0.11.0->jupyter-server<3,>=2.4.0->jupyterlab->jupyter>=1.0.0->-r requirements.txt (line 27))
  Downloading rfc3986_validator-0.1.1-py2.py3-none-any.whl.metadata (1.7 kB)
Collecting fqdn (from jsonschema[format-nongpl]>=4.18.0->jupyter-events>=0.11.0->jupyter-server<3,>=2.4.0->jupyterlab->jupyter>=1.0.0->-r requirements.txt (line 27))
  Downloading fqdn-1.5.1-py3-none-any.whl.metadata (1.4 kB)
Collecting isoduration (from jsonschema[format-nongpl]>=4.18.0->jupyter-events>=0.11.0->jupyter-server<3,>=2.4.0->jupyterlab->jupyter>=1.0.0->-r requirements.txt (line 27))
  Downloading isoduration-20.11.0-py3-none-any.whl.metadata (5.7 kB)
Collecting jsonpointer>1.13 (from jsonschema[format-nongpl]>=4.18.0->jupyter-events>=0.11.0->jupyter-server<3,>=2.4.0->jupyterlab->jupyter>=1.0.0->-r requirements.txt (line 27))
  Downloading jsonpointer-3.1.1-py3-none-any.whl.metadata (2.4 kB)
Collecting rfc3987-syntax>=1.1.0 (from jsonschema[format-nongpl]>=4.18.0->jupyter-events>=0.11.0->jupyter-server<3,>=2.4.0->jupyterlab->jupyter>=1.0.0->-r requirements.txt (line 27))
  Downloading rfc3987_syntax-1.1.0-py3-none-any.whl.metadata (7.7 kB)
Collecting uri-template (from jsonschema[format-nongpl]>=4.18.0->jupyter-events>=0.11.0->jupyter-server<3,>=2.4.0->jupyterlab->jupyter>=1.0.0->-r requirements.txt (line 27))
  Downloading uri_template-1.3.0-py3-none-any.whl.metadata (8.8 kB)
Collecting webcolors>=24.6.0 (from jsonschema[format-nongpl]>=4.18.0->jupyter-events>=0.11.0->jupyter-server<3,>=2.4.0->jupyterlab->jupyter>=1.0.0->-r requirements.txt (line 27))
  Downloading webcolors-25.10.0-py3-none-any.whl.metadata (2.2 kB)
Collecting bleach!=5.0.0 (from bleach[css]!=5.0.0->nbconvert->jupyter>=1.0.0->-r requirements.txt (line 27))
  Downloading bleach-6.3.0-py3-none-any.whl.metadata (31 kB)
Collecting jupyterlab-pygments (from nbconvert->jupyter>=1.0.0->-r requirements.txt (line 27))
  Downloading jupyterlab_pygments-0.3.0-py3-none-any.whl.metadata (4.4 kB)
Collecting mistune<4,>=2.0.3 (from nbconvert->jupyter>=1.0.0->-r requirements.txt (line 27))
  Downloading mistune-3.2.1-py3-none-any.whl.metadata (1.9 kB)
Collecting nbclient>=0.5.0 (from nbconvert->jupyter>=1.0.0->-r requirements.txt (line 27))
  Downloading nbclient-0.10.4-py3-none-any.whl.metadata (8.3 kB)
Collecting pandocfilters>=1.4.1 (from nbconvert->jupyter>=1.0.0->-r requirements.txt (line 27))
  Downloading pandocfilters-1.5.1-py2.py3-none-any.whl.metadata (9.0 kB)
Collecting webencodings (from bleach!=5.0.0->bleach[css]!=5.0.0->nbconvert->jupyter>=1.0.0->-r requirements.txt (line 27))
  Downloading webencodings-0.5.1-py2.py3-none-any.whl.metadata (2.1 kB)
Collecting tinycss2<1.5,>=1.1.0 (from bleach[css]!=5.0.0->nbconvert->jupyter>=1.0.0->-r requirements.txt (line 27))
  Downloading tinycss2-1.4.0-py3-none-any.whl.metadata (3.0 kB)
Collecting fastjsonschema>=2.15 (from nbformat>=5.3.0->jupyter-server<3,>=2.4.0->jupyterlab->jupyter>=1.0.0->-r requirements.txt (line 27))
  Downloading fastjsonschema-2.21.2-py3-none-any.whl.metadata (2.3 kB)
Collecting lark>=1.2.2 (from rfc3987-syntax>=1.1.0->jsonschema[format-nongpl]>=4.18.0->jupyter-events>=0.11.0->jupyter-server<3,>=2.4.0->jupyterlab->jupyter>=1.0.0->-r requirements.txt (line 27))
  Downloading lark-1.3.1-py3-none-any.whl.metadata (1.8 kB)
Collecting cffi>=1.0.1 (from argon2-cffi-bindings->argon2-cffi>=21.1->jupyter-server<3,>=2.4.0->jupyterlab->jupyter>=1.0.0->-r requirements.txt (line 27))
  Downloading cffi-2.0.0-cp311-cp311-manylinux2014_x86_64.manylinux_2_17_x86_64.whl.metadata (2.6 kB)
Collecting pycparser (from cffi>=1.0.1->argon2-cffi-bindings->argon2-cffi>=21.1->jupyter-server<3,>=2.4.0->jupyterlab->jupyter>=1.0.0->-r requirements.txt (line 27))
  Downloading pycparser-3.0-py3-none-any.whl.metadata (8.2 kB)
Collecting arrow>=0.15.0 (from isoduration->jsonschema[format-nongpl]>=4.18.0->jupyter-events>=0.11.0->jupyter-server<3,>=2.4.0->jupyterlab->jupyter>=1.0.0->-r requirements.txt (line 27))
  Downloading arrow-1.4.0-py3-none-any.whl.metadata (7.7 kB)
Collecting tzdata (from arrow>=0.15.0->isoduration->jsonschema[format-nongpl]>=4.18.0->jupyter-events>=0.11.0->jupyter-server<3,>=2.4.0->jupyterlab->jupyter>=1.0.0->-r requirements.txt (line 27))
  Using cached tzdata-2026.2-py2.py3-none-any.whl.metadata (1.4 kB)
Collecting multiprocess>=0.70.15 (from mpire[dill]->semchunk<4.0.0,>=2.2.0->docling-core[chunking]<3.0.0,>=2.73.0; extra == "standard"->docling-slim[standard]==2.92.0->docling>=2.0.0->-r requirements.txt (line 5))
  Downloading multiprocess-0.70.19-py311-none-any.whl.metadata (7.5 kB)
Collecting dill>=0.4.1 (from multiprocess>=0.70.15->mpire[dill]->semchunk<4.0.0,>=2.2.0->docling-core[chunking]<3.0.0,>=2.73.0; extra == "standard"->docling-slim[standard]==2.92.0->docling>=2.0.0->-r requirements.txt (line 5))
  Downloading dill-0.4.1-py3-none-any.whl.metadata (10 kB)
Collecting antlr4-python3-runtime==4.9.* (from omegaconf->rapidocr<4.0.0,>=3.8->docling-slim[standard]==2.92.0->docling>=2.0.0->-r requirements.txt (line 5))
  Downloading antlr4-python3-runtime-4.9.3.tar.gz (117 kB)
  Installing build dependencies: started
  Installing build dependencies: finished with status 'done'
  Getting requirements to build wheel: started
  Getting requirements to build wheel: finished with status 'done'
  Preparing metadata (pyproject.toml): started
  Preparing metadata (pyproject.toml): finished with status 'done'
Downloading requests-2.33.1-py3-none-any.whl (64 kB)
Downloading charset_normalizer-3.4.7-cp311-cp311-manylinux2014_x86_64.manylinux_2_17_x86_64.manylinux_2_28_x86_64.whl (214 kB)
Downloading idna-3.13-py3-none-any.whl (68 kB)
Downloading urllib3-2.6.3-py3-none-any.whl (131 kB)
Downloading beautifulsoup4-4.14.3-py3-none-any.whl (107 kB)
Downloading pymupdf-1.27.2.3-cp310-abi3-manylinux_2_28_x86_64.whl (25.0 MB)
   ━━━━━━━━━━━━━━━━━━━━━━━━━━━━━━━━━━━━━━━━ 25.0/25.0 MB 127.5 MB/s  0:00:00
Downloading docling-2.92.0-py3-none-any.whl (4.8 kB)
Downloading docling_slim-2.92.0-py3-none-any.whl (503 kB)
Downloading python_docx-1.2.0-py3-none-any.whl (252 kB)
Downloading tqdm-4.67.3-py3-none-any.whl (78 kB)
Downloading numpy-2.4.4-cp311-cp311-manylinux_2_27_x86_64.manylinux_2_28_x86_64.whl (16.9 MB)
   ━━━━━━━━━━━━━━━━━━━━━━━━━━━━━━━━━━━━━━━━ 16.9/16.9 MB 146.1 MB/s  0:00:00
Downloading torch-2.11.0-cp311-cp311-manylinux_2_28_x86_64.whl (530.6 MB)
   ━━━━━━━━━━━━━━━━━━━━━━━━━━━━━━━━━━━━━━━━ 530.6/530.6 MB 96.1 MB/s  0:00:04
Downloading cuda_toolkit-13.0.2-py2.py3-none-any.whl (2.4 kB)
Downloading nvidia_cudnn_cu13-9.19.0.56-py3-none-manylinux_2_27_x86_64.whl (366.1 MB)
   ━━━━━━━━━━━━━━━━━━━━━━━━━━━━━━━━━━━━━━━━ 366.1/366.1 MB 134.7 MB/s  0:00:02
Downloading nvidia_cusparselt_cu13-0.8.0-py3-none-manylinux2014_x86_64.whl (169.9 MB)
   ━━━━━━━━━━━━━━━━━━━━━━━━━━━━━━━━━━━━━━━━ 169.9/169.9 MB 154.2 MB/s  0:00:01
Downloading nvidia_nccl_cu13-2.28.9-py3-none-manylinux_2_18_x86_64.whl (196.5 MB)
   ━━━━━━━━━━━━━━━━━━━━━━━━━━━━━━━━━━━━━━━━ 196.5/196.5 MB 146.0 MB/s  0:00:01
Downloading nvidia_nvshmem_cu13-3.4.5-py3-none-manylinux2014_x86_64.manylinux_2_17_x86_64.whl (60.4 MB)
   ━━━━━━━━━━━━━━━━━━━━━━━━━━━━━━━━━━━━━━━━ 60.4/60.4 MB 154.7 MB/s  0:00:00
Downloading triton-3.6.0-cp311-cp311-manylinux_2_27_x86_64.manylinux_2_28_x86_64.whl (188.2 MB)
   ━━━━━━━━━━━━━━━━━━━━━━━━━━━━━━━━━━━━━━━━ 188.2/188.2 MB 147.1 MB/s  0:00:01
Downloading accelerate-1.13.0-py3-none-any.whl (383 kB)
Downloading cuda_bindings-13.2.0-cp311-cp311-manylinux_2_24_x86_64.manylinux_2_28_x86_64.whl (6.3 MB)
   ━━━━━━━━━━━━━━━━━━━━━━━━━━━━━━━━━━━━━━━━ 6.3/6.3 MB 101.0 MB/s  0:00:00
Downloading cuda_pathfinder-1.5.4-py3-none-any.whl (51 kB)
Downloading defusedxml-0.7.1-py2.py3-none-any.whl (25 kB)
Downloading docling_core-2.74.1-py3-none-any.whl (276 kB)
Downloading pandas-3.0.2-cp311-cp311-manylinux_2_24_x86_64.manylinux_2_28_x86_64.whl (11.3 MB)
   ━━━━━━━━━━━━━━━━━━━━━━━━━━━━━━━━━━━━━━━━ 11.3/11.3 MB 137.0 MB/s  0:00:00
Downloading transformers-5.7.0-py3-none-any.whl (10.5 MB)
   ━━━━━━━━━━━━━━━━━━━━━━━━━━━━━━━━━━━━━━━━ 10.5/10.5 MB 136.2 MB/s  0:00:00
Downloading docling_ibm_models-3.13.2-py3-none-any.whl (94 kB)
Downloading docling_parse-5.10.1-cp311-cp311-manylinux_2_27_x86_64.manylinux_2_28_x86_64.whl (10.2 MB)
   ━━━━━━━━━━━━━━━━━━━━━━━━━━━━━━━━━━━━━━━━ 10.2/10.2 MB 128.9 MB/s  0:00:00
Downloading filetype-1.2.0-py2.py3-none-any.whl (19 kB)
Downloading httpx-0.28.1-py3-none-any.whl (73 kB)
Downloading httpcore-1.0.9-py3-none-any.whl (78 kB)
Downloading huggingface_hub-1.13.0-py3-none-any.whl (660 kB)
   ━━━━━━━━━━━━━━━━━━━━━━━━━━━━━━━━━━━━━━━━ 660.6/660.6 kB 37.4 MB/s  0:00:00
Downloading hf_xet-1.4.3-cp37-abi3-manylinux2014_x86_64.manylinux_2_17_x86_64.whl (4.2 MB)
   ━━━━━━━━━━━━━━━━━━━━━━━━━━━━━━━━━━━━━━━━ 4.2/4.2 MB 112.5 MB/s  0:00:00
Downloading jsonlines-4.0.0-py3-none-any.whl (8.7 kB)
Downloading jsonref-1.1.0-py3-none-any.whl (9.4 kB)
Downloading jsonschema-4.26.0-py3-none-any.whl (90 kB)
Downloading latex2mathml-3.81.0-py3-none-any.whl (79 kB)
Downloading lxml-6.1.0-cp311-cp311-manylinux_2_26_x86_64.manylinux_2_28_x86_64.whl (5.2 MB)
   ━━━━━━━━━━━━━━━━━━━━━━━━━━━━━━━━━━━━━━━━ 5.2/5.2 MB 116.9 MB/s  0:00:00
Downloading marko-2.2.2-py3-none-any.whl (42 kB)
Downloading nvidia_cublas-13.1.0.3-py3-none-manylinux_2_27_x86_64.whl (423.1 MB)
   ━━━━━━━━━━━━━━━━━━━━━━━━━━━━━━━━━━━━━━━━ 423.1/423.1 MB 146.1 MB/s  0:00:02
Downloading nvidia_cuda_cupti-13.0.85-py3-none-manylinux_2_25_x86_64.whl (10.7 MB)
   ━━━━━━━━━━━━━━━━━━━━━━━━━━━━━━━━━━━━━━━━ 10.7/10.7 MB 131.7 MB/s  0:00:00
Downloading nvidia_cuda_nvrtc-13.0.88-py3-none-manylinux2010_x86_64.manylinux_2_12_x86_64.whl (90.2 MB)
   ━━━━━━━━━━━━━━━━━━━━━━━━━━━━━━━━━━━━━━━━ 90.2/90.2 MB 133.0 MB/s  0:00:00
Downloading nvidia_cuda_runtime-13.0.96-py3-none-manylinux2014_x86_64.manylinux_2_17_x86_64.whl (2.2 MB)
   ━━━━━━━━━━━━━━━━━━━━━━━━━━━━━━━━━━━━━━━━ 2.2/2.2 MB 120.8 MB/s  0:00:00
Downloading nvidia_cufft-12.0.0.61-py3-none-manylinux2014_x86_64.manylinux_2_17_x86_64.whl (214.1 MB)
   ━━━━━━━━━━━━━━━━━━━━━━━━━━━━━━━━━━━━━━━━ 214.1/214.1 MB 150.7 MB/s  0:00:01
Downloading nvidia_cufile-1.15.1.6-py3-none-manylinux2014_x86_64.manylinux_2_17_x86_64.whl (1.2 MB)
   ━━━━━━━━━━━━━━━━━━━━━━━━━━━━━━━━━━━━━━━━ 1.2/1.2 MB 79.3 MB/s  0:00:00
Downloading nvidia_curand-10.4.0.35-py3-none-manylinux_2_27_x86_64.whl (59.5 MB)
   ━━━━━━━━━━━━━━━━━━━━━━━━━━━━━━━━━━━━━━━━ 59.5/59.5 MB 151.5 MB/s  0:00:00
Downloading nvidia_cusolver-12.0.4.66-py3-none-manylinux_2_27_x86_64.whl (200.9 MB)
   ━━━━━━━━━━━━━━━━━━━━━━━━━━━━━━━━━━━━━━━━ 200.9/200.9 MB 155.4 MB/s  0:00:01
Downloading nvidia_cusparse-12.6.3.3-py3-none-manylinux2014_x86_64.manylinux_2_17_x86_64.whl (145.9 MB)
   ━━━━━━━━━━━━━━━━━━━━━━━━━━━━━━━━━━━━━━━━ 145.9/145.9 MB 156.9 MB/s  0:00:00
Downloading nvidia_nvjitlink-13.0.88-py3-none-manylinux2010_x86_64.manylinux_2_12_x86_64.whl (40.7 MB)
   ━━━━━━━━━━━━━━━━━━━━━━━━━━━━━━━━━━━━━━━━ 40.7/40.7 MB 157.3 MB/s  0:00:00
Downloading nvidia_nvtx-13.0.85-py3-none-manylinux1_x86_64.manylinux_2_5_x86_64.whl (148 kB)
Downloading openpyxl-3.1.5-py2.py3-none-any.whl (250 kB)
Downloading pillow-12.2.0-cp311-cp311-manylinux_2_27_x86_64.manylinux_2_28_x86_64.whl (7.1 MB)
   ━━━━━━━━━━━━━━━━━━━━━━━━━━━━━━━━━━━━━━━━ 7.1/7.1 MB 104.2 MB/s  0:00:00
Downloading pluggy-1.6.0-py3-none-any.whl (20 kB)
Downloading pydantic-2.13.3-py3-none-any.whl (471 kB)
Downloading pydantic_core-2.46.3-cp311-cp311-manylinux_2_17_x86_64.manylinux2014_x86_64.whl (2.1 MB)
   ━━━━━━━━━━━━━━━━━━━━━━━━━━━━━━━━━━━━━━━━ 2.1/2.1 MB 117.4 MB/s  0:00:00
Downloading pydantic_settings-2.14.0-py3-none-any.whl (60 kB)
Downloading pypdfium2-5.8.0-py3-none-manylinux_2_17_x86_64.manylinux2014_x86_64.whl (3.7 MB)
   ━━━━━━━━━━━━━━━━━━━━━━━━━━━━━━━━━━━━━━━━ 3.7/3.7 MB 104.4 MB/s  0:00:00
Downloading python_pptx-1.0.2-py3-none-any.whl (472 kB)
Downloading pyyaml-6.0.3-cp311-cp311-manylinux2014_x86_64.manylinux_2_17_x86_64.manylinux_2_28_x86_64.whl (806 kB)
   ━━━━━━━━━━━━━━━━━━━━━━━━━━━━━━━━━━━━━━━━ 806.6/806.6 kB 49.0 MB/s  0:00:00
Downloading rapidocr-3.8.1-py3-none-any.whl (15.1 MB)
   ━━━━━━━━━━━━━━━━━━━━━━━━━━━━━━━━━━━━━━━━ 15.1/15.1 MB 139.1 MB/s  0:00:00
Downloading rtree-1.4.1-py3-none-manylinux_2_24_x86_64.manylinux_2_28_x86_64.whl (507 kB)
Downloading safetensors-0.7.0-cp38-abi3-manylinux_2_17_x86_64.manylinux2014_x86_64.whl (507 kB)
Downloading scipy-1.17.1-cp311-cp311-manylinux_2_27_x86_64.manylinux_2_28_x86_64.whl (35.3 MB)
   ━━━━━━━━━━━━━━━━━━━━━━━━━━━━━━━━━━━━━━━━ 35.3/35.3 MB 152.1 MB/s  0:00:00
Downloading semchunk-3.2.5-py3-none-any.whl (13 kB)
Downloading tabulate-0.10.0-py3-none-any.whl (39 kB)
Downloading tokenizers-0.22.2-cp39-abi3-manylinux_2_17_x86_64.manylinux2014_x86_64.whl (3.3 MB)
   ━━━━━━━━━━━━━━━━━━━━━━━━━━━━━━━━━━━━━━━━ 3.3/3.3 MB 165.6 MB/s  0:00:00
Downloading torchvision-0.26.0-cp311-cp311-manylinux_2_28_x86_64.whl (7.5 MB)
   ━━━━━━━━━━━━━━━━━━━━━━━━━━━━━━━━━━━━━━━━ 7.5/7.5 MB 122.7 MB/s  0:00:00
Downloading tree_sitter-0.25.2-cp311-cp311-manylinux2014_x86_64.manylinux_2_17_x86_64.manylinux_2_28_x86_64.whl (632 kB)
   ━━━━━━━━━━━━━━━━━━━━━━━━━━━━━━━━━━━━━━━━ 632.2/632.2 kB 42.0 MB/s  0:00:00
Downloading typer-0.21.2-py3-none-any.whl (56 kB)
Downloading typing_extensions-4.15.0-py3-none-any.whl (44 kB)
Downloading websockets-16.0-cp311-cp311-manylinux1_x86_64.manylinux_2_28_x86_64.manylinux_2_5_x86_64.whl (184 kB)
Downloading sentence_transformers-5.4.1-py3-none-any.whl (571 kB)
   ━━━━━━━━━━━━━━━━━━━━━━━━━━━━━━━━━━━━━━━━ 571.3/571.3 kB 27.4 MB/s  0:00:00
Downloading faiss_cpu-1.13.2-cp310-abi3-manylinux_2_27_x86_64.manylinux_2_28_x86_64.whl (23.8 MB)
   ━━━━━━━━━━━━━━━━━━━━━━━━━━━━━━━━━━━━━━━━ 23.8/23.8 MB 152.3 MB/s  0:00:00
Downloading bitsandbytes-0.49.2-py3-none-manylinux_2_24_x86_64.whl (60.7 MB)
   ━━━━━━━━━━━━━━━━━━━━━━━━━━━━━━━━━━━━━━━━ 60.7/60.7 MB 161.2 MB/s  0:00:00
Downloading rank_bm25-0.2.2-py3-none-any.whl (8.6 kB)
Downloading python_dotenv-1.2.2-py3-none-any.whl (22 kB)
Downloading streamlit-1.57.0-py3-none-any.whl (9.2 MB)
   ━━━━━━━━━━━━━━━━━━━━━━━━━━━━━━━━━━━━━━━━ 9.2/9.2 MB 132.1 MB/s  0:00:00
Downloading altair-6.1.0-py3-none-any.whl (796 kB)
   ━━━━━━━━━━━━━━━━━━━━━━━━━━━━━━━━━━━━━━━━ 797.0/797.0 kB 46.1 MB/s  0:00:00
Downloading blinker-1.9.0-py3-none-any.whl (8.5 kB)
Downloading cachetools-7.1.1-py3-none-any.whl (16 kB)
Downloading click-8.3.3-py3-none-any.whl (110 kB)
Downloading gitpython-3.1.49-py3-none-any.whl (212 kB)
Downloading gitdb-4.0.12-py3-none-any.whl (62 kB)
Downloading protobuf-7.34.1-cp310-abi3-manylinux2014_x86_64.whl (324 kB)
Downloading pydeck-0.9.2-py2.py3-none-any.whl (11.3 MB)
   ━━━━━━━━━━━━━━━━━━━━━━━━━━━━━━━━━━━━━━━━ 11.3/11.3 MB 120.6 MB/s  0:00:00
Downloading smmap-5.0.3-py3-none-any.whl (24 kB)
Downloading tenacity-9.1.4-py3-none-any.whl (28 kB)
Downloading toml-0.10.2-py2.py3-none-any.whl (16 kB)
Downloading watchdog-6.0.0-py3-none-manylinux2014_x86_64.whl (79 kB)
Downloading jupyter-1.1.1-py2.py3-none-any.whl (2.7 kB)
Downloading matplotlib-3.10.9-cp311-cp311-manylinux2014_x86_64.manylinux_2_17_x86_64.whl (8.8 MB)
   ━━━━━━━━━━━━━━━━━━━━━━━━━━━━━━━━━━━━━━━━ 8.8/8.8 MB 108.8 MB/s  0:00:00
Downloading annotated_doc-0.0.4-py3-none-any.whl (5.3 kB)
Downloading annotated_types-0.7.0-py3-none-any.whl (13 kB)
Downloading anyio-4.13.0-py3-none-any.whl (114 kB)
Downloading attrs-26.1.0-py3-none-any.whl (67 kB)
Downloading certifi-2026.4.22-py3-none-any.whl (135 kB)
Downloading contourpy-1.3.3-cp311-cp311-manylinux_2_27_x86_64.manylinux_2_28_x86_64.whl (355 kB)
Downloading cycler-0.12.1-py3-none-any.whl (8.3 kB)
Downloading filelock-3.29.0-py3-none-any.whl (39 kB)
Downloading fonttools-4.62.1-cp311-cp311-manylinux2014_x86_64.manylinux_2_17_x86_64.whl (5.1 MB)
   ━━━━━━━━━━━━━━━━━━━━━━━━━━━━━━━━━━━━━━━━ 5.1/5.1 MB 106.8 MB/s  0:00:00
Downloading fsspec-2026.4.0-py3-none-any.whl (203 kB)
Downloading h11-0.16.0-py3-none-any.whl (37 kB)
Downloading httptools-0.7.1-cp311-cp311-manylinux1_x86_64.manylinux_2_28_x86_64.manylinux_2_5_x86_64.whl (456 kB)
Downloading itsdangerous-2.2.0-py3-none-any.whl (16 kB)
Downloading jinja2-3.1.6-py3-none-any.whl (134 kB)
Downloading jsonschema_specifications-2025.9.1-py3-none-any.whl (18 kB)
Downloading kiwisolver-1.5.0-cp311-cp311-manylinux2014_x86_64.manylinux_2_17_x86_64.whl (1.4 MB)
   ━━━━━━━━━━━━━━━━━━━━━━━━━━━━━━━━━━━━━━━━ 1.4/1.4 MB 96.3 MB/s  0:00:00
Downloading markupsafe-3.0.3-cp311-cp311-manylinux2014_x86_64.manylinux_2_17_x86_64.manylinux_2_28_x86_64.whl (22 kB)
Downloading narwhals-2.20.0-py3-none-any.whl (449 kB)
Downloading networkx-3.6.1-py3-none-any.whl (2.1 MB)
   ━━━━━━━━━━━━━━━━━━━━━━━━━━━━━━━━━━━━━━━━ 2.1/2.1 MB 95.9 MB/s  0:00:00
Downloading opencv_python-4.13.0.92-cp37-abi3-manylinux_2_28_x86_64.whl (72.9 MB)
   ━━━━━━━━━━━━━━━━━━━━━━━━━━━━━━━━━━━━━━━━ 72.9/72.9 MB 157.2 MB/s  0:00:00
Downloading packaging-26.2-py3-none-any.whl (100 kB)
Downloading polyfactory-3.3.0-py3-none-any.whl (62 kB)
Downloading faker-40.15.0-py3-none-any.whl (2.0 MB)
   ━━━━━━━━━━━━━━━━━━━━━━━━━━━━━━━━━━━━━━━━ 2.0/2.0 MB 101.4 MB/s  0:00:00
Downloading pyarrow-24.0.0-cp311-cp311-manylinux_2_28_x86_64.whl (48.8 MB)
   ━━━━━━━━━━━━━━━━━━━━━━━━━━━━━━━━━━━━━━━━ 48.8/48.8 MB 159.7 MB/s  0:00:00
Downloading pyclipper-1.4.0-cp311-cp311-manylinux2014_x86_64.manylinux_2_17_x86_64.whl (989 kB)
   ━━━━━━━━━━━━━━━━━━━━━━━━━━━━━━━━━━━━━━━━ 989.6/989.6 kB 62.6 MB/s  0:00:00
Downloading pyparsing-3.3.2-py3-none-any.whl (122 kB)
Downloading python_dateutil-2.9.0.post0-py2.py3-none-any.whl (229 kB)
Downloading python_multipart-0.0.27-py3-none-any.whl (29 kB)
Downloading referencing-0.37.0-py3-none-any.whl (26 kB)
Downloading regex-2026.4.4-cp311-cp311-manylinux2014_x86_64.manylinux_2_17_x86_64.manylinux_2_28_x86_64.whl (799 kB)
   ━━━━━━━━━━━━━━━━━━━━━━━━━━━━━━━━━━━━━━━━ 799.8/799.8 kB 45.3 MB/s  0:00:00
Downloading rich-15.0.0-py3-none-any.whl (310 kB)
Downloading pygments-2.20.0-py3-none-any.whl (1.2 MB)
   ━━━━━━━━━━━━━━━━━━━━━━━━━━━━━━━━━━━━━━━━ 1.2/1.2 MB 30.0 MB/s  0:00:00
Downloading markdown_it_py-4.0.0-py3-none-any.whl (87 kB)
Downloading mdurl-0.1.2-py3-none-any.whl (10.0 kB)
Downloading rpds_py-0.30.0-cp311-cp311-manylinux_2_17_x86_64.manylinux2014_x86_64.whl (390 kB)
Downloading scikit_learn-1.8.0-cp311-cp311-manylinux_2_27_x86_64.manylinux_2_28_x86_64.whl (9.1 MB)
   ━━━━━━━━━━━━━━━━━━━━━━━━━━━━━━━━━━━━━━━━ 9.1/9.1 MB 132.8 MB/s  0:00:00
Downloading joblib-1.5.3-py3-none-any.whl (309 kB)
Downloading shapely-2.1.2-cp311-cp311-manylinux2014_x86_64.manylinux_2_17_x86_64.whl (3.1 MB)
   ━━━━━━━━━━━━━━━━━━━━━━━━━━━━━━━━━━━━━━━━ 3.1/3.1 MB 106.1 MB/s  0:00:00
Downloading shellingham-1.5.4-py2.py3-none-any.whl (9.8 kB)
Downloading six-1.17.0-py2.py3-none-any.whl (11 kB)
Downloading soupsieve-2.8.3-py3-none-any.whl (37 kB)
Downloading starlette-1.0.0-py3-none-any.whl (72 kB)
Downloading sympy-1.14.0-py3-none-any.whl (6.3 MB)
   ━━━━━━━━━━━━━━━━━━━━━━━━━━━━━━━━━━━━━━━━ 6.3/6.3 MB 120.9 MB/s  0:00:00
Downloading mpmath-1.3.0-py3-none-any.whl (536 kB)
   ━━━━━━━━━━━━━━━━━━━━━━━━━━━━━━━━━━━━━━━━ 536.2/536.2 kB 30.8 MB/s  0:00:00
Downloading threadpoolctl-3.6.0-py3-none-any.whl (18 kB)
Downloading tree_sitter_c-0.24.2-cp310-abi3-manylinux1_x86_64.manylinux_2_28_x86_64.manylinux_2_5_x86_64.whl (94 kB)
Downloading tree_sitter_javascript-0.25.0-cp310-abi3-manylinux1_x86_64.manylinux_2_28_x86_64.manylinux_2_5_x86_64.whl (99 kB)
Downloading tree_sitter_python-0.25.0-cp310-abi3-manylinux1_x86_64.manylinux_2_28_x86_64.manylinux_2_5_x86_64.whl (108 kB)
Downloading tree_sitter_typescript-0.23.2-cp39-abi3-manylinux_2_5_x86_64.manylinux1_x86_64.manylinux_2_17_x86_64.manylinux2014_x86_64.whl (344 kB)
Downloading typing_inspection-0.4.2-py3-none-any.whl (14 kB)
Downloading uvicorn-0.46.0-py3-none-any.whl (70 kB)
Downloading xlsxwriter-3.2.9-py3-none-any.whl (175 kB)
Downloading colorlog-6.10.1-py3-none-any.whl (11 kB)
Downloading et_xmlfile-2.0.0-py3-none-any.whl (18 kB)
Downloading ipykernel-7.2.0-py3-none-any.whl (118 kB)
Downloading comm-0.2.3-py3-none-any.whl (7.3 kB)
Downloading debugpy-1.8.20-cp311-cp311-manylinux_2_34_x86_64.whl (3.2 MB)
   ━━━━━━━━━━━━━━━━━━━━━━━━━━━━━━━━━━━━━━━━ 3.2/3.2 MB 100.6 MB/s  0:00:00
Downloading ipython-9.13.0-py3-none-any.whl (627 kB)
   ━━━━━━━━━━━━━━━━━━━━━━━━━━━━━━━━━━━━━━━━ 627.3/627.3 kB 39.8 MB/s  0:00:00
Downloading prompt_toolkit-3.0.52-py3-none-any.whl (391 kB)
Downloading decorator-5.2.1-py3-none-any.whl (9.2 kB)
Downloading ipython_pygments_lexers-1.1.1-py3-none-any.whl (8.1 kB)
Downloading jedi-0.20.0-py2.py3-none-any.whl (4.9 MB)
   ━━━━━━━━━━━━━━━━━━━━━━━━━━━━━━━━━━━━━━━━ 4.9/4.9 MB 110.4 MB/s  0:00:00
Downloading parso-0.8.7-py2.py3-none-any.whl (107 kB)
Downloading jupyter_client-8.8.0-py3-none-any.whl (107 kB)
Downloading jupyter_core-5.9.1-py3-none-any.whl (29 kB)
Downloading matplotlib_inline-0.2.1-py3-none-any.whl (9.5 kB)
Downloading nest_asyncio-1.6.0-py3-none-any.whl (5.2 kB)
Downloading pexpect-4.9.0-py2.py3-none-any.whl (63 kB)
Downloading platformdirs-4.9.6-py3-none-any.whl (21 kB)
Downloading psutil-7.2.2-cp36-abi3-manylinux2010_x86_64.manylinux_2_12_x86_64.manylinux_2_28_x86_64.whl (155 kB)
Downloading ptyprocess-0.7.0-py2.py3-none-any.whl (13 kB)
Downloading pyzmq-27.1.0-cp311-cp311-manylinux_2_26_x86_64.manylinux_2_28_x86_64.whl (857 kB)
   ━━━━━━━━━━━━━━━━━━━━━━━━━━━━━━━━━━━━━━━━ 857.0/857.0 kB 59.6 MB/s  0:00:00
Downloading stack_data-0.6.3-py3-none-any.whl (24 kB)
Downloading asttokens-3.0.1-py3-none-any.whl (27 kB)
Downloading executing-2.2.1-py2.py3-none-any.whl (28 kB)
Downloading tornado-6.5.5-cp39-abi3-manylinux1_x86_64.manylinux_2_28_x86_64.manylinux_2_5_x86_64.whl (447 kB)
Downloading traitlets-5.14.3-py3-none-any.whl (85 kB)
Downloading ipywidgets-8.1.8-py3-none-any.whl (139 kB)
Downloading jupyterlab_widgets-3.0.16-py3-none-any.whl (914 kB)
   ━━━━━━━━━━━━━━━━━━━━━━━━━━━━━━━━━━━━━━━━ 914.9/914.9 kB 52.2 MB/s  0:00:00
Downloading widgetsnbextension-4.0.15-py3-none-any.whl (2.2 MB)
   ━━━━━━━━━━━━━━━━━━━━━━━━━━━━━━━━━━━━━━━━ 2.2/2.2 MB 93.9 MB/s  0:00:00
Downloading jupyter_console-6.6.3-py3-none-any.whl (24 kB)
Downloading jupyterlab-4.5.7-py3-none-any.whl (12.5 MB)
   ━━━━━━━━━━━━━━━━━━━━━━━━━━━━━━━━━━━━━━━━ 12.5/12.5 MB 130.2 MB/s  0:00:00
Downloading jupyter_server-2.18.1-py3-none-any.whl (391 kB)
Downloading jupyterlab_server-2.28.0-py3-none-any.whl (59 kB)
Downloading argon2_cffi-25.1.0-py3-none-any.whl (14 kB)
Downloading async_lru-2.3.0-py3-none-any.whl (8.4 kB)
Downloading babel-2.18.0-py3-none-any.whl (10.2 MB)
   ━━━━━━━━━━━━━━━━━━━━━━━━━━━━━━━━━━━━━━━━ 10.2/10.2 MB 132.6 MB/s  0:00:00
Downloading json5-0.14.0-py3-none-any.whl (36 kB)
Downloading jupyter_events-0.12.1-py3-none-any.whl (19 kB)
Downloading jsonpointer-3.1.1-py3-none-any.whl (7.7 kB)
Downloading jupyter_lsp-2.3.1-py3-none-any.whl (77 kB)
Downloading jupyter_server_terminals-0.5.4-py3-none-any.whl (13 kB)
Downloading nbconvert-7.17.1-py3-none-any.whl (261 kB)
Downloading mistune-3.2.1-py3-none-any.whl (53 kB)
Downloading bleach-6.3.0-py3-none-any.whl (164 kB)
Downloading tinycss2-1.4.0-py3-none-any.whl (26 kB)
Downloading nbclient-0.10.4-py3-none-any.whl (25 kB)
Downloading nbformat-5.10.4-py3-none-any.whl (78 kB)
Downloading fastjsonschema-2.21.2-py3-none-any.whl (24 kB)
Downloading notebook_shim-0.2.4-py3-none-any.whl (13 kB)
Downloading overrides-7.7.0-py3-none-any.whl (17 kB)
Downloading pandocfilters-1.5.1-py2.py3-none-any.whl (8.7 kB)
Downloading prometheus_client-0.25.0-py3-none-any.whl (64 kB)
Downloading python_json_logger-4.1.0-py3-none-any.whl (15 kB)
Downloading rfc3986_validator-0.1.1-py2.py3-none-any.whl (4.2 kB)
Downloading rfc3987_syntax-1.1.0-py3-none-any.whl (8.0 kB)
Downloading lark-1.3.1-py3-none-any.whl (113 kB)
Downloading send2trash-2.1.0-py3-none-any.whl (17 kB)
Downloading terminado-0.18.1-py3-none-any.whl (14 kB)
Downloading webcolors-25.10.0-py3-none-any.whl (14 kB)
Downloading webencodings-0.5.1-py2.py3-none-any.whl (11 kB)
Downloading websocket_client-1.9.0-py3-none-any.whl (82 kB)
Downloading argon2_cffi_bindings-25.1.0-cp39-abi3-manylinux_2_26_x86_64.manylinux_2_28_x86_64.whl (87 kB)
Downloading cffi-2.0.0-cp311-cp311-manylinux2014_x86_64.manylinux_2_17_x86_64.whl (215 kB)
Downloading fqdn-1.5.1-py3-none-any.whl (9.1 kB)
Downloading isoduration-20.11.0-py3-none-any.whl (11 kB)
Downloading arrow-1.4.0-py3-none-any.whl (68 kB)
Downloading jupyterlab_pygments-0.3.0-py3-none-any.whl (15 kB)
Downloading mpire-2.10.2-py3-none-any.whl (272 kB)
Downloading multiprocess-0.70.19-py311-none-any.whl (144 kB)
Downloading dill-0.4.1-py3-none-any.whl (120 kB)
Downloading notebook-7.5.6-py3-none-any.whl (14.6 MB)
   ━━━━━━━━━━━━━━━━━━━━━━━━━━━━━━━━━━━━━━━━ 14.6/14.6 MB 143.2 MB/s  0:00:00
Downloading omegaconf-2.3.0-py3-none-any.whl (79 kB)
Downloading pure_eval-0.2.3-py3-none-any.whl (11 kB)
Downloading pycparser-3.0-py3-none-any.whl (48 kB)
Downloading rfc3339_validator-0.1.4-py2.py3-none-any.whl (3.5 kB)
Downloading tzdata-2026.2-py2.py3-none-any.whl (349 kB)
Downloading uri_template-1.3.0-py3-none-any.whl (11 kB)
Downloading wcwidth-0.7.0-py3-none-any.whl (110 kB)
Building wheels for collected packages: pylatexenc, langdetect, antlr4-python3-runtime
  Building wheel for pylatexenc (pyproject.toml): started
  Building wheel for pylatexenc (pyproject.toml): finished with status 'done'
  Created wheel for pylatexenc: filename=pylatexenc-2.10-py3-none-any.whl size=136897 sha256=6287dc7e64b2f0201c87aeae1503b3834ad08ee973a28a849950fa50dbb18d19
  Stored in directory: /d/hpc/home/uv5439/.cache/pip/wheels/b1/7a/33/9fdd892f784ed4afda62b685ae3703adf4c91aa0f524c28f03
  Building wheel for langdetect (pyproject.toml): started
  Building wheel for langdetect (pyproject.toml): finished with status 'done'
  Created wheel for langdetect: filename=langdetect-1.0.9-py3-none-any.whl size=993332 sha256=3dc90c43de262d17293fc513f7bb0bf4d46694cb00aa7aec0ace415272d2873b
  Stored in directory: /d/hpc/home/uv5439/.cache/pip/wheels/0a/f2/b2/e5ca405801e05eb7c8ed5b3b4bcf1fcabcd6272c167640072e
  Building wheel for antlr4-python3-runtime (pyproject.toml): started
  Building wheel for antlr4-python3-runtime (pyproject.toml): finished with status 'done'
  Created wheel for antlr4-python3-runtime: filename=antlr4_python3_runtime-4.9.3-py3-none-any.whl size=144590 sha256=e1166207ab861b118f54692175b6a6d16c3269a55d89361b94589417b8fa1130
  Stored in directory: /d/hpc/home/uv5439/.cache/pip/wheels/1a/97/32/461f837398029ad76911109f07047fde1d7b661a147c7c56d1
Successfully built pylatexenc langdetect antlr4-python3-runtime
Installing collected packages: webencodings, pylatexenc, pure-eval, ptyprocess, nvidia-cusparselt-cu13, mpmath, filetype, fastjsonschema, cuda-toolkit, antlr4-python3-runtime, XlsxWriter, widgetsnbextension, websockets, websocket-client, webcolors, wcwidth, watchdog, urllib3, uri-template, tzdata, typing-extensions, triton, tree-sitter-typescript, tree-sitter-python, tree-sitter-javascript, tree-sitter-c, tree-sitter, traitlets, tqdm, tornado, toml, tinycss2, threadpoolctl, tenacity, tabulate, sympy, soupsieve, smmap, six, shellingham, send2trash, safetensors, rtree, rpds-py, rfc3986-validator, regex, pyzmq, pyyaml, python-multipart, python-json-logger, python-dotenv, pypdfium2, pyparsing, PyMuPDF, pygments, pycparser, pyclipper, pyarrow, psutil, protobuf, prometheus-client, pluggy, platformdirs, pillow, pexpect, parso, pandocfilters, packaging, overrides, nvidia-nvtx, nvidia-nvshmem-cu13, nvidia-nvjitlink, nvidia-nccl-cu13, nvidia-curand, nvidia-cufile, nvidia-cuda-runtime, nvidia-cuda-nvrtc, nvidia-cuda-cupti, nvidia-cublas, numpy, networkx, nest-asyncio, narwhals, mistune, mdurl, MarkupSafe, marko, lxml, latex2mathml, lark, kiwisolver, jupyterlab_widgets, jupyterlab-pygments, jsonref, jsonpointer, json5, joblib, itsdangerous, idna, httptools, hf-xet, h11, fsspec, fqdn, fonttools, filelock, faker, executing, et-xmlfile, dill, defusedxml, decorator, debugpy, cycler, cuda-pathfinder, comm, colorlog, click, charset_normalizer, certifi, cachetools, blinker, bleach, babel, attrs, async-lru, asttokens, annotated-types, annotated-doc, uvicorn, typing-inspection, terminado, stack_data, Shapely, scipy, rfc3987-syntax, rfc3339-validator, requests, referencing, rank-bm25, python-pptx, python-docx, python-dateutil, pydantic-core, prompt_toolkit, polyfactory, openpyxl, opencv_python, omegaconf, nvidia-cusparse, nvidia-cufft, nvidia-cudnn-cu13, multiprocess, mpire, matplotlib-inline, markdown-it-py, langdetect, jupyter-core, jsonlines, jinja2, jedi, ipython-pygments-lexers, httpcore, gitdb, faiss-cpu, cuda-bindings, contourpy, cffi, beautifulsoup4, anyio, starlette, scikit-learn, rich, rapidocr, pydeck, pydantic, pandas, nvidia-cusolver, matplotlib, jupyter-server-terminals, jupyter-client, jsonschema-specifications, ipython, httpx, gitpython, arrow, argon2-cffi-bindings, typer, semchunk, pydantic-settings, jsonschema, isoduration, ipywidgets, ipykernel, argon2-cffi, torch, nbformat, jupyter-console, huggingface-hub, docling-core, altair, torchvision, tokenizers, streamlit, nbclient, jupyter-events, docling-slim, docling-parse, bitsandbytes, accelerate, transformers, nbconvert, sentence-transformers, jupyter-server, docling-ibm-models, notebook-shim, jupyterlab-server, jupyter-lsp, jupyterlab, docling, notebook, jupyter

Successfully installed MarkupSafe-3.0.3 PyMuPDF-1.27.2.3 Shapely-2.1.2 XlsxWriter-3.2.9 accelerate-1.13.0 altair-6.1.0 annotated-doc-0.0.4 annotated-types-0.7.0 antlr4-python3-runtime-4.9.3 anyio-4.13.0 argon2-cffi-25.1.0 argon2-cffi-bindings-25.1.0 arrow-1.4.0 asttokens-3.0.1 async-lru-2.3.0 attrs-26.1.0 babel-2.18.0 beautifulsoup4-4.14.3 bitsandbytes-0.49.2 bleach-6.3.0 blinker-1.9.0 cachetools-7.1.1 certifi-2026.4.22 cffi-2.0.0 charset_normalizer-3.4.7 click-8.3.3 colorlog-6.10.1 comm-0.2.3 contourpy-1.3.3 cuda-bindings-13.2.0 cuda-pathfinder-1.5.4 cuda-toolkit-13.0.2 cycler-0.12.1 debugpy-1.8.20 decorator-5.2.1 defusedxml-0.7.1 dill-0.4.1 docling-2.92.0 docling-core-2.74.1 docling-ibm-models-3.13.2 docling-parse-5.10.1 docling-slim-2.92.0 et-xmlfile-2.0.0 executing-2.2.1 faiss-cpu-1.13.2 faker-40.15.0 fastjsonschema-2.21.2 filelock-3.29.0 filetype-1.2.0 fonttools-4.62.1 fqdn-1.5.1 fsspec-2026.4.0 gitdb-4.0.12 gitpython-3.1.49 h11-0.16.0 hf-xet-1.4.3 httpcore-1.0.9 httptools-0.7.1 httpx-0.28.1 huggingface-hub-1.13.0 idna-3.13 ipykernel-7.2.0 ipython-9.13.0 ipython-pygments-lexers-1.1.1 ipywidgets-8.1.8 isoduration-20.11.0 itsdangerous-2.2.0 jedi-0.20.0 jinja2-3.1.6 joblib-1.5.3 json5-0.14.0 jsonlines-4.0.0 jsonpointer-3.1.1 jsonref-1.1.0 jsonschema-4.26.0 jsonschema-specifications-2025.9.1 jupyter-1.1.1 jupyter-client-8.8.0 jupyter-console-6.6.3 jupyter-core-5.9.1 jupyter-events-0.12.1 jupyter-lsp-2.3.1 jupyter-server-2.18.1 jupyter-server-terminals-0.5.4 jupyterlab-4.5.7 jupyterlab-pygments-0.3.0 jupyterlab-server-2.28.0 jupyterlab_widgets-3.0.16 kiwisolver-1.5.0 langdetect-1.0.9 lark-1.3.1 latex2mathml-3.81.0 lxml-6.1.0 markdown-it-py-4.0.0 marko-2.2.2 matplotlib-3.10.9 matplotlib-inline-0.2.1 mdurl-0.1.2 mistune-3.2.1 mpire-2.10.2 mpmath-1.3.0 multiprocess-0.70.19 narwhals-2.20.0 nbclient-0.10.4 nbconvert-7.17.1 nbformat-5.10.4 nest-asyncio-1.6.0 networkx-3.6.1 notebook-7.5.6 notebook-shim-0.2.4 numpy-2.4.4 nvidia-cublas-13.1.0.3 nvidia-cuda-cupti-13.0.85 nvidia-cuda-nvrtc-13.0.88 nvidia-cuda-runtime-13.0.96 nvidia-cudnn-cu13-9.19.0.56 nvidia-cufft-12.0.0.61 nvidia-cufile-1.15.1.6 nvidia-curand-10.4.0.35 nvidia-cusolver-12.0.4.66 nvidia-cusparse-12.6.3.3 nvidia-cusparselt-cu13-0.8.0 nvidia-nccl-cu13-2.28.9 nvidia-nvjitlink-13.0.88 nvidia-nvshmem-cu13-3.4.5 nvidia-nvtx-13.0.85 omegaconf-2.3.0 opencv_python-4.13.0.92 openpyxl-3.1.5 overrides-7.7.0 packaging-26.2 pandas-3.0.2 pandocfilters-1.5.1 parso-0.8.7 pexpect-4.9.0 pillow-12.2.0 platformdirs-4.9.6 pluggy-1.6.0 polyfactory-3.3.0 prometheus-client-0.25.0 prompt_toolkit-3.0.52 protobuf-7.34.1 psutil-7.2.2 ptyprocess-0.7.0 pure-eval-0.2.3 pyarrow-24.0.0 pyclipper-1.4.0 pycparser-3.0 pydantic-2.13.3 pydantic-core-2.46.3 pydantic-settings-2.14.0 pydeck-0.9.2 pygments-2.20.0 pylatexenc-2.10 pyparsing-3.3.2 pypdfium2-5.8.0 python-dateutil-2.9.0.post0 python-docx-1.2.0 python-dotenv-1.2.2 python-json-logger-4.1.0 python-multipart-0.0.27 python-pptx-1.0.2 pyyaml-6.0.3 pyzmq-27.1.0 rank-bm25-0.2.2 rapidocr-3.8.1 referencing-0.37.0 regex-2026.4.4 requests-2.33.1 rfc3339-validator-0.1.4 rfc3986-validator-0.1.1 rfc3987-syntax-1.1.0 rich-15.0.0 rpds-py-0.30.0 rtree-1.4.1 safetensors-0.7.0 scikit-learn-1.8.0 scipy-1.17.1 semchunk-3.2.5 send2trash-2.1.0 sentence-transformers-5.4.1 shellingham-1.5.4 six-1.17.0 smmap-5.0.3 soupsieve-2.8.3 stack_data-0.6.3 starlette-1.0.0 streamlit-1.57.0 sympy-1.14.0 tabulate-0.10.0 tenacity-9.1.4 terminado-0.18.1 threadpoolctl-3.6.0 tinycss2-1.4.0 tokenizers-0.22.2 toml-0.10.2 torch-2.11.0 torchvision-0.26.0 tornado-6.5.5 tqdm-4.67.3 traitlets-5.14.3 transformers-5.7.0 tree-sitter-0.25.2 tree-sitter-c-0.24.2 tree-sitter-javascript-0.25.0 tree-sitter-python-0.25.0 tree-sitter-typescript-0.23.2 triton-3.6.0 typer-0.21.2 typing-extensions-4.15.0 typing-inspection-0.4.2 tzdata-2026.2 uri-template-1.3.0 urllib3-2.6.3 uvicorn-0.46.0 watchdog-6.0.0 wcwidth-0.7.0 webcolors-25.10.0 webencodings-0.5.1 websocket-client-1.9.0 websockets-16.0 widgetsnbextension-4.0.15
