ERROR: pip's dependency resolver does not currently take into account all the packages that are installed. This behaviour is the source of the following dependency conflicts.
torchvision 0.20.1+cu121 requires torch==2.5.1, but you have torch 2.1.2+cu118 which is incompatible.
torchaudio 2.5.1+cu121 requires torch==2.5.1, but you have torch 2.1.2+cu118 which is incompatible.
docling-ibm-models 3.13.2 requires torch<3.0.0,>=2.2.2, but you have torch 2.1.2+cu118 which is incompatible.
bitsandbytes 0.49.2 requires torch<3,>=2.3, but you have torch 2.1.2+cu118 which is incompatible.
[transformers] Disabling PyTorch because PyTorch >= 2.4 is required but found 2.1.2+cu118
[transformers] PyTorch was not found. Models won't be available and only tokenizers, configuration and file/data utilities can be used.

A module that was compiled using NumPy 1.x cannot be run in
NumPy 2.4.4 as it may crash. To support both 1.x and 2.x
versions of NumPy, modules must be compiled with NumPy 2.0.
Some module may need to rebuild instead e.g. with 'pybind11>=2.12'.

If you are a user of the module, the easiest solution will be to
downgrade to 'numpy<2' or try to upgrade the affected module.
We expect that some modules will need time to support NumPy 2.

Traceback (most recent call last):  File "/d/hpc/home/uv5439/ul-fri-nlp-course-project-2025-2026-neznaniletecipredmet/code/scripts/evaluate.py", line 30, in <module>
    from src.retrieval import load
  File "/d/hpc/home/uv5439/ul-fri-nlp-course-project-2025-2026-neznaniletecipredmet/code/src/retrieval.py", line 16, in <module>
    from src.embeddings import embed_queries
  File "/d/hpc/home/uv5439/ul-fri-nlp-course-project-2025-2026-neznaniletecipredmet/code/src/embeddings.py", line 9, in <module>
    from sentence_transformers import SentenceTransformer
  File "/d/hpc/home/uv5439/ul-fri-nlp-course-project-2025-2026-neznaniletecipredmet/code/.venv/lib/python3.11/site-packages/sentence_transformers/__init__.py", line 10, in <module>
    from sentence_transformers.backend import (
  File "/d/hpc/home/uv5439/ul-fri-nlp-course-project-2025-2026-neznaniletecipredmet/code/.venv/lib/python3.11/site-packages/sentence_transformers/backend/__init__.py", line 5, in <module>
    from .quantize import export_dynamic_quantized_onnx_model, export_static_quantized_openvino_model
  File "/d/hpc/home/uv5439/ul-fri-nlp-course-project-2025-2026-neznaniletecipredmet/code/.venv/lib/python3.11/site-packages/sentence_transformers/backend/quantize.py", line 7, in <module>
    from sentence_transformers.util import disable_datasets_caching, is_datasets_available
  File "/d/hpc/home/uv5439/ul-fri-nlp-course-project-2025-2026-neznaniletecipredmet/code/.venv/lib/python3.11/site-packages/sentence_transformers/util/__init__.py", line 4, in <module>
    from .distributed import all_gather, all_gather_with_grad
  File "/d/hpc/home/uv5439/ul-fri-nlp-course-project-2025-2026-neznaniletecipredmet/code/.venv/lib/python3.11/site-packages/sentence_transformers/util/distributed.py", line 3, in <module>
    import torch
  File "/d/hpc/home/uv5439/ul-fri-nlp-course-project-2025-2026-neznaniletecipredmet/code/.venv/lib/python3.11/site-packages/torch/__init__.py", line 1382, in <module>
    from .functional import *  # noqa: F403
  File "/d/hpc/home/uv5439/ul-fri-nlp-course-project-2025-2026-neznaniletecipredmet/code/.venv/lib/python3.11/site-packages/torch/functional.py", line 7, in <module>
    import torch.nn.functional as F
  File "/d/hpc/home/uv5439/ul-fri-nlp-course-project-2025-2026-neznaniletecipredmet/code/.venv/lib/python3.11/site-packages/torch/nn/__init__.py", line 1, in <module>
    from .modules import *  # noqa: F403
  File "/d/hpc/home/uv5439/ul-fri-nlp-course-project-2025-2026-neznaniletecipredmet/code/.venv/lib/python3.11/site-packages/torch/nn/modules/__init__.py", line 35, in <module>
    from .transformer import TransformerEncoder, TransformerDecoder, \
  File "/d/hpc/home/uv5439/ul-fri-nlp-course-project-2025-2026-neznaniletecipredmet/code/.venv/lib/python3.11/site-packages/torch/nn/modules/transformer.py", line 20, in <module>
    device: torch.device = torch.device(torch._C._get_default_device()),  # torch.device('cpu'),
/d/hpc/home/uv5439/ul-fri-nlp-course-project-2025-2026-neznaniletecipredmet/code/.venv/lib/python3.11/site-packages/torch/nn/modules/transformer.py:20: UserWarning: Failed to initialize NumPy: _ARRAY_API not found (Triggered internally at ../torch/csrc/utils/tensor_numpy.cpp:84.)
  device: torch.device = torch.device(torch._C._get_default_device()),  # torch.device('cpu'),
[transformers] PyTorch was not found. Models won't be available and only tokenizers, configuration and file/data utilities can be used.
Traceback (most recent call last):
  File "/d/hpc/home/uv5439/ul-fri-nlp-course-project-2025-2026-neznaniletecipredmet/code/scripts/evaluate.py", line 30, in <module>
    from src.retrieval import load
  File "/d/hpc/home/uv5439/ul-fri-nlp-course-project-2025-2026-neznaniletecipredmet/code/src/retrieval.py", line 16, in <module>
    from src.embeddings import embed_queries
  File "/d/hpc/home/uv5439/ul-fri-nlp-course-project-2025-2026-neznaniletecipredmet/code/src/embeddings.py", line 9, in <module>
    from sentence_transformers import SentenceTransformer
  File "/d/hpc/home/uv5439/ul-fri-nlp-course-project-2025-2026-neznaniletecipredmet/code/.venv/lib/python3.11/site-packages/sentence_transformers/__init__.py", line 15, in <module>
    from sentence_transformers.base.sampler import DefaultBatchSampler, MultiDatasetDefaultBatchSampler
  File "/d/hpc/home/uv5439/ul-fri-nlp-course-project-2025-2026-neznaniletecipredmet/code/.venv/lib/python3.11/site-packages/sentence_transformers/base/__init__.py", line 4, in <module>
    from .model import BaseModel
  File "/d/hpc/home/uv5439/ul-fri-nlp-course-project-2025-2026-neznaniletecipredmet/code/.venv/lib/python3.11/site-packages/sentence_transformers/base/model.py", line 34, in <module>
    from sentence_transformers.base.peft_mixin import PeftAdapterMixin
  File "/d/hpc/home/uv5439/ul-fri-nlp-course-project-2025-2026-neznaniletecipredmet/code/.venv/lib/python3.11/site-packages/sentence_transformers/base/peft_mixin.py", line 5, in <module>
    from transformers.integrations.peft import PeftAdapterMixin as PeftAdapterMixinTransformers
  File "/d/hpc/home/uv5439/ul-fri-nlp-course-project-2025-2026-neznaniletecipredmet/code/.venv/lib/python3.11/site-packages/transformers/integrations/peft.py", line 25, in <module>
    from ..conversion_mapping import (
  File "/d/hpc/home/uv5439/ul-fri-nlp-course-project-2025-2026-neznaniletecipredmet/code/.venv/lib/python3.11/site-packages/transformers/conversion_mapping.py", line 20, in <module>
    from .core_model_loading import (
  File "/d/hpc/home/uv5439/ul-fri-nlp-course-project-2025-2026-neznaniletecipredmet/code/.venv/lib/python3.11/site-packages/transformers/core_model_loading.py", line 33, in <module>
    from .integrations.accelerate import get_device, offload_weight
  File "/d/hpc/home/uv5439/ul-fri-nlp-course-project-2025-2026-neznaniletecipredmet/code/.venv/lib/python3.11/site-packages/transformers/integrations/accelerate.py", line 62, in <module>
    ) -> tuple[int, list[str], list[nn.Module]]:
                                    ^^
NameError: name 'nn' is not defined
mv: cannot stat 'eval/results_retrieval_only.jsonl': No such file or directory
[transformers] Disabling PyTorch because PyTorch >= 2.4 is required but found 2.1.2+cu118
[transformers] PyTorch was not found. Models won't be available and only tokenizers, configuration and file/data utilities can be used.

A module that was compiled using NumPy 1.x cannot be run in
NumPy 2.4.4 as it may crash. To support both 1.x and 2.x
versions of NumPy, modules must be compiled with NumPy 2.0.
Some module may need to rebuild instead e.g. with 'pybind11>=2.12'.

If you are a user of the module, the easiest solution will be to
downgrade to 'numpy<2' or try to upgrade the affected module.
We expect that some modules will need time to support NumPy 2.

Traceback (most recent call last):  File "/d/hpc/home/uv5439/ul-fri-nlp-course-project-2025-2026-neznaniletecipredmet/code/scripts/evaluate.py", line 30, in <module>
    from src.retrieval import load
  File "/d/hpc/home/uv5439/ul-fri-nlp-course-project-2025-2026-neznaniletecipredmet/code/src/retrieval.py", line 16, in <module>
    from src.embeddings import embed_queries
  File "/d/hpc/home/uv5439/ul-fri-nlp-course-project-2025-2026-neznaniletecipredmet/code/src/embeddings.py", line 9, in <module>
    from sentence_transformers import SentenceTransformer
  File "/d/hpc/home/uv5439/ul-fri-nlp-course-project-2025-2026-neznaniletecipredmet/code/.venv/lib/python3.11/site-packages/sentence_transformers/__init__.py", line 10, in <module>
    from sentence_transformers.backend import (
  File "/d/hpc/home/uv5439/ul-fri-nlp-course-project-2025-2026-neznaniletecipredmet/code/.venv/lib/python3.11/site-packages/sentence_transformers/backend/__init__.py", line 5, in <module>
    from .quantize import export_dynamic_quantized_onnx_model, export_static_quantized_openvino_model
  File "/d/hpc/home/uv5439/ul-fri-nlp-course-project-2025-2026-neznaniletecipredmet/code/.venv/lib/python3.11/site-packages/sentence_transformers/backend/quantize.py", line 7, in <module>
    from sentence_transformers.util import disable_datasets_caching, is_datasets_available
  File "/d/hpc/home/uv5439/ul-fri-nlp-course-project-2025-2026-neznaniletecipredmet/code/.venv/lib/python3.11/site-packages/sentence_transformers/util/__init__.py", line 4, in <module>
    from .distributed import all_gather, all_gather_with_grad
  File "/d/hpc/home/uv5439/ul-fri-nlp-course-project-2025-2026-neznaniletecipredmet/code/.venv/lib/python3.11/site-packages/sentence_transformers/util/distributed.py", line 3, in <module>
    import torch
  File "/d/hpc/home/uv5439/ul-fri-nlp-course-project-2025-2026-neznaniletecipredmet/code/.venv/lib/python3.11/site-packages/torch/__init__.py", line 1382, in <module>
    from .functional import *  # noqa: F403
  File "/d/hpc/home/uv5439/ul-fri-nlp-course-project-2025-2026-neznaniletecipredmet/code/.venv/lib/python3.11/site-packages/torch/functional.py", line 7, in <module>
    import torch.nn.functional as F
  File "/d/hpc/home/uv5439/ul-fri-nlp-course-project-2025-2026-neznaniletecipredmet/code/.venv/lib/python3.11/site-packages/torch/nn/__init__.py", line 1, in <module>
    from .modules import *  # noqa: F403
  File "/d/hpc/home/uv5439/ul-fri-nlp-course-project-2025-2026-neznaniletecipredmet/code/.venv/lib/python3.11/site-packages/torch/nn/modules/__init__.py", line 35, in <module>
    from .transformer import TransformerEncoder, TransformerDecoder, \
  File "/d/hpc/home/uv5439/ul-fri-nlp-course-project-2025-2026-neznaniletecipredmet/code/.venv/lib/python3.11/site-packages/torch/nn/modules/transformer.py", line 20, in <module>
    device: torch.device = torch.device(torch._C._get_default_device()),  # torch.device('cpu'),
/d/hpc/home/uv5439/ul-fri-nlp-course-project-2025-2026-neznaniletecipredmet/code/.venv/lib/python3.11/site-packages/torch/nn/modules/transformer.py:20: UserWarning: Failed to initialize NumPy: _ARRAY_API not found (Triggered internally at ../torch/csrc/utils/tensor_numpy.cpp:84.)
  device: torch.device = torch.device(torch._C._get_default_device()),  # torch.device('cpu'),
[transformers] PyTorch was not found. Models won't be available and only tokenizers, configuration and file/data utilities can be used.
Traceback (most recent call last):
  File "/d/hpc/home/uv5439/ul-fri-nlp-course-project-2025-2026-neznaniletecipredmet/code/scripts/evaluate.py", line 30, in <module>
    from src.retrieval import load
  File "/d/hpc/home/uv5439/ul-fri-nlp-course-project-2025-2026-neznaniletecipredmet/code/src/retrieval.py", line 16, in <module>
    from src.embeddings import embed_queries
  File "/d/hpc/home/uv5439/ul-fri-nlp-course-project-2025-2026-neznaniletecipredmet/code/src/embeddings.py", line 9, in <module>
    from sentence_transformers import SentenceTransformer
  File "/d/hpc/home/uv5439/ul-fri-nlp-course-project-2025-2026-neznaniletecipredmet/code/.venv/lib/python3.11/site-packages/sentence_transformers/__init__.py", line 15, in <module>
    from sentence_transformers.base.sampler import DefaultBatchSampler, MultiDatasetDefaultBatchSampler
  File "/d/hpc/home/uv5439/ul-fri-nlp-course-project-2025-2026-neznaniletecipredmet/code/.venv/lib/python3.11/site-packages/sentence_transformers/base/__init__.py", line 4, in <module>
    from .model import BaseModel
  File "/d/hpc/home/uv5439/ul-fri-nlp-course-project-2025-2026-neznaniletecipredmet/code/.venv/lib/python3.11/site-packages/sentence_transformers/base/model.py", line 34, in <module>
    from sentence_transformers.base.peft_mixin import PeftAdapterMixin
  File "/d/hpc/home/uv5439/ul-fri-nlp-course-project-2025-2026-neznaniletecipredmet/code/.venv/lib/python3.11/site-packages/sentence_transformers/base/peft_mixin.py", line 5, in <module>
    from transformers.integrations.peft import PeftAdapterMixin as PeftAdapterMixinTransformers
  File "/d/hpc/home/uv5439/ul-fri-nlp-course-project-2025-2026-neznaniletecipredmet/code/.venv/lib/python3.11/site-packages/transformers/integrations/peft.py", line 25, in <module>
    from ..conversion_mapping import (
  File "/d/hpc/home/uv5439/ul-fri-nlp-course-project-2025-2026-neznaniletecipredmet/code/.venv/lib/python3.11/site-packages/transformers/conversion_mapping.py", line 20, in <module>
    from .core_model_loading import (
  File "/d/hpc/home/uv5439/ul-fri-nlp-course-project-2025-2026-neznaniletecipredmet/code/.venv/lib/python3.11/site-packages/transformers/core_model_loading.py", line 33, in <module>
    from .integrations.accelerate import get_device, offload_weight
  File "/d/hpc/home/uv5439/ul-fri-nlp-course-project-2025-2026-neznaniletecipredmet/code/.venv/lib/python3.11/site-packages/transformers/integrations/accelerate.py", line 62, in <module>
    ) -> tuple[int, list[str], list[nn.Module]]:
                                    ^^
NameError: name 'nn' is not defined
mv: cannot stat 'eval/results_retrieval_only.jsonl': No such file or directory
[transformers] Disabling PyTorch because PyTorch >= 2.4 is required but found 2.1.2+cu118
[transformers] PyTorch was not found. Models won't be available and only tokenizers, configuration and file/data utilities can be used.

A module that was compiled using NumPy 1.x cannot be run in
NumPy 2.4.4 as it may crash. To support both 1.x and 2.x
versions of NumPy, modules must be compiled with NumPy 2.0.
Some module may need to rebuild instead e.g. with 'pybind11>=2.12'.

If you are a user of the module, the easiest solution will be to
downgrade to 'numpy<2' or try to upgrade the affected module.
We expect that some modules will need time to support NumPy 2.

Traceback (most recent call last):  File "/d/hpc/home/uv5439/ul-fri-nlp-course-project-2025-2026-neznaniletecipredmet/code/scripts/evaluate.py", line 30, in <module>
    from src.retrieval import load
  File "/d/hpc/home/uv5439/ul-fri-nlp-course-project-2025-2026-neznaniletecipredmet/code/src/retrieval.py", line 16, in <module>
    from src.embeddings import embed_queries
  File "/d/hpc/home/uv5439/ul-fri-nlp-course-project-2025-2026-neznaniletecipredmet/code/src/embeddings.py", line 9, in <module>
    from sentence_transformers import SentenceTransformer
  File "/d/hpc/home/uv5439/ul-fri-nlp-course-project-2025-2026-neznaniletecipredmet/code/.venv/lib/python3.11/site-packages/sentence_transformers/__init__.py", line 10, in <module>
    from sentence_transformers.backend import (
  File "/d/hpc/home/uv5439/ul-fri-nlp-course-project-2025-2026-neznaniletecipredmet/code/.venv/lib/python3.11/site-packages/sentence_transformers/backend/__init__.py", line 5, in <module>
    from .quantize import export_dynamic_quantized_onnx_model, export_static_quantized_openvino_model
  File "/d/hpc/home/uv5439/ul-fri-nlp-course-project-2025-2026-neznaniletecipredmet/code/.venv/lib/python3.11/site-packages/sentence_transformers/backend/quantize.py", line 7, in <module>
    from sentence_transformers.util import disable_datasets_caching, is_datasets_available
  File "/d/hpc/home/uv5439/ul-fri-nlp-course-project-2025-2026-neznaniletecipredmet/code/.venv/lib/python3.11/site-packages/sentence_transformers/util/__init__.py", line 4, in <module>
    from .distributed import all_gather, all_gather_with_grad
  File "/d/hpc/home/uv5439/ul-fri-nlp-course-project-2025-2026-neznaniletecipredmet/code/.venv/lib/python3.11/site-packages/sentence_transformers/util/distributed.py", line 3, in <module>
    import torch
  File "/d/hpc/home/uv5439/ul-fri-nlp-course-project-2025-2026-neznaniletecipredmet/code/.venv/lib/python3.11/site-packages/torch/__init__.py", line 1382, in <module>
    from .functional import *  # noqa: F403
  File "/d/hpc/home/uv5439/ul-fri-nlp-course-project-2025-2026-neznaniletecipredmet/code/.venv/lib/python3.11/site-packages/torch/functional.py", line 7, in <module>
    import torch.nn.functional as F
  File "/d/hpc/home/uv5439/ul-fri-nlp-course-project-2025-2026-neznaniletecipredmet/code/.venv/lib/python3.11/site-packages/torch/nn/__init__.py", line 1, in <module>
    from .modules import *  # noqa: F403
  File "/d/hpc/home/uv5439/ul-fri-nlp-course-project-2025-2026-neznaniletecipredmet/code/.venv/lib/python3.11/site-packages/torch/nn/modules/__init__.py", line 35, in <module>
    from .transformer import TransformerEncoder, TransformerDecoder, \
  File "/d/hpc/home/uv5439/ul-fri-nlp-course-project-2025-2026-neznaniletecipredmet/code/.venv/lib/python3.11/site-packages/torch/nn/modules/transformer.py", line 20, in <module>
    device: torch.device = torch.device(torch._C._get_default_device()),  # torch.device('cpu'),
/d/hpc/home/uv5439/ul-fri-nlp-course-project-2025-2026-neznaniletecipredmet/code/.venv/lib/python3.11/site-packages/torch/nn/modules/transformer.py:20: UserWarning: Failed to initialize NumPy: _ARRAY_API not found (Triggered internally at ../torch/csrc/utils/tensor_numpy.cpp:84.)
  device: torch.device = torch.device(torch._C._get_default_device()),  # torch.device('cpu'),
[transformers] PyTorch was not found. Models won't be available and only tokenizers, configuration and file/data utilities can be used.
Traceback (most recent call last):
  File "/d/hpc/home/uv5439/ul-fri-nlp-course-project-2025-2026-neznaniletecipredmet/code/scripts/evaluate.py", line 30, in <module>
    from src.retrieval import load
  File "/d/hpc/home/uv5439/ul-fri-nlp-course-project-2025-2026-neznaniletecipredmet/code/src/retrieval.py", line 16, in <module>
    from src.embeddings import embed_queries
  File "/d/hpc/home/uv5439/ul-fri-nlp-course-project-2025-2026-neznaniletecipredmet/code/src/embeddings.py", line 9, in <module>
    from sentence_transformers import SentenceTransformer
  File "/d/hpc/home/uv5439/ul-fri-nlp-course-project-2025-2026-neznaniletecipredmet/code/.venv/lib/python3.11/site-packages/sentence_transformers/__init__.py", line 15, in <module>
    from sentence_transformers.base.sampler import DefaultBatchSampler, MultiDatasetDefaultBatchSampler
  File "/d/hpc/home/uv5439/ul-fri-nlp-course-project-2025-2026-neznaniletecipredmet/code/.venv/lib/python3.11/site-packages/sentence_transformers/base/__init__.py", line 4, in <module>
    from .model import BaseModel
  File "/d/hpc/home/uv5439/ul-fri-nlp-course-project-2025-2026-neznaniletecipredmet/code/.venv/lib/python3.11/site-packages/sentence_transformers/base/model.py", line 34, in <module>
    from sentence_transformers.base.peft_mixin import PeftAdapterMixin
  File "/d/hpc/home/uv5439/ul-fri-nlp-course-project-2025-2026-neznaniletecipredmet/code/.venv/lib/python3.11/site-packages/sentence_transformers/base/peft_mixin.py", line 5, in <module>
    from transformers.integrations.peft import PeftAdapterMixin as PeftAdapterMixinTransformers
  File "/d/hpc/home/uv5439/ul-fri-nlp-course-project-2025-2026-neznaniletecipredmet/code/.venv/lib/python3.11/site-packages/transformers/integrations/peft.py", line 25, in <module>
    from ..conversion_mapping import (
  File "/d/hpc/home/uv5439/ul-fri-nlp-course-project-2025-2026-neznaniletecipredmet/code/.venv/lib/python3.11/site-packages/transformers/conversion_mapping.py", line 20, in <module>
    from .core_model_loading import (
  File "/d/hpc/home/uv5439/ul-fri-nlp-course-project-2025-2026-neznaniletecipredmet/code/.venv/lib/python3.11/site-packages/transformers/core_model_loading.py", line 33, in <module>
    from .integrations.accelerate import get_device, offload_weight
  File "/d/hpc/home/uv5439/ul-fri-nlp-course-project-2025-2026-neznaniletecipredmet/code/.venv/lib/python3.11/site-packages/transformers/integrations/accelerate.py", line 62, in <module>
    ) -> tuple[int, list[str], list[nn.Module]]:
                                    ^^
NameError: name 'nn' is not defined
mv: cannot stat 'eval/results_retrieval_only.jsonl': No such file or directory
[transformers] Disabling PyTorch because PyTorch >= 2.4 is required but found 2.1.2+cu118
[transformers] PyTorch was not found. Models won't be available and only tokenizers, configuration and file/data utilities can be used.

A module that was compiled using NumPy 1.x cannot be run in
NumPy 2.4.4 as it may crash. To support both 1.x and 2.x
versions of NumPy, modules must be compiled with NumPy 2.0.
Some module may need to rebuild instead e.g. with 'pybind11>=2.12'.

If you are a user of the module, the easiest solution will be to
downgrade to 'numpy<2' or try to upgrade the affected module.
We expect that some modules will need time to support NumPy 2.

Traceback (most recent call last):  File "/d/hpc/home/uv5439/ul-fri-nlp-course-project-2025-2026-neznaniletecipredmet/code/scripts/evaluate.py", line 30, in <module>
    from src.retrieval import load
  File "/d/hpc/home/uv5439/ul-fri-nlp-course-project-2025-2026-neznaniletecipredmet/code/src/retrieval.py", line 16, in <module>
    from src.embeddings import embed_queries
  File "/d/hpc/home/uv5439/ul-fri-nlp-course-project-2025-2026-neznaniletecipredmet/code/src/embeddings.py", line 9, in <module>
    from sentence_transformers import SentenceTransformer
  File "/d/hpc/home/uv5439/ul-fri-nlp-course-project-2025-2026-neznaniletecipredmet/code/.venv/lib/python3.11/site-packages/sentence_transformers/__init__.py", line 10, in <module>
    from sentence_transformers.backend import (
  File "/d/hpc/home/uv5439/ul-fri-nlp-course-project-2025-2026-neznaniletecipredmet/code/.venv/lib/python3.11/site-packages/sentence_transformers/backend/__init__.py", line 5, in <module>
    from .quantize import export_dynamic_quantized_onnx_model, export_static_quantized_openvino_model
  File "/d/hpc/home/uv5439/ul-fri-nlp-course-project-2025-2026-neznaniletecipredmet/code/.venv/lib/python3.11/site-packages/sentence_transformers/backend/quantize.py", line 7, in <module>
    from sentence_transformers.util import disable_datasets_caching, is_datasets_available
  File "/d/hpc/home/uv5439/ul-fri-nlp-course-project-2025-2026-neznaniletecipredmet/code/.venv/lib/python3.11/site-packages/sentence_transformers/util/__init__.py", line 4, in <module>
    from .distributed import all_gather, all_gather_with_grad
  File "/d/hpc/home/uv5439/ul-fri-nlp-course-project-2025-2026-neznaniletecipredmet/code/.venv/lib/python3.11/site-packages/sentence_transformers/util/distributed.py", line 3, in <module>
    import torch
  File "/d/hpc/home/uv5439/ul-fri-nlp-course-project-2025-2026-neznaniletecipredmet/code/.venv/lib/python3.11/site-packages/torch/__init__.py", line 1382, in <module>
    from .functional import *  # noqa: F403
  File "/d/hpc/home/uv5439/ul-fri-nlp-course-project-2025-2026-neznaniletecipredmet/code/.venv/lib/python3.11/site-packages/torch/functional.py", line 7, in <module>
    import torch.nn.functional as F
  File "/d/hpc/home/uv5439/ul-fri-nlp-course-project-2025-2026-neznaniletecipredmet/code/.venv/lib/python3.11/site-packages/torch/nn/__init__.py", line 1, in <module>
    from .modules import *  # noqa: F403
  File "/d/hpc/home/uv5439/ul-fri-nlp-course-project-2025-2026-neznaniletecipredmet/code/.venv/lib/python3.11/site-packages/torch/nn/modules/__init__.py", line 35, in <module>
    from .transformer import TransformerEncoder, TransformerDecoder, \
  File "/d/hpc/home/uv5439/ul-fri-nlp-course-project-2025-2026-neznaniletecipredmet/code/.venv/lib/python3.11/site-packages/torch/nn/modules/transformer.py", line 20, in <module>
    device: torch.device = torch.device(torch._C._get_default_device()),  # torch.device('cpu'),
/d/hpc/home/uv5439/ul-fri-nlp-course-project-2025-2026-neznaniletecipredmet/code/.venv/lib/python3.11/site-packages/torch/nn/modules/transformer.py:20: UserWarning: Failed to initialize NumPy: _ARRAY_API not found (Triggered internally at ../torch/csrc/utils/tensor_numpy.cpp:84.)
  device: torch.device = torch.device(torch._C._get_default_device()),  # torch.device('cpu'),
[transformers] PyTorch was not found. Models won't be available and only tokenizers, configuration and file/data utilities can be used.
Traceback (most recent call last):
  File "/d/hpc/home/uv5439/ul-fri-nlp-course-project-2025-2026-neznaniletecipredmet/code/scripts/evaluate.py", line 30, in <module>
    from src.retrieval import load
  File "/d/hpc/home/uv5439/ul-fri-nlp-course-project-2025-2026-neznaniletecipredmet/code/src/retrieval.py", line 16, in <module>
    from src.embeddings import embed_queries
  File "/d/hpc/home/uv5439/ul-fri-nlp-course-project-2025-2026-neznaniletecipredmet/code/src/embeddings.py", line 9, in <module>
    from sentence_transformers import SentenceTransformer
  File "/d/hpc/home/uv5439/ul-fri-nlp-course-project-2025-2026-neznaniletecipredmet/code/.venv/lib/python3.11/site-packages/sentence_transformers/__init__.py", line 15, in <module>
    from sentence_transformers.base.sampler import DefaultBatchSampler, MultiDatasetDefaultBatchSampler
  File "/d/hpc/home/uv5439/ul-fri-nlp-course-project-2025-2026-neznaniletecipredmet/code/.venv/lib/python3.11/site-packages/sentence_transformers/base/__init__.py", line 4, in <module>
    from .model import BaseModel
  File "/d/hpc/home/uv5439/ul-fri-nlp-course-project-2025-2026-neznaniletecipredmet/code/.venv/lib/python3.11/site-packages/sentence_transformers/base/model.py", line 34, in <module>
    from sentence_transformers.base.peft_mixin import PeftAdapterMixin
  File "/d/hpc/home/uv5439/ul-fri-nlp-course-project-2025-2026-neznaniletecipredmet/code/.venv/lib/python3.11/site-packages/sentence_transformers/base/peft_mixin.py", line 5, in <module>
    from transformers.integrations.peft import PeftAdapterMixin as PeftAdapterMixinTransformers
  File "/d/hpc/home/uv5439/ul-fri-nlp-course-project-2025-2026-neznaniletecipredmet/code/.venv/lib/python3.11/site-packages/transformers/integrations/peft.py", line 25, in <module>
    from ..conversion_mapping import (
  File "/d/hpc/home/uv5439/ul-fri-nlp-course-project-2025-2026-neznaniletecipredmet/code/.venv/lib/python3.11/site-packages/transformers/conversion_mapping.py", line 20, in <module>
    from .core_model_loading import (
  File "/d/hpc/home/uv5439/ul-fri-nlp-course-project-2025-2026-neznaniletecipredmet/code/.venv/lib/python3.11/site-packages/transformers/core_model_loading.py", line 33, in <module>
    from .integrations.accelerate import get_device, offload_weight
  File "/d/hpc/home/uv5439/ul-fri-nlp-course-project-2025-2026-neznaniletecipredmet/code/.venv/lib/python3.11/site-packages/transformers/integrations/accelerate.py", line 62, in <module>
    ) -> tuple[int, list[str], list[nn.Module]]:
                                    ^^
NameError: name 'nn' is not defined
mv: cannot stat 'eval/results_retrieval_only.jsonl': No such file or directory
