Requirement already satisfied: requests>=2.31.0 in ./.venv/lib/python3.11/site-packages (from -r requirements.txt (line 2)) (2.33.1)
Requirement already satisfied: beautifulsoup4>=4.12.0 in ./.venv/lib/python3.11/site-packages (from -r requirements.txt (line 3)) (4.14.3)
Requirement already satisfied: PyMuPDF>=1.24.0 in ./.venv/lib/python3.11/site-packages (from -r requirements.txt (line 4)) (1.27.2.3)
Requirement already satisfied: docling>=2.0.0 in ./.venv/lib/python3.11/site-packages (from -r requirements.txt (line 5)) (2.92.0)
Requirement already satisfied: python-docx>=1.1.0 in ./.venv/lib/python3.11/site-packages (from -r requirements.txt (line 6)) (1.2.0)
Requirement already satisfied: langdetect>=1.0.9 in ./.venv/lib/python3.11/site-packages (from -r requirements.txt (line 7)) (1.0.9)
Requirement already satisfied: tqdm>=4.66.0 in ./.venv/lib/python3.11/site-packages (from -r requirements.txt (line 8)) (4.67.3)
Requirement already satisfied: numpy>=1.26.0 in ./.venv/lib/python3.11/site-packages (from -r requirements.txt (line 11)) (2.4.4)
Requirement already satisfied: torch in ./.venv/lib/python3.11/site-packages (from -r requirements.txt (line 12)) (2.5.1+cu121)
Requirement already satisfied: sentence-transformers>=2.7.0 in ./.venv/lib/python3.11/site-packages (from -r requirements.txt (line 13)) (5.4.1)
Requirement already satisfied: faiss-cpu>=1.8.0 in ./.venv/lib/python3.11/site-packages (from -r requirements.txt (line 14)) (1.13.2)
Requirement already satisfied: transformers>=4.40.0 in ./.venv/lib/python3.11/site-packages (from -r requirements.txt (line 17)) (5.7.0)
Requirement already satisfied: accelerate>=0.29.0 in ./.venv/lib/python3.11/site-packages (from -r requirements.txt (line 18)) (1.13.0)
Requirement already satisfied: bitsandbytes>=0.43.0 in ./.venv/lib/python3.11/site-packages (from -r requirements.txt (line 19)) (0.49.2)
Requirement already satisfied: rank-bm25>=0.2.2 in ./.venv/lib/python3.11/site-packages (from -r requirements.txt (line 22)) (0.2.2)
Requirement already satisfied: python-dotenv>=1.0.0 in ./.venv/lib/python3.11/site-packages (from -r requirements.txt (line 25)) (1.2.2)
Requirement already satisfied: streamlit>=1.34.0 in ./.venv/lib/python3.11/site-packages (from -r requirements.txt (line 26)) (1.57.0)
Requirement already satisfied: jupyter>=1.0.0 in ./.venv/lib/python3.11/site-packages (from -r requirements.txt (line 27)) (1.1.1)
Requirement already satisfied: matplotlib>=3.8.0 in ./.venv/lib/python3.11/site-packages (from -r requirements.txt (line 28)) (3.10.9)
Requirement already satisfied: pandas>=2.2.0 in ./.venv/lib/python3.11/site-packages (from -r requirements.txt (line 29)) (3.0.2)
Requirement already satisfied: charset_normalizer<4,>=2 in ./.venv/lib/python3.11/site-packages (from requests>=2.31.0->-r requirements.txt (line 2)) (3.4.7)
Requirement already satisfied: idna<4,>=2.5 in ./.venv/lib/python3.11/site-packages (from requests>=2.31.0->-r requirements.txt (line 2)) (3.13)
Requirement already satisfied: urllib3<3,>=1.26 in ./.venv/lib/python3.11/site-packages (from requests>=2.31.0->-r requirements.txt (line 2)) (2.6.3)
Requirement already satisfied: certifi>=2023.5.7 in ./.venv/lib/python3.11/site-packages (from requests>=2.31.0->-r requirements.txt (line 2)) (2026.4.22)
Requirement already satisfied: soupsieve>=1.6.1 in ./.venv/lib/python3.11/site-packages (from beautifulsoup4>=4.12.0->-r requirements.txt (line 3)) (2.8.3)
Requirement already satisfied: typing-extensions>=4.0.0 in ./.venv/lib/python3.11/site-packages (from beautifulsoup4>=4.12.0->-r requirements.txt (line 3)) (4.15.0)
Requirement already satisfied: docling-slim==2.92.0 in ./.venv/lib/python3.11/site-packages (from docling-slim[standard]==2.92.0->docling>=2.0.0->-r requirements.txt (line 5)) (2.92.0)
Requirement already satisfied: docling-core<3.0.0,>=2.73.0 in ./.venv/lib/python3.11/site-packages (from docling-slim==2.92.0->docling-slim[standard]==2.92.0->docling>=2.0.0->-r requirements.txt (line 5)) (2.74.1)
Requirement already satisfied: filetype<2.0.0,>=1.2.0 in ./.venv/lib/python3.11/site-packages (from docling-slim==2.92.0->docling-slim[standard]==2.92.0->docling>=2.0.0->-r requirements.txt (line 5)) (1.2.0)
Requirement already satisfied: pluggy<2.0.0,>=1.0.0 in ./.venv/lib/python3.11/site-packages (from docling-slim==2.92.0->docling-slim[standard]==2.92.0->docling>=2.0.0->-r requirements.txt (line 5)) (1.6.0)
Requirement already satisfied: pydantic-settings<3.0.0,>=2.3.0 in ./.venv/lib/python3.11/site-packages (from docling-slim==2.92.0->docling-slim[standard]==2.92.0->docling>=2.0.0->-r requirements.txt (line 5)) (2.14.0)
Requirement already satisfied: pydantic<3.0.0,>=2.0.0 in ./.venv/lib/python3.11/site-packages (from docling-slim==2.92.0->docling-slim[standard]==2.92.0->docling>=2.0.0->-r requirements.txt (line 5)) (2.13.3)
Requirement already satisfied: defusedxml<0.8.0,>=0.7.1 in ./.venv/lib/python3.11/site-packages (from docling-slim[standard]==2.92.0->docling>=2.0.0->-r requirements.txt (line 5)) (0.7.1)
Requirement already satisfied: docling-ibm-models<4,>=3.13.0 in ./.venv/lib/python3.11/site-packages (from docling-slim[standard]==2.92.0->docling>=2.0.0->-r requirements.txt (line 5)) (3.13.2)
Requirement already satisfied: docling-parse<6.0.0,>=5.3.2 in ./.venv/lib/python3.11/site-packages (from docling-slim[standard]==2.92.0->docling>=2.0.0->-r requirements.txt (line 5)) (5.10.1)
Requirement already satisfied: httpx<1.0.0,>=0.28 in ./.venv/lib/python3.11/site-packages (from docling-slim[standard]==2.92.0->docling>=2.0.0->-r requirements.txt (line 5)) (0.28.1)
Requirement already satisfied: huggingface-hub<2,>=0.23 in ./.venv/lib/python3.11/site-packages (from docling-slim[standard]==2.92.0->docling>=2.0.0->-r requirements.txt (line 5)) (1.13.0)
Requirement already satisfied: lxml<7.0.0,>=4.0.0 in ./.venv/lib/python3.11/site-packages (from docling-slim[standard]==2.92.0->docling>=2.0.0->-r requirements.txt (line 5)) (6.1.0)
Requirement already satisfied: marko<3.0.0,>=2.1.2 in ./.venv/lib/python3.11/site-packages (from docling-slim[standard]==2.92.0->docling>=2.0.0->-r requirements.txt (line 5)) (2.2.2)
Requirement already satisfied: openpyxl<4.0.0,>=3.1.5 in ./.venv/lib/python3.11/site-packages (from docling-slim[standard]==2.92.0->docling>=2.0.0->-r requirements.txt (line 5)) (3.1.5)
Requirement already satisfied: pillow<13.0.0,>=10.0.0 in ./.venv/lib/python3.11/site-packages (from docling-slim[standard]==2.92.0->docling>=2.0.0->-r requirements.txt (line 5)) (12.2.0)
Requirement already satisfied: polyfactory>=2.22.2 in ./.venv/lib/python3.11/site-packages (from docling-slim[standard]==2.92.0->docling>=2.0.0->-r requirements.txt (line 5)) (3.3.0)
Requirement already satisfied: pylatexenc<3.0,>=2.10 in ./.venv/lib/python3.11/site-packages (from docling-slim[standard]==2.92.0->docling>=2.0.0->-r requirements.txt (line 5)) (2.10)
Requirement already satisfied: pypdfium2!=4.30.1,<6.0.0,>=4.30.0 in ./.venv/lib/python3.11/site-packages (from docling-slim[standard]==2.92.0->docling>=2.0.0->-r requirements.txt (line 5)) (5.8.0)
Requirement already satisfied: python-pptx<2.0.0,>=1.0.2 in ./.venv/lib/python3.11/site-packages (from docling-slim[standard]==2.92.0->docling>=2.0.0->-r requirements.txt (line 5)) (1.0.2)
Requirement already satisfied: rapidocr<4.0.0,>=3.8 in ./.venv/lib/python3.11/site-packages (from docling-slim[standard]==2.92.0->docling>=2.0.0->-r requirements.txt (line 5)) (3.8.1)
Requirement already satisfied: rich>=13.0.0 in ./.venv/lib/python3.11/site-packages (from docling-slim[standard]==2.92.0->docling>=2.0.0->-r requirements.txt (line 5)) (15.0.0)
Requirement already satisfied: rtree<2.0.0,>=1.3.0 in ./.venv/lib/python3.11/site-packages (from docling-slim[standard]==2.92.0->docling>=2.0.0->-r requirements.txt (line 5)) (1.4.1)
Requirement already satisfied: scipy<2.0.0,>=1.6.0 in ./.venv/lib/python3.11/site-packages (from docling-slim[standard]==2.92.0->docling>=2.0.0->-r requirements.txt (line 5)) (1.17.1)
Requirement already satisfied: torchvision<1,>=0 in ./.venv/lib/python3.11/site-packages (from docling-slim[standard]==2.92.0->docling>=2.0.0->-r requirements.txt (line 5)) (0.20.1+cu121)
Requirement already satisfied: typer<0.22.0,>=0.12.5 in ./.venv/lib/python3.11/site-packages (from docling-slim[standard]==2.92.0->docling>=2.0.0->-r requirements.txt (line 5)) (0.21.2)
Requirement already satisfied: websockets<17.0,>=14.0 in ./.venv/lib/python3.11/site-packages (from docling-slim[standard]==2.92.0->docling>=2.0.0->-r requirements.txt (line 5)) (16.0)
Requirement already satisfied: filelock in ./.venv/lib/python3.11/site-packages (from torch->-r requirements.txt (line 12)) (3.29.0)
Requirement already satisfied: networkx in ./.venv/lib/python3.11/site-packages (from torch->-r requirements.txt (line 12)) (3.6.1)
Requirement already satisfied: jinja2 in ./.venv/lib/python3.11/site-packages (from torch->-r requirements.txt (line 12)) (3.1.6)
Requirement already satisfied: fsspec in ./.venv/lib/python3.11/site-packages (from torch->-r requirements.txt (line 12)) (2026.4.0)
Requirement already satisfied: nvidia-cuda-nvrtc-cu12==12.1.105 in ./.venv/lib/python3.11/site-packages (from torch->-r requirements.txt (line 12)) (12.1.105)
Requirement already satisfied: nvidia-cuda-runtime-cu12==12.1.105 in ./.venv/lib/python3.11/site-packages (from torch->-r requirements.txt (line 12)) (12.1.105)
Requirement already satisfied: nvidia-cuda-cupti-cu12==12.1.105 in ./.venv/lib/python3.11/site-packages (from torch->-r requirements.txt (line 12)) (12.1.105)
Requirement already satisfied: nvidia-cudnn-cu12==9.1.0.70 in ./.venv/lib/python3.11/site-packages (from torch->-r requirements.txt (line 12)) (9.1.0.70)
Requirement already satisfied: nvidia-cublas-cu12==12.1.3.1 in ./.venv/lib/python3.11/site-packages (from torch->-r requirements.txt (line 12)) (12.1.3.1)
Requirement already satisfied: nvidia-cufft-cu12==11.0.2.54 in ./.venv/lib/python3.11/site-packages (from torch->-r requirements.txt (line 12)) (11.0.2.54)
Requirement already satisfied: nvidia-curand-cu12==10.3.2.106 in ./.venv/lib/python3.11/site-packages (from torch->-r requirements.txt (line 12)) (10.3.2.106)
Requirement already satisfied: nvidia-cusolver-cu12==11.4.5.107 in ./.venv/lib/python3.11/site-packages (from torch->-r requirements.txt (line 12)) (11.4.5.107)
Requirement already satisfied: nvidia-cusparse-cu12==12.1.0.106 in ./.venv/lib/python3.11/site-packages (from torch->-r requirements.txt (line 12)) (12.1.0.106)
Requirement already satisfied: nvidia-nccl-cu12==2.21.5 in ./.venv/lib/python3.11/site-packages (from torch->-r requirements.txt (line 12)) (2.21.5)
Requirement already satisfied: nvidia-nvtx-cu12==12.1.105 in ./.venv/lib/python3.11/site-packages (from torch->-r requirements.txt (line 12)) (12.1.105)
Requirement already satisfied: triton==3.1.0 in ./.venv/lib/python3.11/site-packages (from torch->-r requirements.txt (line 12)) (3.1.0)
Requirement already satisfied: sympy==1.13.1 in ./.venv/lib/python3.11/site-packages (from torch->-r requirements.txt (line 12)) (1.13.1)
Requirement already satisfied: nvidia-nvjitlink-cu12 in ./.venv/lib/python3.11/site-packages (from nvidia-cusolver-cu12==11.4.5.107->torch->-r requirements.txt (line 12)) (12.9.86)
Requirement already satisfied: mpmath<1.4,>=1.1.0 in ./.venv/lib/python3.11/site-packages (from sympy==1.13.1->torch->-r requirements.txt (line 12)) (1.3.0)
Requirement already satisfied: packaging>=20.0 in ./.venv/lib/python3.11/site-packages (from accelerate>=0.29.0->-r requirements.txt (line 18)) (26.2)
Requirement already satisfied: psutil in ./.venv/lib/python3.11/site-packages (from accelerate>=0.29.0->-r requirements.txt (line 18)) (7.2.2)
Requirement already satisfied: pyyaml in ./.venv/lib/python3.11/site-packages (from accelerate>=0.29.0->-r requirements.txt (line 18)) (6.0.3)
Requirement already satisfied: safetensors>=0.4.3 in ./.venv/lib/python3.11/site-packages (from accelerate>=0.29.0->-r requirements.txt (line 18)) (0.7.0)
Requirement already satisfied: jsonschema<5.0.0,>=4.16.0 in ./.venv/lib/python3.11/site-packages (from docling-core<3.0.0,>=2.73.0->docling-slim==2.92.0->docling-slim[standard]==2.92.0->docling>=2.0.0->-r requirements.txt (line 5)) (4.26.0)
Requirement already satisfied: jsonref<2.0.0,>=1.1.0 in ./.venv/lib/python3.11/site-packages (from docling-core<3.0.0,>=2.73.0->docling-slim==2.92.0->docling-slim[standard]==2.92.0->docling>=2.0.0->-r requirements.txt (line 5)) (1.1.0)
Requirement already satisfied: tabulate<0.11.0,>=0.9.0 in ./.venv/lib/python3.11/site-packages (from docling-core<3.0.0,>=2.73.0->docling-slim==2.92.0->docling-slim[standard]==2.92.0->docling>=2.0.0->-r requirements.txt (line 5)) (0.10.0)
Requirement already satisfied: latex2mathml<4.0.0,>=3.77.0 in ./.venv/lib/python3.11/site-packages (from docling-core<3.0.0,>=2.73.0->docling-slim==2.92.0->docling-slim[standard]==2.92.0->docling>=2.0.0->-r requirements.txt (line 5)) (3.81.0)
Requirement already satisfied: python-dateutil>=2.8.2 in ./.venv/lib/python3.11/site-packages (from pandas>=2.2.0->-r requirements.txt (line 29)) (2.9.0.post0)
Requirement already satisfied: semchunk<4.0.0,>=2.2.0 in ./.venv/lib/python3.11/site-packages (from docling-core[chunking]<3.0.0,>=2.73.0; extra == "standard"->docling-slim[standard]==2.92.0->docling>=2.0.0->-r requirements.txt (line 5)) (3.2.5)
Requirement already satisfied: tree-sitter<0.27.0,>=0.25.0 in ./.venv/lib/python3.11/site-packages (from docling-core[chunking]<3.0.0,>=2.73.0; extra == "standard"->docling-slim[standard]==2.92.0->docling>=2.0.0->-r requirements.txt (line 5)) (0.25.2)
Requirement already satisfied: tree-sitter-python>=0.23.6 in ./.venv/lib/python3.11/site-packages (from docling-core[chunking]<3.0.0,>=2.73.0; extra == "standard"->docling-slim[standard]==2.92.0->docling>=2.0.0->-r requirements.txt (line 5)) (0.25.0)
Requirement already satisfied: tree-sitter-c>=0.23.4 in ./.venv/lib/python3.11/site-packages (from docling-core[chunking]<3.0.0,>=2.73.0; extra == "standard"->docling-slim[standard]==2.92.0->docling>=2.0.0->-r requirements.txt (line 5)) (0.24.2)
Requirement already satisfied: tree-sitter-javascript>=0.23.1 in ./.venv/lib/python3.11/site-packages (from docling-core[chunking]<3.0.0,>=2.73.0; extra == "standard"->docling-slim[standard]==2.92.0->docling>=2.0.0->-r requirements.txt (line 5)) (0.25.0)
Requirement already satisfied: tree-sitter-typescript>=0.23.2 in ./.venv/lib/python3.11/site-packages (from docling-core[chunking]<3.0.0,>=2.73.0; extra == "standard"->docling-slim[standard]==2.92.0->docling>=2.0.0->-r requirements.txt (line 5)) (0.23.2)
Requirement already satisfied: regex>=2025.10.22 in ./.venv/lib/python3.11/site-packages (from transformers>=4.40.0->-r requirements.txt (line 17)) (2026.4.4)
Requirement already satisfied: tokenizers<=0.23.0,>=0.22.0 in ./.venv/lib/python3.11/site-packages (from transformers>=4.40.0->-r requirements.txt (line 17)) (0.22.2)
Requirement already satisfied: jsonlines<5.0.0,>=3.1.0 in ./.venv/lib/python3.11/site-packages (from docling-ibm-models<4,>=3.13.0->docling-slim[standard]==2.92.0->docling>=2.0.0->-r requirements.txt (line 5)) (4.0.0)
Requirement already satisfied: anyio in ./.venv/lib/python3.11/site-packages (from httpx<1.0.0,>=0.28->docling-slim[standard]==2.92.0->docling>=2.0.0->-r requirements.txt (line 5)) (4.13.0)
Requirement already satisfied: httpcore==1.* in ./.venv/lib/python3.11/site-packages (from httpx<1.0.0,>=0.28->docling-slim[standard]==2.92.0->docling>=2.0.0->-r requirements.txt (line 5)) (1.0.9)
Requirement already satisfied: h11>=0.16 in ./.venv/lib/python3.11/site-packages (from httpcore==1.*->httpx<1.0.0,>=0.28->docling-slim[standard]==2.92.0->docling>=2.0.0->-r requirements.txt (line 5)) (0.16.0)
Requirement already satisfied: hf-xet<2.0.0,>=1.4.3 in ./.venv/lib/python3.11/site-packages (from huggingface-hub<2,>=0.23->docling-slim[standard]==2.92.0->docling>=2.0.0->-r requirements.txt (line 5)) (1.4.3)
Requirement already satisfied: attrs>=19.2.0 in ./.venv/lib/python3.11/site-packages (from jsonlines<5.0.0,>=3.1.0->docling-ibm-models<4,>=3.13.0->docling-slim[standard]==2.92.0->docling>=2.0.0->-r requirements.txt (line 5)) (26.1.0)
Requirement already satisfied: jsonschema-specifications>=2023.03.6 in ./.venv/lib/python3.11/site-packages (from jsonschema<5.0.0,>=4.16.0->docling-core<3.0.0,>=2.73.0->docling-slim==2.92.0->docling-slim[standard]==2.92.0->docling>=2.0.0->-r requirements.txt (line 5)) (2025.9.1)
Requirement already satisfied: referencing>=0.28.4 in ./.venv/lib/python3.11/site-packages (from jsonschema<5.0.0,>=4.16.0->docling-core<3.0.0,>=2.73.0->docling-slim==2.92.0->docling-slim[standard]==2.92.0->docling>=2.0.0->-r requirements.txt (line 5)) (0.37.0)
Requirement already satisfied: rpds-py>=0.25.0 in ./.venv/lib/python3.11/site-packages (from jsonschema<5.0.0,>=4.16.0->docling-core<3.0.0,>=2.73.0->docling-slim==2.92.0->docling-slim[standard]==2.92.0->docling>=2.0.0->-r requirements.txt (line 5)) (0.30.0)
Requirement already satisfied: et-xmlfile in ./.venv/lib/python3.11/site-packages (from openpyxl<4.0.0,>=3.1.5->docling-slim[standard]==2.92.0->docling>=2.0.0->-r requirements.txt (line 5)) (2.0.0)
Requirement already satisfied: annotated-types>=0.6.0 in ./.venv/lib/python3.11/site-packages (from pydantic<3.0.0,>=2.0.0->docling-slim==2.92.0->docling-slim[standard]==2.92.0->docling>=2.0.0->-r requirements.txt (line 5)) (0.7.0)
Requirement already satisfied: pydantic-core==2.46.3 in ./.venv/lib/python3.11/site-packages (from pydantic<3.0.0,>=2.0.0->docling-slim==2.92.0->docling-slim[standard]==2.92.0->docling>=2.0.0->-r requirements.txt (line 5)) (2.46.3)
Requirement already satisfied: typing-inspection>=0.4.2 in ./.venv/lib/python3.11/site-packages (from pydantic<3.0.0,>=2.0.0->docling-slim==2.92.0->docling-slim[standard]==2.92.0->docling>=2.0.0->-r requirements.txt (line 5)) (0.4.2)
Requirement already satisfied: XlsxWriter>=0.5.7 in ./.venv/lib/python3.11/site-packages (from python-pptx<2.0.0,>=1.0.2->docling-slim[standard]==2.92.0->docling>=2.0.0->-r requirements.txt (line 5)) (3.2.9)
Requirement already satisfied: pyclipper>=1.2.0 in ./.venv/lib/python3.11/site-packages (from rapidocr<4.0.0,>=3.8->docling-slim[standard]==2.92.0->docling>=2.0.0->-r requirements.txt (line 5)) (1.4.0)
Requirement already satisfied: opencv_python>=4.5.1.48 in ./.venv/lib/python3.11/site-packages (from rapidocr<4.0.0,>=3.8->docling-slim[standard]==2.92.0->docling>=2.0.0->-r requirements.txt (line 5)) (4.13.0.92)
Requirement already satisfied: six>=1.15.0 in ./.venv/lib/python3.11/site-packages (from rapidocr<4.0.0,>=3.8->docling-slim[standard]==2.92.0->docling>=2.0.0->-r requirements.txt (line 5)) (1.17.0)
Requirement already satisfied: Shapely!=2.0.4,>=1.7.1 in ./.venv/lib/python3.11/site-packages (from rapidocr<4.0.0,>=3.8->docling-slim[standard]==2.92.0->docling>=2.0.0->-r requirements.txt (line 5)) (2.1.2)
Requirement already satisfied: omegaconf in ./.venv/lib/python3.11/site-packages (from rapidocr<4.0.0,>=3.8->docling-slim[standard]==2.92.0->docling>=2.0.0->-r requirements.txt (line 5)) (2.3.0)
Requirement already satisfied: colorlog in ./.venv/lib/python3.11/site-packages (from rapidocr<4.0.0,>=3.8->docling-slim[standard]==2.92.0->docling>=2.0.0->-r requirements.txt (line 5)) (6.10.1)
Requirement already satisfied: mpire[dill] in ./.venv/lib/python3.11/site-packages (from semchunk<4.0.0,>=2.2.0->docling-core[chunking]<3.0.0,>=2.73.0; extra == "standard"->docling-slim[standard]==2.92.0->docling>=2.0.0->-r requirements.txt (line 5)) (2.10.2)
Requirement already satisfied: click>=8.0.0 in ./.venv/lib/python3.11/site-packages (from typer<0.22.0,>=0.12.5->docling-slim[standard]==2.92.0->docling>=2.0.0->-r requirements.txt (line 5)) (8.3.3)
Requirement already satisfied: annotated-doc>=0.0.2 in ./.venv/lib/python3.11/site-packages (from typer<0.22.0,>=0.12.5->docling-slim[standard]==2.92.0->docling>=2.0.0->-r requirements.txt (line 5)) (0.0.4)
Requirement already satisfied: shellingham>=1.3.0 in ./.venv/lib/python3.11/site-packages (from typer<0.22.0,>=0.12.5->docling-slim[standard]==2.92.0->docling>=2.0.0->-r requirements.txt (line 5)) (1.5.4)
Requirement already satisfied: scikit-learn>=0.22.0 in ./.venv/lib/python3.11/site-packages (from sentence-transformers>=2.7.0->-r requirements.txt (line 13)) (1.8.0)
Requirement already satisfied: altair!=5.4.0,!=5.4.1,<7,>=4.0 in ./.venv/lib/python3.11/site-packages (from streamlit>=1.34.0->-r requirements.txt (line 26)) (6.1.0)
Requirement already satisfied: blinker<2,>=1.5.0 in ./.venv/lib/python3.11/site-packages (from streamlit>=1.34.0->-r requirements.txt (line 26)) (1.9.0)
Requirement already satisfied: cachetools<8,>=5.5 in ./.venv/lib/python3.11/site-packages (from streamlit>=1.34.0->-r requirements.txt (line 26)) (7.1.1)
Requirement already satisfied: gitpython!=3.1.19,<4,>=3.0.7 in ./.venv/lib/python3.11/site-packages (from streamlit>=1.34.0->-r requirements.txt (line 26)) (3.1.49)
Requirement already satisfied: pydeck<1,>=0.8.0b4 in ./.venv/lib/python3.11/site-packages (from streamlit>=1.34.0->-r requirements.txt (line 26)) (0.9.2)
Requirement already satisfied: protobuf<8,>=3.20 in ./.venv/lib/python3.11/site-packages (from streamlit>=1.34.0->-r requirements.txt (line 26)) (7.34.1)
Requirement already satisfied: pyarrow>=7.0 in ./.venv/lib/python3.11/site-packages (from streamlit>=1.34.0->-r requirements.txt (line 26)) (24.0.0)
Requirement already satisfied: tenacity<10,>=8.1.0 in ./.venv/lib/python3.11/site-packages (from streamlit>=1.34.0->-r requirements.txt (line 26)) (9.1.4)
Requirement already satisfied: toml<2,>=0.10.1 in ./.venv/lib/python3.11/site-packages (from streamlit>=1.34.0->-r requirements.txt (line 26)) (0.10.2)
Requirement already satisfied: starlette>=0.40.0 in ./.venv/lib/python3.11/site-packages (from streamlit>=1.34.0->-r requirements.txt (line 26)) (1.0.0)
Requirement already satisfied: uvicorn>=0.30.0 in ./.venv/lib/python3.11/site-packages (from streamlit>=1.34.0->-r requirements.txt (line 26)) (0.46.0)
Requirement already satisfied: httptools>=0.6.3 in ./.venv/lib/python3.11/site-packages (from streamlit>=1.34.0->-r requirements.txt (line 26)) (0.7.1)
Requirement already satisfied: python-multipart>=0.0.10 in ./.venv/lib/python3.11/site-packages (from streamlit>=1.34.0->-r requirements.txt (line 26)) (0.0.27)
Requirement already satisfied: itsdangerous>=2.1.2 in ./.venv/lib/python3.11/site-packages (from streamlit>=1.34.0->-r requirements.txt (line 26)) (2.2.0)
Requirement already satisfied: watchdog<7,>=2.1.5 in ./.venv/lib/python3.11/site-packages (from streamlit>=1.34.0->-r requirements.txt (line 26)) (6.0.0)
Requirement already satisfied: narwhals>=2.4.0 in ./.venv/lib/python3.11/site-packages (from altair!=5.4.0,!=5.4.1,<7,>=4.0->streamlit>=1.34.0->-r requirements.txt (line 26)) (2.20.0)
Requirement already satisfied: gitdb<5,>=4.0.1 in ./.venv/lib/python3.11/site-packages (from gitpython!=3.1.19,<4,>=3.0.7->streamlit>=1.34.0->-r requirements.txt (line 26)) (4.0.12)
Requirement already satisfied: smmap<6,>=3.0.1 in ./.venv/lib/python3.11/site-packages (from gitdb<5,>=4.0.1->gitpython!=3.1.19,<4,>=3.0.7->streamlit>=1.34.0->-r requirements.txt (line 26)) (5.0.3)
Requirement already satisfied: notebook in ./.venv/lib/python3.11/site-packages (from jupyter>=1.0.0->-r requirements.txt (line 27)) (7.5.6)
Requirement already satisfied: jupyter-console in ./.venv/lib/python3.11/site-packages (from jupyter>=1.0.0->-r requirements.txt (line 27)) (6.6.3)
Requirement already satisfied: nbconvert in ./.venv/lib/python3.11/site-packages (from jupyter>=1.0.0->-r requirements.txt (line 27)) (7.17.1)
Requirement already satisfied: ipykernel in ./.venv/lib/python3.11/site-packages (from jupyter>=1.0.0->-r requirements.txt (line 27)) (7.2.0)
Requirement already satisfied: ipywidgets in ./.venv/lib/python3.11/site-packages (from jupyter>=1.0.0->-r requirements.txt (line 27)) (8.1.8)
Requirement already satisfied: jupyterlab in ./.venv/lib/python3.11/site-packages (from jupyter>=1.0.0->-r requirements.txt (line 27)) (4.5.7)
Requirement already satisfied: contourpy>=1.0.1 in ./.venv/lib/python3.11/site-packages (from matplotlib>=3.8.0->-r requirements.txt (line 28)) (1.3.3)
Requirement already satisfied: cycler>=0.10 in ./.venv/lib/python3.11/site-packages (from matplotlib>=3.8.0->-r requirements.txt (line 28)) (0.12.1)
Requirement already satisfied: fonttools>=4.22.0 in ./.venv/lib/python3.11/site-packages (from matplotlib>=3.8.0->-r requirements.txt (line 28)) (4.62.1)
Requirement already satisfied: kiwisolver>=1.3.1 in ./.venv/lib/python3.11/site-packages (from matplotlib>=3.8.0->-r requirements.txt (line 28)) (1.5.0)
Requirement already satisfied: pyparsing>=3 in ./.venv/lib/python3.11/site-packages (from matplotlib>=3.8.0->-r requirements.txt (line 28)) (3.3.2)
Requirement already satisfied: MarkupSafe>=2.0 in ./.venv/lib/python3.11/site-packages (from jinja2->torch->-r requirements.txt (line 12)) (3.0.3)
Requirement already satisfied: faker>=5.0.0 in ./.venv/lib/python3.11/site-packages (from polyfactory>=2.22.2->docling-slim[standard]==2.92.0->docling>=2.0.0->-r requirements.txt (line 5)) (40.15.0)
Requirement already satisfied: markdown-it-py>=2.2.0 in ./.venv/lib/python3.11/site-packages (from rich>=13.0.0->docling-slim[standard]==2.92.0->docling>=2.0.0->-r requirements.txt (line 5)) (4.0.0)
Requirement already satisfied: pygments<3.0.0,>=2.13.0 in ./.venv/lib/python3.11/site-packages (from rich>=13.0.0->docling-slim[standard]==2.92.0->docling>=2.0.0->-r requirements.txt (line 5)) (2.20.0)
Requirement already satisfied: mdurl~=0.1 in ./.venv/lib/python3.11/site-packages (from markdown-it-py>=2.2.0->rich>=13.0.0->docling-slim[standard]==2.92.0->docling>=2.0.0->-r requirements.txt (line 5)) (0.1.2)
Requirement already satisfied: joblib>=1.3.0 in ./.venv/lib/python3.11/site-packages (from scikit-learn>=0.22.0->sentence-transformers>=2.7.0->-r requirements.txt (line 13)) (1.5.3)
Requirement already satisfied: threadpoolctl>=3.2.0 in ./.venv/lib/python3.11/site-packages (from scikit-learn>=0.22.0->sentence-transformers>=2.7.0->-r requirements.txt (line 13)) (3.6.0)
Requirement already satisfied: comm>=0.1.1 in ./.venv/lib/python3.11/site-packages (from ipykernel->jupyter>=1.0.0->-r requirements.txt (line 27)) (0.2.3)
Requirement already satisfied: debugpy>=1.6.5 in ./.venv/lib/python3.11/site-packages (from ipykernel->jupyter>=1.0.0->-r requirements.txt (line 27)) (1.8.20)
Requirement already satisfied: ipython>=7.23.1 in ./.venv/lib/python3.11/site-packages (from ipykernel->jupyter>=1.0.0->-r requirements.txt (line 27)) (9.13.0)
Requirement already satisfied: jupyter-client>=8.8.0 in ./.venv/lib/python3.11/site-packages (from ipykernel->jupyter>=1.0.0->-r requirements.txt (line 27)) (8.8.0)
Requirement already satisfied: jupyter-core!=6.0.*,>=5.1 in ./.venv/lib/python3.11/site-packages (from ipykernel->jupyter>=1.0.0->-r requirements.txt (line 27)) (5.9.1)
Requirement already satisfied: matplotlib-inline>=0.1 in ./.venv/lib/python3.11/site-packages (from ipykernel->jupyter>=1.0.0->-r requirements.txt (line 27)) (0.2.1)
Requirement already satisfied: nest-asyncio>=1.4 in ./.venv/lib/python3.11/site-packages (from ipykernel->jupyter>=1.0.0->-r requirements.txt (line 27)) (1.6.0)
Requirement already satisfied: pyzmq>=25 in ./.venv/lib/python3.11/site-packages (from ipykernel->jupyter>=1.0.0->-r requirements.txt (line 27)) (27.1.0)
Requirement already satisfied: tornado>=6.4.1 in ./.venv/lib/python3.11/site-packages (from ipykernel->jupyter>=1.0.0->-r requirements.txt (line 27)) (6.5.5)
Requirement already satisfied: traitlets>=5.4.0 in ./.venv/lib/python3.11/site-packages (from ipykernel->jupyter>=1.0.0->-r requirements.txt (line 27)) (5.14.3)
Requirement already satisfied: decorator>=5.1.0 in ./.venv/lib/python3.11/site-packages (from ipython>=7.23.1->ipykernel->jupyter>=1.0.0->-r requirements.txt (line 27)) (5.2.1)
Requirement already satisfied: ipython-pygments-lexers>=1.0.0 in ./.venv/lib/python3.11/site-packages (from ipython>=7.23.1->ipykernel->jupyter>=1.0.0->-r requirements.txt (line 27)) (1.1.1)
Requirement already satisfied: jedi>=0.18.2 in ./.venv/lib/python3.11/site-packages (from ipython>=7.23.1->ipykernel->jupyter>=1.0.0->-r requirements.txt (line 27)) (0.20.0)
Requirement already satisfied: pexpect>4.6 in ./.venv/lib/python3.11/site-packages (from ipython>=7.23.1->ipykernel->jupyter>=1.0.0->-r requirements.txt (line 27)) (4.9.0)
Requirement already satisfied: prompt_toolkit<3.1.0,>=3.0.41 in ./.venv/lib/python3.11/site-packages (from ipython>=7.23.1->ipykernel->jupyter>=1.0.0->-r requirements.txt (line 27)) (3.0.52)
Requirement already satisfied: stack_data>=0.6.0 in ./.venv/lib/python3.11/site-packages (from ipython>=7.23.1->ipykernel->jupyter>=1.0.0->-r requirements.txt (line 27)) (0.6.3)
Requirement already satisfied: wcwidth in ./.venv/lib/python3.11/site-packages (from prompt_toolkit<3.1.0,>=3.0.41->ipython>=7.23.1->ipykernel->jupyter>=1.0.0->-r requirements.txt (line 27)) (0.7.0)
Requirement already satisfied: parso<0.9.0,>=0.8.6 in ./.venv/lib/python3.11/site-packages (from jedi>=0.18.2->ipython>=7.23.1->ipykernel->jupyter>=1.0.0->-r requirements.txt (line 27)) (0.8.7)
Requirement already satisfied: platformdirs>=2.5 in ./.venv/lib/python3.11/site-packages (from jupyter-core!=6.0.*,>=5.1->ipykernel->jupyter>=1.0.0->-r requirements.txt (line 27)) (4.9.6)
Requirement already satisfied: ptyprocess>=0.5 in ./.venv/lib/python3.11/site-packages (from pexpect>4.6->ipython>=7.23.1->ipykernel->jupyter>=1.0.0->-r requirements.txt (line 27)) (0.7.0)
Requirement already satisfied: executing>=1.2.0 in ./.venv/lib/python3.11/site-packages (from stack_data>=0.6.0->ipython>=7.23.1->ipykernel->jupyter>=1.0.0->-r requirements.txt (line 27)) (2.2.1)
Requirement already satisfied: asttokens>=2.1.0 in ./.venv/lib/python3.11/site-packages (from stack_data>=0.6.0->ipython>=7.23.1->ipykernel->jupyter>=1.0.0->-r requirements.txt (line 27)) (3.0.1)
Requirement already satisfied: pure-eval in ./.venv/lib/python3.11/site-packages (from stack_data>=0.6.0->ipython>=7.23.1->ipykernel->jupyter>=1.0.0->-r requirements.txt (line 27)) (0.2.3)
Requirement already satisfied: widgetsnbextension~=4.0.14 in ./.venv/lib/python3.11/site-packages (from ipywidgets->jupyter>=1.0.0->-r requirements.txt (line 27)) (4.0.15)
Requirement already satisfied: jupyterlab_widgets~=3.0.15 in ./.venv/lib/python3.11/site-packages (from ipywidgets->jupyter>=1.0.0->-r requirements.txt (line 27)) (3.0.16)
Requirement already satisfied: async-lru>=1.0.0 in ./.venv/lib/python3.11/site-packages (from jupyterlab->jupyter>=1.0.0->-r requirements.txt (line 27)) (2.3.0)
Requirement already satisfied: jupyter-lsp>=2.0.0 in ./.venv/lib/python3.11/site-packages (from jupyterlab->jupyter>=1.0.0->-r requirements.txt (line 27)) (2.3.1)
Requirement already satisfied: jupyter-server<3,>=2.4.0 in ./.venv/lib/python3.11/site-packages (from jupyterlab->jupyter>=1.0.0->-r requirements.txt (line 27)) (2.18.1)
Requirement already satisfied: jupyterlab-server<3,>=2.28.0 in ./.venv/lib/python3.11/site-packages (from jupyterlab->jupyter>=1.0.0->-r requirements.txt (line 27)) (2.28.0)
Requirement already satisfied: notebook-shim>=0.2 in ./.venv/lib/python3.11/site-packages (from jupyterlab->jupyter>=1.0.0->-r requirements.txt (line 27)) (0.2.4)
Requirement already satisfied: setuptools>=41.1.0 in ./.venv/lib/python3.11/site-packages (from jupyterlab->jupyter>=1.0.0->-r requirements.txt (line 27)) (65.5.0)
Requirement already satisfied: argon2-cffi>=21.1 in ./.venv/lib/python3.11/site-packages (from jupyter-server<3,>=2.4.0->jupyterlab->jupyter>=1.0.0->-r requirements.txt (line 27)) (25.1.0)
Requirement already satisfied: jupyter-events>=0.11.0 in ./.venv/lib/python3.11/site-packages (from jupyter-server<3,>=2.4.0->jupyterlab->jupyter>=1.0.0->-r requirements.txt (line 27)) (0.12.1)
Requirement already satisfied: jupyter-server-terminals>=0.4.4 in ./.venv/lib/python3.11/site-packages (from jupyter-server<3,>=2.4.0->jupyterlab->jupyter>=1.0.0->-r requirements.txt (line 27)) (0.5.4)
Requirement already satisfied: nbformat>=5.3.0 in ./.venv/lib/python3.11/site-packages (from jupyter-server<3,>=2.4.0->jupyterlab->jupyter>=1.0.0->-r requirements.txt (line 27)) (5.10.4)
Requirement already satisfied: overrides>=5.0 in ./.venv/lib/python3.11/site-packages (from jupyter-server<3,>=2.4.0->jupyterlab->jupyter>=1.0.0->-r requirements.txt (line 27)) (7.7.0)
Requirement already satisfied: prometheus-client>=0.9 in ./.venv/lib/python3.11/site-packages (from jupyter-server<3,>=2.4.0->jupyterlab->jupyter>=1.0.0->-r requirements.txt (line 27)) (0.25.0)
Requirement already satisfied: send2trash>=1.8.2 in ./.venv/lib/python3.11/site-packages (from jupyter-server<3,>=2.4.0->jupyterlab->jupyter>=1.0.0->-r requirements.txt (line 27)) (2.1.0)
Requirement already satisfied: terminado>=0.8.3 in ./.venv/lib/python3.11/site-packages (from jupyter-server<3,>=2.4.0->jupyterlab->jupyter>=1.0.0->-r requirements.txt (line 27)) (0.18.1)
Requirement already satisfied: websocket-client>=1.7 in ./.venv/lib/python3.11/site-packages (from jupyter-server<3,>=2.4.0->jupyterlab->jupyter>=1.0.0->-r requirements.txt (line 27)) (1.9.0)
Requirement already satisfied: babel>=2.10 in ./.venv/lib/python3.11/site-packages (from jupyterlab-server<3,>=2.28.0->jupyterlab->jupyter>=1.0.0->-r requirements.txt (line 27)) (2.18.0)
Requirement already satisfied: json5>=0.9.0 in ./.venv/lib/python3.11/site-packages (from jupyterlab-server<3,>=2.28.0->jupyterlab->jupyter>=1.0.0->-r requirements.txt (line 27)) (0.14.0)
Requirement already satisfied: argon2-cffi-bindings in ./.venv/lib/python3.11/site-packages (from argon2-cffi>=21.1->jupyter-server<3,>=2.4.0->jupyterlab->jupyter>=1.0.0->-r requirements.txt (line 27)) (25.1.0)
Requirement already satisfied: python-json-logger>=2.0.4 in ./.venv/lib/python3.11/site-packages (from jupyter-events>=0.11.0->jupyter-server<3,>=2.4.0->jupyterlab->jupyter>=1.0.0->-r requirements.txt (line 27)) (4.1.0)
Requirement already satisfied: rfc3339-validator in ./.venv/lib/python3.11/site-packages (from jupyter-events>=0.11.0->jupyter-server<3,>=2.4.0->jupyterlab->jupyter>=1.0.0->-r requirements.txt (line 27)) (0.1.4)
Requirement already satisfied: rfc3986-validator>=0.1.1 in ./.venv/lib/python3.11/site-packages (from jupyter-events>=0.11.0->jupyter-server<3,>=2.4.0->jupyterlab->jupyter>=1.0.0->-r requirements.txt (line 27)) (0.1.1)
Requirement already satisfied: fqdn in ./.venv/lib/python3.11/site-packages (from jsonschema[format-nongpl]>=4.18.0->jupyter-events>=0.11.0->jupyter-server<3,>=2.4.0->jupyterlab->jupyter>=1.0.0->-r requirements.txt (line 27)) (1.5.1)
Requirement already satisfied: isoduration in ./.venv/lib/python3.11/site-packages (from jsonschema[format-nongpl]>=4.18.0->jupyter-events>=0.11.0->jupyter-server<3,>=2.4.0->jupyterlab->jupyter>=1.0.0->-r requirements.txt (line 27)) (20.11.0)
Requirement already satisfied: jsonpointer>1.13 in ./.venv/lib/python3.11/site-packages (from jsonschema[format-nongpl]>=4.18.0->jupyter-events>=0.11.0->jupyter-server<3,>=2.4.0->jupyterlab->jupyter>=1.0.0->-r requirements.txt (line 27)) (3.1.1)
Requirement already satisfied: rfc3987-syntax>=1.1.0 in ./.venv/lib/python3.11/site-packages (from jsonschema[format-nongpl]>=4.18.0->jupyter-events>=0.11.0->jupyter-server<3,>=2.4.0->jupyterlab->jupyter>=1.0.0->-r requirements.txt (line 27)) (1.1.0)
Requirement already satisfied: uri-template in ./.venv/lib/python3.11/site-packages (from jsonschema[format-nongpl]>=4.18.0->jupyter-events>=0.11.0->jupyter-server<3,>=2.4.0->jupyterlab->jupyter>=1.0.0->-r requirements.txt (line 27)) (1.3.0)
Requirement already satisfied: webcolors>=24.6.0 in ./.venv/lib/python3.11/site-packages (from jsonschema[format-nongpl]>=4.18.0->jupyter-events>=0.11.0->jupyter-server<3,>=2.4.0->jupyterlab->jupyter>=1.0.0->-r requirements.txt (line 27)) (25.10.0)
Requirement already satisfied: bleach!=5.0.0 in ./.venv/lib/python3.11/site-packages (from bleach[css]!=5.0.0->nbconvert->jupyter>=1.0.0->-r requirements.txt (line 27)) (6.3.0)
Requirement already satisfied: jupyterlab-pygments in ./.venv/lib/python3.11/site-packages (from nbconvert->jupyter>=1.0.0->-r requirements.txt (line 27)) (0.3.0)
Requirement already satisfied: mistune<4,>=2.0.3 in ./.venv/lib/python3.11/site-packages (from nbconvert->jupyter>=1.0.0->-r requirements.txt (line 27)) (3.2.1)
Requirement already satisfied: nbclient>=0.5.0 in ./.venv/lib/python3.11/site-packages (from nbconvert->jupyter>=1.0.0->-r requirements.txt (line 27)) (0.10.4)
Requirement already satisfied: pandocfilters>=1.4.1 in ./.venv/lib/python3.11/site-packages (from nbconvert->jupyter>=1.0.0->-r requirements.txt (line 27)) (1.5.1)
Requirement already satisfied: webencodings in ./.venv/lib/python3.11/site-packages (from bleach!=5.0.0->bleach[css]!=5.0.0->nbconvert->jupyter>=1.0.0->-r requirements.txt (line 27)) (0.5.1)
Requirement already satisfied: tinycss2<1.5,>=1.1.0 in ./.venv/lib/python3.11/site-packages (from bleach[css]!=5.0.0->nbconvert->jupyter>=1.0.0->-r requirements.txt (line 27)) (1.4.0)
Requirement already satisfied: fastjsonschema>=2.15 in ./.venv/lib/python3.11/site-packages (from nbformat>=5.3.0->jupyter-server<3,>=2.4.0->jupyterlab->jupyter>=1.0.0->-r requirements.txt (line 27)) (2.21.2)
Requirement already satisfied: lark>=1.2.2 in ./.venv/lib/python3.11/site-packages (from rfc3987-syntax>=1.1.0->jsonschema[format-nongpl]>=4.18.0->jupyter-events>=0.11.0->jupyter-server<3,>=2.4.0->jupyterlab->jupyter>=1.0.0->-r requirements.txt (line 27)) (1.3.1)
Requirement already satisfied: cffi>=1.0.1 in ./.venv/lib/python3.11/site-packages (from argon2-cffi-bindings->argon2-cffi>=21.1->jupyter-server<3,>=2.4.0->jupyterlab->jupyter>=1.0.0->-r requirements.txt (line 27)) (2.0.0)
Requirement already satisfied: pycparser in ./.venv/lib/python3.11/site-packages (from cffi>=1.0.1->argon2-cffi-bindings->argon2-cffi>=21.1->jupyter-server<3,>=2.4.0->jupyterlab->jupyter>=1.0.0->-r requirements.txt (line 27)) (3.0)
Requirement already satisfied: arrow>=0.15.0 in ./.venv/lib/python3.11/site-packages (from isoduration->jsonschema[format-nongpl]>=4.18.0->jupyter-events>=0.11.0->jupyter-server<3,>=2.4.0->jupyterlab->jupyter>=1.0.0->-r requirements.txt (line 27)) (1.4.0)
Requirement already satisfied: tzdata in ./.venv/lib/python3.11/site-packages (from arrow>=0.15.0->isoduration->jsonschema[format-nongpl]>=4.18.0->jupyter-events>=0.11.0->jupyter-server<3,>=2.4.0->jupyterlab->jupyter>=1.0.0->-r requirements.txt (line 27)) (2026.2)
Requirement already satisfied: multiprocess>=0.70.15 in ./.venv/lib/python3.11/site-packages (from mpire[dill]->semchunk<4.0.0,>=2.2.0->docling-core[chunking]<3.0.0,>=2.73.0; extra == "standard"->docling-slim[standard]==2.92.0->docling>=2.0.0->-r requirements.txt (line 5)) (0.70.19)
Requirement already satisfied: dill>=0.4.1 in ./.venv/lib/python3.11/site-packages (from multiprocess>=0.70.15->mpire[dill]->semchunk<4.0.0,>=2.2.0->docling-core[chunking]<3.0.0,>=2.73.0; extra == "standard"->docling-slim[standard]==2.92.0->docling>=2.0.0->-r requirements.txt (line 5)) (0.4.1)
Requirement already satisfied: antlr4-python3-runtime==4.9.* in ./.venv/lib/python3.11/site-packages (from omegaconf->rapidocr<4.0.0,>=3.8->docling-slim[standard]==2.92.0->docling>=2.0.0->-r requirements.txt (line 5)) (4.9.3)
Looking in indexes: https://download.pytorch.org/whl/cu121
Requirement already satisfied: torch==2.5.1 in ./.venv/lib/python3.11/site-packages (2.5.1+cu121)
Requirement already satisfied: filelock in ./.venv/lib/python3.11/site-packages (from torch==2.5.1) (3.29.0)
Requirement already satisfied: typing-extensions>=4.8.0 in ./.venv/lib/python3.11/site-packages (from torch==2.5.1) (4.15.0)
Requirement already satisfied: networkx in ./.venv/lib/python3.11/site-packages (from torch==2.5.1) (3.6.1)
Requirement already satisfied: jinja2 in ./.venv/lib/python3.11/site-packages (from torch==2.5.1) (3.1.6)
Requirement already satisfied: fsspec in ./.venv/lib/python3.11/site-packages (from torch==2.5.1) (2026.4.0)
Requirement already satisfied: nvidia-cuda-nvrtc-cu12==12.1.105 in ./.venv/lib/python3.11/site-packages (from torch==2.5.1) (12.1.105)
Requirement already satisfied: nvidia-cuda-runtime-cu12==12.1.105 in ./.venv/lib/python3.11/site-packages (from torch==2.5.1) (12.1.105)
Requirement already satisfied: nvidia-cuda-cupti-cu12==12.1.105 in ./.venv/lib/python3.11/site-packages (from torch==2.5.1) (12.1.105)
Requirement already satisfied: nvidia-cudnn-cu12==9.1.0.70 in ./.venv/lib/python3.11/site-packages (from torch==2.5.1) (9.1.0.70)
Requirement already satisfied: nvidia-cublas-cu12==12.1.3.1 in ./.venv/lib/python3.11/site-packages (from torch==2.5.1) (12.1.3.1)
Requirement already satisfied: nvidia-cufft-cu12==11.0.2.54 in ./.venv/lib/python3.11/site-packages (from torch==2.5.1) (11.0.2.54)
Requirement already satisfied: nvidia-curand-cu12==10.3.2.106 in ./.venv/lib/python3.11/site-packages (from torch==2.5.1) (10.3.2.106)
Requirement already satisfied: nvidia-cusolver-cu12==11.4.5.107 in ./.venv/lib/python3.11/site-packages (from torch==2.5.1) (11.4.5.107)
Requirement already satisfied: nvidia-cusparse-cu12==12.1.0.106 in ./.venv/lib/python3.11/site-packages (from torch==2.5.1) (12.1.0.106)
Requirement already satisfied: nvidia-nccl-cu12==2.21.5 in ./.venv/lib/python3.11/site-packages (from torch==2.5.1) (2.21.5)
Requirement already satisfied: nvidia-nvtx-cu12==12.1.105 in ./.venv/lib/python3.11/site-packages (from torch==2.5.1) (12.1.105)
Requirement already satisfied: triton==3.1.0 in ./.venv/lib/python3.11/site-packages (from torch==2.5.1) (3.1.0)
Requirement already satisfied: sympy==1.13.1 in ./.venv/lib/python3.11/site-packages (from torch==2.5.1) (1.13.1)
Requirement already satisfied: nvidia-nvjitlink-cu12 in ./.venv/lib/python3.11/site-packages (from nvidia-cusolver-cu12==11.4.5.107->torch==2.5.1) (12.9.86)
Requirement already satisfied: mpmath<1.4,>=1.1.0 in ./.venv/lib/python3.11/site-packages (from sympy==1.13.1->torch==2.5.1) (1.3.0)
Requirement already satisfied: MarkupSafe>=2.0 in ./.venv/lib/python3.11/site-packages (from jinja2->torch==2.5.1) (3.0.3)
=== Evaluating retrieval setting: dense ===
Loaded 61 evaluation questions
Loading index...
[1/61] Kako se prijavim na izpit?... ret_hit=1 weak=0 t=14.60s
[2/61] Koliko krat lahko opravljam izpit?... ret_hit=1 weak=0 t=0.02s
[3/61] Kako se vpišem v višji letnik?... ret_hit=1 weak=0 t=0.01s
[4/61] Kaj je rok za oddajo diplomskega dela?... ret_hit=1 weak=0 t=0.01s
[5/61] Kakšna je šolnina za izredni študij?... ret_hit=1 weak=0 t=0.02s
[6/61] Kako je ime dekanu UL FRI?... ret_hit=0 weak=0 t=0.02s
[7/61] Kje se nahaja učilnica P12?... ret_hit=1 weak=0 t=0.02s
[8/61] Kakšne so odpiralne ure knjižnice UL FRI?... ret_hit=1 weak=0 t=0.02s
[9/61] Kateri statusi študentov obstajajo na UL FRI?... ret_hit=1 weak=0 t=0.02s
[10/61] Kdo uči predmet Programiranje 1?... ret_hit=1 weak=0 t=0.03s
[11/61] Kdo uči predmet Programiranje 2?... ret_hit=1 weak=0 t=0.03s
[12/61] Kakšne so možnosti za štipendije?... ret_hit=0 weak=0 t=0.02s
[13/61] Kateri so dodiplomski študijski programi na UL FRI?... ret_hit=NA weak=0 t=0.02s
[14/61] Kateri so podiplomski študijski programi na UL FRI?... ret_hit=1 weak=0 t=0.02s
[15/61] Kdaj so informativni dnevi na UL FRI?... ret_hit=1 weak=0 t=0.01s
[16/61] Kakšni so roki za vpis na študij na UL FRI?... ret_hit=0 weak=0 t=0.02s
[17/61] Where can I find information about doctoral study at UL FRI?... ret_hit=1 weak=0 t=0.01s
[18/61] What is the Erasmus exchange procedure?... ret_hit=1 weak=0 t=0.01s
[19/61] Kakšna je vremenska napoved v Ljubljani jutri?... ret_hit=NA weak=0 t=0.01s
[20/61] Kako se odjavim od izpita?... ret_hit=1 weak=0 t=0.02s
[21/61] Do kdaj je možna prijava na izpit preko STUDIS?... ret_hit=1 weak=0 t=0.02s
[22/61] Ali lahko grem na izpit, če nisem opravil vaj?... ret_hit=1 weak=0 t=0.01s
[23/61] Kako dobim potrdilo o vpisu (Certificate of Registration)?... ret_hit=1 weak=0 t=0.02s
[24/61] Kje najdem vpisna navodila za višji letnik?... ret_hit=1 weak=0 t=0.01s
[25/61] Koliko kreditnih točk potrebujem za vpis v 2. letnik?... ret_hit=1 weak=0 t=0.01s
[26/61] Kje najdem informacije o magistrskem delu in zagovorih?... ret_hit=1 weak=0 t=0.01s
[27/61] Kakšni so pogoji za ponavljanje 1. letnika?... ret_hit=1 weak=0 t=0.02s
[28/61] Kje je glavni vhod na UL FRI in kaj je v pritličju?... ret_hit=1 weak=0 t=0.01s
[29/61] What is STUDIS and where do I print a Certificate of Registr... ret_hit=1 weak=0 t=0.01s
[30/61] Where can I find information about thesis (diploma) submissi... ret_hit=1 weak=0 t=0.01s
[31/61] Kakšna bo cena bencina v Sloveniji naslednji teden?... ret_hit=NA weak=0 t=0.01s
[32/61] Recept za potico z orehi... ret_hit=NA weak=0 t=0.02s
[33/61] Who won the NBA finals in 2020?... ret_hit=NA weak=0 t=0.01s
[34/61] Kako popravim Windows, če se ne zažene?... ret_hit=NA weak=0 t=0.02s
[35/61] Kako se prijavim na predmet vnaprej (opravljanje predmetov v... ret_hit=1 weak=0 t=0.01s
[36/61] Koliko časa veljajo laboratorijske vaje pri predmetu?... ret_hit=0 weak=0 t=0.01s
[37/61] Kje najdem študijski koledar UL FRI?... ret_hit=1 weak=0 t=0.01s
[38/61] Kako lahko podaljšam status študenta iz upravičenih razlogov... ret_hit=1 weak=0 t=0.01s
[39/61] Kaj pomeni dodatno leto in kdaj ga lahko koristim?... ret_hit=1 weak=0 t=0.01s
[40/61] Kje lahko najdem pravilnike, vloge in cenike UL FRI?... ret_hit=1 weak=0 t=0.01s
[41/61] Kje so objavljeni zagovori diplom in magisterijev?... ret_hit=0 weak=0 t=0.02s
[42/61] Kakšne so uradne ure študentskega referata?... ret_hit=1 weak=0 t=0.01s
[43/61] Kako stopim v stik s študentskim referatom (email/telefon)?... ret_hit=1 weak=0 t=0.02s
[44/61] Kje se nahaja glavni vhod na fakulteto in kaj je v avli?... ret_hit=1 weak=0 t=0.01s
[45/61] Kje je recepcija in kje je fotokopirnica na UL FRI?... ret_hit=1 weak=0 t=0.02s
[46/61] Kje je knjižnica na UL FRI/FKKT in kakšne so uradne ure?... ret_hit=1 weak=0 t=0.02s
[47/61] Kako poteka Erasmus+ izmenjava na UL FRI?... ret_hit=1 weak=0 t=0.02s
[48/61] Katere dokumente potrebujem za Erasmus izmenjavo?... ret_hit=1 weak=0 t=0.03s
[49/61] Kakšni so pogoji za prijavo na mednarodno izmenjavo?... ret_hit=1 weak=0 t=0.02s
[50/61] Kakšni so roki za vpis v 1. letnik dodiplomskega študija?... ret_hit=1 weak=0 t=0.01s
[51/61] Kdaj poteka vpis v višji letnik oziroma dodatno leto?... ret_hit=0 weak=0 t=0.01s
[52/61] Kdaj poteka vpis za ponavljalce?... ret_hit=1 weak=0 t=0.01s
[53/61] Kako oddam prošnjo za vpis v izjemnih primerih?... ret_hit=1 weak=0 t=0.01s
[54/61] What are the office hours of the student office (Študentski ... ret_hit=1 weak=0 t=0.01s
[55/61] Where can I find rules/regulations and forms (pravilniki, vl... ret_hit=1 weak=0 t=0.01s
[56/61] Where can I find information about enrollment (vpis) for 202... ret_hit=1 weak=0 t=0.01s
[57/61] Kdaj je naslednja tekma Olimpije in kakšen bo rezultat?... ret_hit=NA weak=0 t=0.01s
[58/61] Najboljši recept za pico napoletano... ret_hit=NA weak=0 t=0.01s
[59/61] Kako investirati v delnice (osnove)?... ret_hit=NA weak=0 t=0.01s
[60/61] What is the current Bitcoin price?... ret_hit=NA weak=0 t=0.01s
[61/61] Prevedi ta stavek v japonščino... ret_hit=NA weak=0 t=0.01s

==================================================
Model: retrieval-only
Questions: 61 (sl=52, en=9)
Retrieval recall@4: 88.00% (doc_id annotated n=50)
Retrieval precision@4: 47.50%
Retrieval MRR@4: 75.83%
Retrieval nDCG@4: 66.26%
Chunk recall@4: 72.00% (chunk_id annotated n=50)
Chunk precision@4: 23.00%
Chunk MRR@4: 59.67%
Chunk nDCG@4: 44.32%
Retrieval keyword proxy@4: 76.47% (n=51)
Avg retrieval time: 0.25s
Negative questions: 10 | retrieval_weak true: 0/10
==================================================

Detailed results saved to /d/hpc/home/uv5439/ul-fri-nlp-course-project-2025-2026-neznaniletecipredmet/code/data/Test/eval/results_retrieval_only.jsonl
=== Evaluating retrieval setting: hybrid ===
Loaded 61 evaluation questions
Loading index...
[1/61] Kako se prijavim na izpit?... ret_hit=1 weak=0 t=8.93s
[2/61] Koliko krat lahko opravljam izpit?... ret_hit=1 weak=1 t=0.08s
[3/61] Kako se vpišem v višji letnik?... ret_hit=1 weak=0 t=0.08s
[4/61] Kaj je rok za oddajo diplomskega dela?... ret_hit=1 weak=0 t=0.08s
[5/61] Kakšna je šolnina za izredni študij?... ret_hit=1 weak=0 t=0.09s
[6/61] Kako je ime dekanu UL FRI?... ret_hit=0 weak=1 t=0.09s
[7/61] Kje se nahaja učilnica P12?... ret_hit=1 weak=0 t=0.09s
[8/61] Kakšne so odpiralne ure knjižnice UL FRI?... ret_hit=1 weak=1 t=0.09s
[9/61] Kateri statusi študentov obstajajo na UL FRI?... ret_hit=1 weak=1 t=0.09s
[10/61] Kdo uči predmet Programiranje 1?... ret_hit=1 weak=1 t=0.10s
[11/61] Kdo uči predmet Programiranje 2?... ret_hit=1 weak=1 t=0.09s
[12/61] Kakšne so možnosti za štipendije?... ret_hit=1 weak=0 t=0.09s
[13/61] Kateri so dodiplomski študijski programi na UL FRI?... ret_hit=NA weak=1 t=0.09s
[14/61] Kateri so podiplomski študijski programi na UL FRI?... ret_hit=1 weak=1 t=0.09s
[15/61] Kdaj so informativni dnevi na UL FRI?... ret_hit=1 weak=1 t=0.09s
[16/61] Kakšni so roki za vpis na študij na UL FRI?... ret_hit=0 weak=1 t=0.09s
[17/61] Where can I find information about doctoral study at UL FRI?... ret_hit=1 weak=0 t=0.09s
[18/61] What is the Erasmus exchange procedure?... ret_hit=1 weak=1 t=0.09s
[19/61] Kakšna je vremenska napoved v Ljubljani jutri?... ret_hit=NA weak=0 t=0.09s
[20/61] Kako se odjavim od izpita?... ret_hit=1 weak=0 t=0.09s
[21/61] Do kdaj je možna prijava na izpit preko STUDIS?... ret_hit=1 weak=0 t=0.09s
[22/61] Ali lahko grem na izpit, če nisem opravil vaj?... ret_hit=1 weak=0 t=0.09s
[23/61] Kako dobim potrdilo o vpisu (Certificate of Registration)?... ret_hit=1 weak=0 t=0.09s
[24/61] Kje najdem vpisna navodila za višji letnik?... ret_hit=1 weak=0 t=0.09s
[25/61] Koliko kreditnih točk potrebujem za vpis v 2. letnik?... ret_hit=0 weak=1 t=0.09s
[26/61] Kje najdem informacije o magistrskem delu in zagovorih?... ret_hit=1 weak=0 t=0.09s
[27/61] Kakšni so pogoji za ponavljanje 1. letnika?... ret_hit=1 weak=0 t=0.09s
[28/61] Kje je glavni vhod na UL FRI in kaj je v pritličju?... ret_hit=1 weak=0 t=0.09s
[29/61] What is STUDIS and where do I print a Certificate of Registr... ret_hit=1 weak=1 t=0.09s
[30/61] Where can I find information about thesis (diploma) submissi... ret_hit=0 weak=1 t=0.09s
[31/61] Kakšna bo cena bencina v Sloveniji naslednji teden?... ret_hit=NA weak=1 t=0.09s
[32/61] Recept za potico z orehi... ret_hit=NA weak=1 t=0.09s
[33/61] Who won the NBA finals in 2020?... ret_hit=NA weak=1 t=0.08s
[34/61] Kako popravim Windows, če se ne zažene?... ret_hit=NA weak=1 t=0.10s
[35/61] Kako se prijavim na predmet vnaprej (opravljanje predmetov v... ret_hit=1 weak=0 t=0.09s
[36/61] Koliko časa veljajo laboratorijske vaje pri predmetu?... ret_hit=0 weak=0 t=0.09s
[37/61] Kje najdem študijski koledar UL FRI?... ret_hit=1 weak=1 t=0.09s
[38/61] Kako lahko podaljšam status študenta iz upravičenih razlogov... ret_hit=1 weak=0 t=0.09s
[39/61] Kaj pomeni dodatno leto in kdaj ga lahko koristim?... ret_hit=1 weak=0 t=0.09s
[40/61] Kje lahko najdem pravilnike, vloge in cenike UL FRI?... ret_hit=1 weak=1 t=0.09s
[41/61] Kje so objavljeni zagovori diplom in magisterijev?... ret_hit=0 weak=1 t=0.09s
[42/61] Kakšne so uradne ure študentskega referata?... ret_hit=1 weak=0 t=0.09s
[43/61] Kako stopim v stik s študentskim referatom (email/telefon)?... ret_hit=1 weak=0 t=0.09s
[44/61] Kje se nahaja glavni vhod na fakulteto in kaj je v avli?... ret_hit=1 weak=0 t=0.09s
[45/61] Kje je recepcija in kje je fotokopirnica na UL FRI?... ret_hit=1 weak=0 t=0.09s
[46/61] Kje je knjižnica na UL FRI/FKKT in kakšne so uradne ure?... ret_hit=1 weak=0 t=0.09s
[47/61] Kako poteka Erasmus+ izmenjava na UL FRI?... ret_hit=1 weak=0 t=0.09s
[48/61] Katere dokumente potrebujem za Erasmus izmenjavo?... ret_hit=1 weak=1 t=0.11s
[49/61] Kakšni so pogoji za prijavo na mednarodno izmenjavo?... ret_hit=1 weak=0 t=0.10s
[50/61] Kakšni so roki za vpis v 1. letnik dodiplomskega študija?... ret_hit=1 weak=0 t=0.09s
[51/61] Kdaj poteka vpis v višji letnik oziroma dodatno leto?... ret_hit=1 weak=0 t=0.09s
[52/61] Kdaj poteka vpis za ponavljalce?... ret_hit=1 weak=0 t=0.09s
[53/61] Kako oddam prošnjo za vpis v izjemnih primerih?... ret_hit=0 weak=0 t=0.09s
[54/61] What are the office hours of the student office (Študentski ... ret_hit=1 weak=1 t=0.09s
[55/61] Where can I find rules/regulations and forms (pravilniki, vl... ret_hit=1 weak=1 t=0.09s
[56/61] Where can I find information about enrollment (vpis) for 202... ret_hit=1 weak=1 t=0.09s
[57/61] Kdaj je naslednja tekma Olimpije in kakšen bo rezultat?... ret_hit=NA weak=1 t=0.09s
[58/61] Najboljši recept za pico napoletano... ret_hit=NA weak=0 t=0.09s
[59/61] Kako investirati v delnice (osnove)?... ret_hit=NA weak=0 t=0.09s
[60/61] What is the current Bitcoin price?... ret_hit=NA weak=1 t=0.09s
[61/61] Prevedi ta stavek v japonščino... ret_hit=NA weak=1 t=0.09s

==================================================
Model: retrieval-only
Questions: 61 (sl=52, en=9)
Retrieval recall@4: 86.00% (doc_id annotated n=50)
Retrieval precision@4: 43.67%
Retrieval MRR@4: 68.50%
Retrieval nDCG@4: 62.63%
Chunk recall@4: 72.00% (chunk_id annotated n=50)
Chunk precision@4: 23.33%
Chunk MRR@4: 51.50%
Chunk nDCG@4: 40.08%
Retrieval keyword proxy@4: 84.31% (n=51)
Avg retrieval time: 0.23s
Negative questions: 10 | retrieval_weak true: 7/10
==================================================

Detailed results saved to /d/hpc/home/uv5439/ul-fri-nlp-course-project-2025-2026-neznaniletecipredmet/code/data/Test/eval/results_retrieval_only.jsonl
=== Evaluating retrieval setting: dense_rerank ===
Loaded 61 evaluation questions
Loading index...
[1/61] Kako se prijavim na izpit?... ret_hit=1 weak=0 t=22.51s
[2/61] Koliko krat lahko opravljam izpit?... ret_hit=1 weak=0 t=0.11s
[3/61] Kako se vpišem v višji letnik?... ret_hit=1 weak=0 t=0.04s
[4/61] Kaj je rok za oddajo diplomskega dela?... ret_hit=1 weak=0 t=0.06s
[5/61] Kakšna je šolnina za izredni študij?... ret_hit=1 weak=0 t=0.11s
[6/61] Kako je ime dekanu UL FRI?... ret_hit=1 weak=0 t=0.06s
[7/61] Kje se nahaja učilnica P12?... ret_hit=1 weak=0 t=0.07s
[8/61] Kakšne so odpiralne ure knjižnice UL FRI?... ret_hit=1 weak=0 t=0.10s
[9/61] Kateri statusi študentov obstajajo na UL FRI?... ret_hit=1 weak=0 t=0.10s
[10/61] Kdo uči predmet Programiranje 1?... ret_hit=1 weak=0 t=0.08s
[11/61] Kdo uči predmet Programiranje 2?... ret_hit=1 weak=0 t=0.08s
[12/61] Kakšne so možnosti za štipendije?... ret_hit=1 weak=0 t=0.12s
[13/61] Kateri so dodiplomski študijski programi na UL FRI?... ret_hit=NA weak=0 t=0.11s
[14/61] Kateri so podiplomski študijski programi na UL FRI?... ret_hit=1 weak=0 t=0.08s
[15/61] Kdaj so informativni dnevi na UL FRI?... ret_hit=1 weak=0 t=0.10s
[16/61] Kakšni so roki za vpis na študij na UL FRI?... ret_hit=1 weak=0 t=0.10s
[17/61] Where can I find information about doctoral study at UL FRI?... ret_hit=1 weak=0 t=0.06s
[18/61] What is the Erasmus exchange procedure?... ret_hit=1 weak=0 t=0.05s
[19/61] Kakšna je vremenska napoved v Ljubljani jutri?... ret_hit=NA weak=0 t=0.06s
[20/61] Kako se odjavim od izpita?... ret_hit=1 weak=0 t=0.10s
[21/61] Do kdaj je možna prijava na izpit preko STUDIS?... ret_hit=1 weak=0 t=0.10s
[22/61] Ali lahko grem na izpit, če nisem opravil vaj?... ret_hit=1 weak=0 t=0.10s
[23/61] Kako dobim potrdilo o vpisu (Certificate of Registration)?... ret_hit=1 weak=0 t=0.11s
[24/61] Kje najdem vpisna navodila za višji letnik?... ret_hit=1 weak=0 t=0.04s
[25/61] Koliko kreditnih točk potrebujem za vpis v 2. letnik?... ret_hit=1 weak=0 t=0.09s
[26/61] Kje najdem informacije o magistrskem delu in zagovorih?... ret_hit=1 weak=0 t=0.07s
[27/61] Kakšni so pogoji za ponavljanje 1. letnika?... ret_hit=1 weak=0 t=0.07s
[28/61] Kje je glavni vhod na UL FRI in kaj je v pritličju?... ret_hit=1 weak=0 t=0.05s
[29/61] What is STUDIS and where do I print a Certificate of Registr... ret_hit=1 weak=0 t=0.08s
[30/61] Where can I find information about thesis (diploma) submissi... ret_hit=1 weak=0 t=0.03s
[31/61] Kakšna bo cena bencina v Sloveniji naslednji teden?... ret_hit=NA weak=0 t=0.04s
[32/61] Recept za potico z orehi... ret_hit=NA weak=0 t=0.05s
[33/61] Who won the NBA finals in 2020?... ret_hit=NA weak=0 t=0.08s
[34/61] Kako popravim Windows, če se ne zažene?... ret_hit=NA weak=0 t=0.09s
[35/61] Kako se prijavim na predmet vnaprej (opravljanje predmetov v... ret_hit=1 weak=0 t=0.08s
[36/61] Koliko časa veljajo laboratorijske vaje pri predmetu?... ret_hit=1 weak=0 t=0.08s
[37/61] Kje najdem študijski koledar UL FRI?... ret_hit=1 weak=0 t=0.08s
[38/61] Kako lahko podaljšam status študenta iz upravičenih razlogov... ret_hit=1 weak=0 t=0.07s
[39/61] Kaj pomeni dodatno leto in kdaj ga lahko koristim?... ret_hit=1 weak=0 t=0.10s
[40/61] Kje lahko najdem pravilnike, vloge in cenike UL FRI?... ret_hit=1 weak=0 t=0.10s
[41/61] Kje so objavljeni zagovori diplom in magisterijev?... ret_hit=1 weak=0 t=0.05s
[42/61] Kakšne so uradne ure študentskega referata?... ret_hit=1 weak=0 t=0.08s
[43/61] Kako stopim v stik s študentskim referatom (email/telefon)?... ret_hit=1 weak=0 t=0.09s
[44/61] Kje se nahaja glavni vhod na fakulteto in kaj je v avli?... ret_hit=1 weak=0 t=0.08s
[45/61] Kje je recepcija in kje je fotokopirnica na UL FRI?... ret_hit=1 weak=0 t=0.09s
[46/61] Kje je knjižnica na UL FRI/FKKT in kakšne so uradne ure?... ret_hit=1 weak=0 t=0.09s
[47/61] Kako poteka Erasmus+ izmenjava na UL FRI?... ret_hit=1 weak=0 t=0.06s
[48/61] Katere dokumente potrebujem za Erasmus izmenjavo?... ret_hit=1 weak=0 t=0.06s
[49/61] Kakšni so pogoji za prijavo na mednarodno izmenjavo?... ret_hit=1 weak=0 t=0.06s
[50/61] Kakšni so roki za vpis v 1. letnik dodiplomskega študija?... ret_hit=1 weak=0 t=0.08s
[51/61] Kdaj poteka vpis v višji letnik oziroma dodatno leto?... ret_hit=1 weak=0 t=0.05s
[52/61] Kdaj poteka vpis za ponavljalce?... ret_hit=1 weak=0 t=0.07s
[53/61] Kako oddam prošnjo za vpis v izjemnih primerih?... ret_hit=1 weak=0 t=0.09s
[54/61] What are the office hours of the student office (Študentski ... ret_hit=1 weak=0 t=0.08s
[55/61] Where can I find rules/regulations and forms (pravilniki, vl... ret_hit=1 weak=0 t=0.07s
[56/61] Where can I find information about enrollment (vpis) for 202... ret_hit=1 weak=0 t=0.08s
[57/61] Kdaj je naslednja tekma Olimpije in kakšen bo rezultat?... ret_hit=NA weak=0 t=0.09s
[58/61] Najboljši recept za pico napoletano... ret_hit=NA weak=0 t=0.04s
[59/61] Kako investirati v delnice (osnove)?... ret_hit=NA weak=0 t=0.09s
[60/61] What is the current Bitcoin price?... ret_hit=NA weak=0 t=0.09s
[61/61] Prevedi ta stavek v japonščino... ret_hit=NA weak=0 t=0.05s

==================================================
Model: retrieval-only
Questions: 61 (sl=52, en=9)
Retrieval recall@4: 100.00% (doc_id annotated n=50)
Retrieval precision@4: 66.33%
Retrieval MRR@4: 96.67%
Retrieval nDCG@4: 93.41%
Chunk recall@4: 98.00% (chunk_id annotated n=50)
Chunk precision@4: 44.50%
Chunk MRR@4: 93.67%
Chunk nDCG@4: 87.75%
Retrieval keyword proxy@4: 80.39% (n=51)
Avg retrieval time: 0.45s
Negative questions: 10 | retrieval_weak true: 0/10
==================================================

Detailed results saved to /d/hpc/home/uv5439/ul-fri-nlp-course-project-2025-2026-neznaniletecipredmet/code/data/Test/eval/results_retrieval_only.jsonl
=== Evaluating retrieval setting: hybrid_rerank ===
Loaded 61 evaluation questions
Loading index...
[1/61] Kako se prijavim na izpit?... ret_hit=1 weak=0 t=15.42s
[2/61] Koliko krat lahko opravljam izpit?... ret_hit=1 weak=1 t=0.23s
[3/61] Kako se vpišem v višji letnik?... ret_hit=1 weak=0 t=0.16s
[4/61] Kaj je rok za oddajo diplomskega dela?... ret_hit=1 weak=0 t=0.18s
[5/61] Kakšna je šolnina za izredni študij?... ret_hit=1 weak=0 t=0.23s
[6/61] Kako je ime dekanu UL FRI?... ret_hit=1 weak=1 t=0.18s
[7/61] Kje se nahaja učilnica P12?... ret_hit=1 weak=0 t=0.19s
[8/61] Kakšne so odpiralne ure knjižnice UL FRI?... ret_hit=1 weak=1 t=0.23s
[9/61] Kateri statusi študentov obstajajo na UL FRI?... ret_hit=1 weak=1 t=0.22s
[10/61] Kdo uči predmet Programiranje 1?... ret_hit=1 weak=1 t=0.18s
[11/61] Kdo uči predmet Programiranje 2?... ret_hit=1 weak=1 t=0.17s
[12/61] Kakšne so možnosti za štipendije?... ret_hit=1 weak=1 t=0.19s
[13/61] Kateri so dodiplomski študijski programi na UL FRI?... ret_hit=NA weak=1 t=0.18s
[14/61] Kateri so podiplomski študijski programi na UL FRI?... ret_hit=1 weak=1 t=0.15s
[15/61] Kdaj so informativni dnevi na UL FRI?... ret_hit=1 weak=1 t=0.17s
[16/61] Kakšni so roki za vpis na študij na UL FRI?... ret_hit=1 weak=0 t=0.17s
[17/61] Where can I find information about doctoral study at UL FRI?... ret_hit=1 weak=1 t=0.13s
[18/61] What is the Erasmus exchange procedure?... ret_hit=1 weak=1 t=0.13s
[19/61] Kakšna je vremenska napoved v Ljubljani jutri?... ret_hit=NA weak=1 t=0.12s
[20/61] Kako se odjavim od izpita?... ret_hit=1 weak=0 t=0.16s
[21/61] Do kdaj je možna prijava na izpit preko STUDIS?... ret_hit=1 weak=0 t=0.17s
[22/61] Ali lahko grem na izpit, če nisem opravil vaj?... ret_hit=1 weak=0 t=0.16s
[23/61] Kako dobim potrdilo o vpisu (Certificate of Registration)?... ret_hit=1 weak=0 t=0.17s
[24/61] Kje najdem vpisna navodila za višji letnik?... ret_hit=1 weak=0 t=0.11s
[25/61] Koliko kreditnih točk potrebujem za vpis v 2. letnik?... ret_hit=1 weak=0 t=0.16s
[26/61] Kje najdem informacije o magistrskem delu in zagovorih?... ret_hit=1 weak=0 t=0.14s
[27/61] Kakšni so pogoji za ponavljanje 1. letnika?... ret_hit=1 weak=0 t=0.14s
[28/61] Kje je glavni vhod na UL FRI in kaj je v pritličju?... ret_hit=1 weak=0 t=0.13s
[29/61] What is STUDIS and where do I print a Certificate of Registr... ret_hit=1 weak=1 t=0.16s
[30/61] Where can I find information about thesis (diploma) submissi... ret_hit=1 weak=1 t=0.11s
[31/61] Kakšna bo cena bencina v Sloveniji naslednji teden?... ret_hit=NA weak=1 t=0.37s
[32/61] Recept za potico z orehi... ret_hit=NA weak=1 t=0.13s
[33/61] Who won the NBA finals in 2020?... ret_hit=NA weak=1 t=0.16s
[34/61] Kako popravim Windows, če se ne zažene?... ret_hit=NA weak=1 t=0.16s
[35/61] Kako se prijavim na predmet vnaprej (opravljanje predmetov v... ret_hit=1 weak=1 t=0.16s
[36/61] Koliko časa veljajo laboratorijske vaje pri predmetu?... ret_hit=1 weak=0 t=0.16s
[37/61] Kje najdem študijski koledar UL FRI?... ret_hit=1 weak=1 t=0.16s
[38/61] Kako lahko podaljšam status študenta iz upravičenih razlogov... ret_hit=1 weak=0 t=0.14s
[39/61] Kaj pomeni dodatno leto in kdaj ga lahko koristim?... ret_hit=1 weak=0 t=0.16s
[40/61] Kje lahko najdem pravilnike, vloge in cenike UL FRI?... ret_hit=1 weak=1 t=0.16s
[41/61] Kje so objavljeni zagovori diplom in magisterijev?... ret_hit=1 weak=1 t=0.16s
[42/61] Kakšne so uradne ure študentskega referata?... ret_hit=1 weak=0 t=0.16s
[43/61] Kako stopim v stik s študentskim referatom (email/telefon)?... ret_hit=1 weak=1 t=0.17s
[44/61] Kje se nahaja glavni vhod na fakulteto in kaj je v avli?... ret_hit=1 weak=0 t=0.15s
[45/61] Kje je recepcija in kje je fotokopirnica na UL FRI?... ret_hit=1 weak=0 t=0.17s
[46/61] Kje je knjižnica na UL FRI/FKKT in kakšne so uradne ure?... ret_hit=1 weak=0 t=0.17s
[47/61] Kako poteka Erasmus+ izmenjava na UL FRI?... ret_hit=1 weak=0 t=0.13s
[48/61] Katere dokumente potrebujem za Erasmus izmenjavo?... ret_hit=1 weak=1 t=0.14s
[49/61] Kakšni so pogoji za prijavo na mednarodno izmenjavo?... ret_hit=1 weak=0 t=0.21s
[50/61] Kakšni so roki za vpis v 1. letnik dodiplomskega študija?... ret_hit=1 weak=0 t=0.23s
[51/61] Kdaj poteka vpis v višji letnik oziroma dodatno leto?... ret_hit=1 weak=0 t=0.18s
[52/61] Kdaj poteka vpis za ponavljalce?... ret_hit=1 weak=0 t=0.19s
[53/61] Kako oddam prošnjo za vpis v izjemnih primerih?... ret_hit=1 weak=0 t=0.22s
[54/61] What are the office hours of the student office (Študentski ... ret_hit=1 weak=1 t=0.20s
[55/61] Where can I find rules/regulations and forms (pravilniki, vl... ret_hit=1 weak=0 t=0.21s
[56/61] Where can I find information about enrollment (vpis) for 202... ret_hit=1 weak=1 t=0.22s
[57/61] Kdaj je naslednja tekma Olimpije in kakšen bo rezultat?... ret_hit=NA weak=1 t=0.21s
[58/61] Najboljši recept za pico napoletano... ret_hit=NA weak=0 t=0.15s
[59/61] Kako investirati v delnice (osnove)?... ret_hit=NA weak=0 t=0.18s
[60/61] What is the current Bitcoin price?... ret_hit=NA weak=1 t=0.17s
[61/61] Prevedi ta stavek v japonščino... ret_hit=NA weak=1 t=0.12s

==================================================
Model: retrieval-only
Questions: 61 (sl=52, en=9)
Retrieval recall@4: 100.00% (doc_id annotated n=50)
Retrieval precision@4: 66.67%
Retrieval MRR@4: 96.67%
Retrieval nDCG@4: 93.94%
Chunk recall@4: 98.00% (chunk_id annotated n=50)
Chunk precision@4: 45.00%
Chunk MRR@4: 93.67%
Chunk nDCG@4: 88.53%
Retrieval keyword proxy@4: 80.39% (n=51)
Avg retrieval time: 0.42s
Negative questions: 10 | retrieval_weak true: 8/10
==================================================

Detailed results saved to /d/hpc/home/uv5439/ul-fri-nlp-course-project-2025-2026-neznaniletecipredmet/code/data/Test/eval/results_retrieval_only.jsonl
